[2026-01-29 13:38:17,075] root - INFO - ******************** Data Validation log started.********************
[2026-01-29 13:38:17,076] root - INFO - Data Validation Config: DataValidationConfig(clean_data_dir='artifacts\\dataset\\clean_data', current_books_csv='artifacts\\dataset\\ingested_data\\current_books.csv', current_reviews_csv='artifacts\\dataset\\ingested_data\\current_reviews.csv', serialized_objects_dir='artifacts\\serialized_objects')
[2026-01-29 13:38:17,076] root - INFO - ====================Data Validation log started.==================== 
[2026-01-29 13:38:32,705] root - INFO -  Shape of ratings data file: (9741, 8)
[2026-01-29 13:38:32,713] root - INFO -  Shape of books data file: (2487023, 4)
[2026-01-29 13:38:33,267] root - INFO - Current books          ISBN  ...                                              Image
1  0826414346  ...  http://books.google.com/books/content?id=IjvHQ...
2  0826414346  ...  http://books.google.com/books/content?id=IjvHQ...
3  0826414346  ...  http://books.google.com/books/content?id=IjvHQ...
4  0826414346  ...  http://books.google.com/books/content?id=IjvHQ...
5  0826414346  ...  http://books.google.com/books/content?id=IjvHQ...

[5 rows x 8 columns]
[2026-01-29 13:38:33,267] root - INFO - ****************************************
[2026-01-29 13:38:33,275] root - INFO - Current reviews          ISBN  ...                                             review
0  1882931173  ...  This is only for Julie Strain fans. It's a col...
1  0826414346  ...  I don't care much for Dr. Seuss but after read...
2  0826414346  ...  If people become the books they read and if "t...
3  0826414346  ...  Theodore Seuss Geisel (1904-1991), aka &quot;D...
4  0826414346  ...  Philip Nel - Dr. Seuss: American IconThis is b...

[5 rows x 4 columns]
[2026-01-29 13:39:29,367] root - INFO - Saved cleaned data to artifacts\dataset\clean_data
[2026-01-29 13:39:29,393] root - INFO - ====================Data Validation log completed.==================== 


