[2026-01-29 13:41:53,603] tensorflow - Level 1 - Registering Relayout (<function _relayout_gradient at 0x0000026511FD0040>) in gradient.
[2026-01-29 13:41:53,609] tensorflow - Level 1 - Registering RelayoutLike (<function _relayout_grad_gradient at 0x0000026511FD0180>) in gradient.
[2026-01-29 13:41:53,609] tensorflow - Level 1 - Registering CopyToMesh (<function _copy_to_mesh_gradient at 0x0000026511FD0860>) in gradient.
[2026-01-29 13:41:53,610] tensorflow - Level 1 - Registering CopyToMeshGrad (<function _copy_to_mesh_grad_gradient at 0x0000026511FD07C0>) in gradient.
[2026-01-29 13:41:53,641] tensorflow - Level 1 - Registering FakeQuantWithMinMaxArgs (<function _FakeQuantWithMinMaxArgsGradient at 0x0000026512084900>) in gradient.
[2026-01-29 13:41:53,646] tensorflow - Level 1 - Registering FakeQuantWithMinMaxVars (<function _FakeQuantWithMinMaxVarsGradient at 0x0000026512084AE0>) in gradient.
[2026-01-29 13:41:53,646] tensorflow - Level 1 - Registering FakeQuantWithMinMaxVarsPerChannel (<function _FakeQuantWithMinMaxVarsPerChannelGradient at 0x0000026512085080>) in gradient.
[2026-01-29 13:41:53,647] tensorflow - Level 1 - Registering QuantizeAndDequantizeV4 (<function _QuantizeAndDequantizeV4Grad at 0x0000026512085120>) in gradient.
[2026-01-29 13:41:53,647] tensorflow - Level 1 - Registering QuantizeAndDequantizeV4Grad (<function _QuantizeAndDequantizeV4GradGrad at 0x00000265120851C0>) in gradient.
[2026-01-29 13:41:53,720] tensorflow - Level 1 - Registering TensorListConcatLists (None) in gradient.
[2026-01-29 13:41:53,721] tensorflow - Level 1 - Registering TensorListElementShape (None) in gradient.
[2026-01-29 13:41:53,721] tensorflow - Level 1 - Registering TensorListLength (None) in gradient.
[2026-01-29 13:41:53,722] tensorflow - Level 1 - Registering TensorListPushBackBatch (None) in gradient.
[2026-01-29 13:41:53,722] tensorflow - Level 1 - Registering TensorListPushBack (<function _PushBackGrad at 0x0000026512229A80>) in gradient.
[2026-01-29 13:41:53,722] tensorflow - Level 1 - Registering TensorListPopBack (<function _PopBackGrad at 0x0000026512229B20>) in gradient.
[2026-01-29 13:41:53,722] tensorflow - Level 1 - Registering TensorListStack (<function _TensorListStackGrad at 0x0000026512229BC0>) in gradient.
[2026-01-29 13:41:53,723] tensorflow - Level 1 - Registering TensorListConcatV2 (<function _TensorListConcatGrad at 0x0000026512229C60>) in gradient.
[2026-01-29 13:41:53,723] tensorflow - Level 1 - Registering TensorListConcat (<function _TensorListConcatGrad at 0x0000026512229C60>) in gradient.
[2026-01-29 13:41:53,723] tensorflow - Level 1 - Registering TensorListSplit (<function _TensorListSplitGrad at 0x0000026512229D00>) in gradient.
[2026-01-29 13:41:53,723] tensorflow - Level 1 - Registering TensorListFromTensor (<function _TensorListFromTensorGrad at 0x0000026512229DA0>) in gradient.
[2026-01-29 13:41:53,723] tensorflow - Level 1 - Registering TensorListGetItem (<function _TensorListGetItemGrad at 0x0000026512229E40>) in gradient.
[2026-01-29 13:41:53,725] tensorflow - Level 1 - Registering TensorListSetItem (<function _TensorListSetItemGrad at 0x0000026512229EE0>) in gradient.
[2026-01-29 13:41:53,725] tensorflow - Level 1 - Registering TensorListResize (<function _TensorListResizeGrad at 0x0000026512229F80>) in gradient.
[2026-01-29 13:41:53,726] tensorflow - Level 1 - Registering TensorListGather (<function _TensorListGatherGrad at 0x000002651222A020>) in gradient.
[2026-01-29 13:41:53,726] tensorflow - Level 1 - Registering TensorListScatterV2 (<function _TensorListScatterGrad at 0x000002651222A0C0>) in gradient.
[2026-01-29 13:41:53,726] tensorflow - Level 1 - Registering TensorListScatter (<function _TensorListScatterGrad at 0x000002651222A0C0>) in gradient.
[2026-01-29 13:41:53,726] tensorflow - Level 1 - Registering TensorListScatterIntoExistingList (<function _TensorListScatterIntoExistingListGrad at 0x000002651222A160>) in gradient.
[2026-01-29 13:41:53,823] tensorflow - Level 1 - Registering AccumulateNV2 (<function _accumulate_n_grad at 0x00000265123DB380>) in gradient.
[2026-01-29 13:41:53,876] tensorflow - Level 1 - Registering cond_context ((<class 'tensorflow.core.protobuf.control_flow_pb2.CondContextDef'>, <function CondContext.to_proto at 0x00000265124D63E0>, <function CondContext.from_proto at 0x00000265124D6480>)) in proto functions.
[2026-01-29 13:41:53,879] tensorflow - Level 1 - Registering while_context ((<class 'tensorflow.core.protobuf.control_flow_pb2.WhileContextDef'>, <function WhileContext.to_proto at 0x00000265124D7240>, <function WhileContext.from_proto at 0x00000265124D7380>)) in proto functions.
[2026-01-29 13:41:53,880] tensorflow - Level 1 - Registering _identity_resolver (<function _identity_resolver at 0x000002651250D260>) in acd_resource_resolvers.
[2026-01-29 13:41:53,975] tensorflow - Level 1 - Registering Assign (None) in gradient.
[2026-01-29 13:41:53,976] tensorflow - Level 1 - Registering AssignAdd (None) in gradient.
[2026-01-29 13:41:53,976] tensorflow - Level 1 - Registering AssignSub (None) in gradient.
[2026-01-29 13:41:53,977] tensorflow - Level 1 - Registering ScatterAdd (None) in gradient.
[2026-01-29 13:41:53,977] tensorflow - Level 1 - Registering ScatterSub (None) in gradient.
[2026-01-29 13:41:53,977] tensorflow - Level 1 - Registering ScatterMul (None) in gradient.
[2026-01-29 13:41:53,977] tensorflow - Level 1 - Registering ScatterDiv (None) in gradient.
[2026-01-29 13:41:53,978] tensorflow - Level 1 - Registering ScatterNdUpdate (None) in gradient.
[2026-01-29 13:41:53,978] tensorflow - Level 1 - Registering ScatterNdAdd (None) in gradient.
[2026-01-29 13:41:53,978] tensorflow - Level 1 - Registering ScatterNdSub (None) in gradient.
[2026-01-29 13:41:53,978] tensorflow - Level 1 - Registering ScatterNdMul (None) in gradient.
[2026-01-29 13:41:53,979] tensorflow - Level 1 - Registering ScatterNdDiv (None) in gradient.
[2026-01-29 13:41:54,004] tensorflow - Level 1 - Registering ReadVariableOp (<function _ReadGrad at 0x000002651267D120>) in gradient.
[2026-01-29 13:41:54,007] tensorflow - Level 1 - Registering ResourceGather (<function _GatherGrad at 0x000002651267E160>) in gradient.
[2026-01-29 13:41:54,007] tensorflow - Level 1 - Registering Assert (None) in gradient.
[2026-01-29 13:41:54,008] tensorflow - Level 1 - Registering VarIsInitializedOp (None) in gradient.
[2026-01-29 13:41:54,008] tensorflow - Level 1 - Registering VariableShape (None) in gradient.
[2026-01-29 13:41:54,167] tensorflow - Level 1 - Registering RandomStandardNormal (None) in gradient.
[2026-01-29 13:41:54,170] tensorflow - Level 1 - Registering ParameterizedTruncatedNormal (None) in gradient.
[2026-01-29 13:41:54,171] tensorflow - Level 1 - Registering TruncatedNormal (None) in gradient.
[2026-01-29 13:41:54,171] tensorflow - Level 1 - Registering RandomUniform (None) in gradient.
[2026-01-29 13:41:54,172] tensorflow - Level 1 - Registering RandomShuffle (None) in gradient.
[2026-01-29 13:41:54,173] tensorflow - Level 1 - Registering Multinomial (None) in gradient.
[2026-01-29 13:41:54,268] tensorflow - Level 1 - Registering If (<function _IfGrad at 0x000002651285D940>) in gradient.
[2026-01-29 13:41:54,270] tensorflow - Level 1 - Registering StatelessIf (<function _IfGrad at 0x000002651285D940>) in gradient.
[2026-01-29 13:41:54,270] tensorflow - Level 1 - Registering StatelessCase (<function _CaseGrad at 0x000002651285F060>) in gradient.
[2026-01-29 13:41:54,270] tensorflow - Level 1 - Registering Case (<function _CaseGrad at 0x000002651285F060>) in gradient.
[2026-01-29 13:41:54,309] tensorflow - Level 1 - Registering While (<function _WhileGrad at 0x00000265128D5940>) in gradient.
[2026-01-29 13:41:54,311] tensorflow - Level 1 - Registering StatelessWhile (<function _WhileGrad at 0x00000265128D5940>) in gradient.
[2026-01-29 13:41:54,545] tensorflow - Level 1 - Registering EnsureShape (<function _ensure_shape_grad at 0x000002650DB0C220>) in gradient.
[2026-01-29 13:41:54,570] tensorflow - Level 1 - Registering RaggedTensorToSparse (<function _ragged_tensor_to_sparse_gradient at 0x0000026512EC8220>) in gradient.
[2026-01-29 13:41:54,612] tensorflow - Level 1 - Registering Conv2DBackpropInput (<function _Conv2DBackpropInputGrad at 0x0000026512F50AE0>) in gradient.
[2026-01-29 13:41:54,614] tensorflow - Level 1 - Registering Conv2DBackpropFilter (<function _Conv2DBackpropFilterGrad at 0x0000026512F50CC0>) in gradient.
[2026-01-29 13:41:54,614] tensorflow - Level 1 - Registering DepthwiseConv2dNativeBackpropInput (<function _DepthwiseConv2dNativeBackpropInputGrad at 0x0000026512F51300>) in gradient.
[2026-01-29 13:41:54,614] tensorflow - Level 1 - Registering DepthwiseConv2dNativeBackpropFilter (<function _DepthwiseConv2dNativeBackpropFilterGrad at 0x0000026512F51A80>) in gradient.
[2026-01-29 13:41:54,615] tensorflow - Level 1 - Registering Conv3D (<function _Conv3DGrad at 0x0000026512F51B20>) in gradient.
[2026-01-29 13:41:54,615] tensorflow - Level 1 - Registering Conv3DBackpropInputV2 (<function _Conv3DBackpropInputGrad at 0x0000026512F51BC0>) in gradient.
[2026-01-29 13:41:54,615] tensorflow - Level 1 - Registering Conv3DBackpropFilterV2 (<function _Conv3DBackpropFilterGrad at 0x0000026512F51C60>) in gradient.
[2026-01-29 13:41:54,616] tensorflow - Level 1 - Registering AvgPool3D (<function _AvgPool3DGrad at 0x0000026512F51D00>) in gradient.
[2026-01-29 13:41:54,616] tensorflow - Level 1 - Registering AvgPool3DGrad (<function _AvgPool3DGradGrad at 0x0000026512F51DA0>) in gradient.
[2026-01-29 13:41:54,616] tensorflow - Level 1 - Registering MaxPool3D (<function _MaxPool3DGrad at 0x0000026512F51E40>) in gradient.
[2026-01-29 13:41:54,616] tensorflow - Level 1 - Registering MaxPool3DGrad (<function _MaxPool3DGradGrad at 0x0000026512F51EE0>) in gradient.
[2026-01-29 13:41:54,617] tensorflow - Level 1 - Registering MaxPool3DGradGrad (<function _MaxPool3DGradGradGrad at 0x0000026512F51F80>) in gradient.
[2026-01-29 13:41:54,617] tensorflow - Level 1 - Registering Softmax (<function _SoftmaxGrad at 0x0000026512F52020>) in gradient.
[2026-01-29 13:41:54,617] tensorflow - Level 1 - Registering LogSoftmax (<function _LogSoftmaxGrad at 0x0000026512F520C0>) in gradient.
[2026-01-29 13:41:54,618] tensorflow - Level 1 - Registering BiasAdd (<function _BiasAddGrad at 0x0000026512F52160>) in gradient.
[2026-01-29 13:41:54,618] tensorflow - Level 1 - Registering BiasAddGrad (<function _BiasAddGradGrad at 0x0000026512F52200>) in gradient.
[2026-01-29 13:41:54,619] tensorflow - Level 1 - Registering BiasAddV1 (<function _BiasAddGradV1 at 0x0000026512F522A0>) in gradient.
[2026-01-29 13:41:54,619] tensorflow - Level 1 - Registering Relu (<function _ReluGrad at 0x0000026512F52340>) in gradient.
[2026-01-29 13:41:54,619] tensorflow - Level 1 - Registering EluGrad (<function _EluGradGrad at 0x0000026512F523E0>) in gradient.
[2026-01-29 13:41:54,620] tensorflow - Level 1 - Registering SeluGrad (<function _SeluGradGrad at 0x0000026512F52480>) in gradient.
[2026-01-29 13:41:54,620] tensorflow - Level 1 - Registering Relu6 (<function _Relu6Grad at 0x0000026512F52520>) in gradient.
[2026-01-29 13:41:54,621] tensorflow - Level 1 - Registering Relu6Grad (<function _Relu6GradGrad at 0x0000026512F525C0>) in gradient.
[2026-01-29 13:41:54,621] tensorflow - Level 1 - Registering LeakyRelu (<function _LeakyReluGrad at 0x0000026512F52660>) in gradient.
[2026-01-29 13:41:54,622] tensorflow - Level 1 - Registering LeakyReluGrad (<function _LeakyReluGradGrad at 0x0000026512F52700>) in gradient.
[2026-01-29 13:41:54,622] tensorflow - Level 1 - Registering Elu (<function _EluGrad at 0x0000026512F527A0>) in gradient.
[2026-01-29 13:41:54,622] tensorflow - Level 1 - Registering Selu (<function _SeluGrad at 0x0000026512F52840>) in gradient.
[2026-01-29 13:41:54,623] tensorflow - Level 1 - Registering Softplus (<function _SoftplusGrad at 0x0000026512F528E0>) in gradient.
[2026-01-29 13:41:54,623] tensorflow - Level 1 - Registering SoftplusGrad (<function _SoftplusGradGrad at 0x0000026512F52980>) in gradient.
[2026-01-29 13:41:54,623] tensorflow - Level 1 - Registering Softsign (<function _SoftsignGrad at 0x0000026512F52A20>) in gradient.
[2026-01-29 13:41:54,624] tensorflow - Level 1 - Registering ReluGrad (<function _ReluGradGrad at 0x0000026512F52AC0>) in gradient.
[2026-01-29 13:41:54,624] tensorflow - Level 1 - Registering SoftmaxCrossEntropyWithLogits (<function _SoftmaxCrossEntropyWithLogitsGrad at 0x0000026512F52C00>) in gradient.
[2026-01-29 13:41:54,624] tensorflow - Level 1 - Registering SparseSoftmaxCrossEntropyWithLogits (<function _SparseSoftmaxCrossEntropyWithLogitsGrad at 0x0000026512F52CA0>) in gradient.
[2026-01-29 13:41:54,625] tensorflow - Level 1 - Registering Conv2D (<function _Conv2DGrad at 0x0000026512F52D40>) in gradient.
[2026-01-29 13:41:54,625] tensorflow - Level 1 - Registering DepthwiseConv2dNative (<function _DepthwiseConv2dNativeGrad at 0x0000026512F52DE0>) in gradient.
[2026-01-29 13:41:54,626] tensorflow - Level 1 - Registering Dilation2D (<function _Dilation2DGrad at 0x0000026512F52E80>) in gradient.
[2026-01-29 13:41:54,626] tensorflow - Level 1 - Registering LRN (<function _LRNGrad at 0x0000026512F52F20>) in gradient.
[2026-01-29 13:41:54,626] tensorflow - Level 1 - Registering AvgPool (<function _AvgPoolGrad at 0x0000026512F52FC0>) in gradient.
[2026-01-29 13:41:54,627] tensorflow - Level 1 - Registering AvgPoolGrad (<function _AvgPoolGradGrad at 0x0000026512F53060>) in gradient.
[2026-01-29 13:41:54,627] tensorflow - Level 1 - Registering MaxPool (<function _MaxPoolGrad at 0x0000026512F53100>) in gradient.
[2026-01-29 13:41:54,627] tensorflow - Level 1 - Registering MaxPoolV2 (<function _MaxPoolGradV2 at 0x0000026512F531A0>) in gradient.
[2026-01-29 13:41:54,628] tensorflow - Level 1 - Registering MaxPoolWithArgmax (<function _MaxPoolGradWithArgmax at 0x0000026512F53240>) in gradient.
[2026-01-29 13:41:54,628] tensorflow - Level 1 - Registering MaxPoolGrad (<function _MaxPoolGradGrad at 0x0000026512F532E0>) in gradient.
[2026-01-29 13:41:54,628] tensorflow - Level 1 - Registering MaxPoolGradV2 (<function _MaxPoolGradGradV2 at 0x0000026512F53380>) in gradient.
[2026-01-29 13:41:54,629] tensorflow - Level 1 - Registering MaxPoolGradGrad (<function _MaxPoolGradGradGrad at 0x0000026512F53420>) in gradient.
[2026-01-29 13:41:54,629] tensorflow - Level 1 - Registering FractionalMaxPool (<function _FractionalMaxPoolGrad at 0x0000026512F534C0>) in gradient.
[2026-01-29 13:41:54,629] tensorflow - Level 1 - Registering FractionalAvgPool (<function _FractionalAvgPoolGrad at 0x0000026512F53560>) in gradient.
[2026-01-29 13:41:54,630] tensorflow - Level 1 - Registering BatchNormWithGlobalNormalization (<function _BatchNormWithGlobalNormalizationGrad at 0x0000026512F53600>) in gradient.
[2026-01-29 13:41:54,631] tensorflow - Level 1 - Registering FusedBatchNorm (<function _FusedBatchNormGrad at 0x0000026512F53740>) in gradient.
[2026-01-29 13:41:54,631] tensorflow - Level 1 - Registering FusedBatchNormV2 (<function _FusedBatchNormV2Grad at 0x0000026512F537E0>) in gradient.
[2026-01-29 13:41:54,631] tensorflow - Level 1 - Registering FusedBatchNormV3 (<function _FusedBatchNormV3Grad at 0x0000026512F53880>) in gradient.
[2026-01-29 13:41:54,632] tensorflow - Level 1 - Registering L2Loss (<function _L2LossGrad at 0x0000026512F53920>) in gradient.
[2026-01-29 13:41:54,632] tensorflow - Level 1 - Registering TopKV2 (<function _TopKGrad at 0x0000026512F539C0>) in gradient.
[2026-01-29 13:41:54,632] tensorflow - Level 1 - Registering TopK (<function _TopKGrad at 0x0000026512F539C0>) in gradient.
[2026-01-29 13:41:54,633] tensorflow - Level 1 - Registering ApproxTopK (<function _ApproxTopKGradient at 0x0000026512F53A60>) in gradient.
[2026-01-29 13:41:54,633] tensorflow - Level 1 - Registering NthElement (<function _NthElementGrad at 0x0000026512F53B00>) in gradient.
[2026-01-29 13:41:54,633] tensorflow - Level 1 - Registering IsotonicRegression (<function _IsotonicRegressionGrad at 0x0000026512F53C40>) in gradient.
[2026-01-29 13:41:54,656] tensorflow - Level 1 - Registering BitwiseAnd (None) in gradient.
[2026-01-29 13:41:54,658] tensorflow - Level 1 - Registering BitwiseOr (None) in gradient.
[2026-01-29 13:41:54,658] tensorflow - Level 1 - Registering BitwiseXor (None) in gradient.
[2026-01-29 13:41:54,659] tensorflow - Level 1 - Registering Invert (None) in gradient.
[2026-01-29 13:41:54,659] tensorflow - Level 1 - Registering PopulationCount (None) in gradient.
[2026-01-29 13:41:54,659] tensorflow - Level 1 - Registering LeftShift (None) in gradient.
[2026-01-29 13:41:54,660] tensorflow - Level 1 - Registering RightShift (None) in gradient.
[2026-01-29 13:41:54,661] tensorflow - Level 1 - Registering StatelessMultinomial (None) in gradient.
[2026-01-29 13:41:54,663] tensorflow - Level 1 - Registering StatelessRandomBinomial (None) in gradient.
[2026-01-29 13:41:54,664] tensorflow - Level 1 - Registering StatelessRandomNormal (None) in gradient.
[2026-01-29 13:41:54,665] tensorflow - Level 1 - Registering StatelessRandomPoisson (None) in gradient.
[2026-01-29 13:41:54,665] tensorflow - Level 1 - Registering StatelessRandomUniform (None) in gradient.
[2026-01-29 13:41:54,665] tensorflow - Level 1 - Registering StatelessRandomUniformInt (None) in gradient.
[2026-01-29 13:41:54,666] tensorflow - Level 1 - Registering StatelessRandomUniformFullInt (None) in gradient.
[2026-01-29 13:41:54,666] tensorflow - Level 1 - Registering StatelessTruncatedNormal (None) in gradient.
[2026-01-29 13:41:54,666] tensorflow - Level 1 - Registering StatelessRandomNormalV2 (None) in gradient.
[2026-01-29 13:41:54,667] tensorflow - Level 1 - Registering StatelessRandomUniformV2 (None) in gradient.
[2026-01-29 13:41:54,667] tensorflow - Level 1 - Registering StatelessRandomUniformIntV2 (None) in gradient.
[2026-01-29 13:41:54,667] tensorflow - Level 1 - Registering StatelessRandomUniformFullIntV2 (None) in gradient.
[2026-01-29 13:41:54,668] tensorflow - Level 1 - Registering StatelessTruncatedNormalV2 (None) in gradient.
[2026-01-29 13:41:54,668] tensorflow - Level 1 - Registering StatelessRandomShuffle (None) in gradient.
[2026-01-29 13:41:54,668] tensorflow - Level 1 - Registering RandomIndexShuffle (None) in gradient.
[2026-01-29 13:41:54,698] tensorflow - Level 1 - Registering Conv3D,flops (<function _calc_conv3d_flops at 0x000002651301A3E0>) in statistical functions.
[2026-01-29 13:41:54,702] tensorflow - Level 1 - Registering Conv2D,flops (<function _calc_conv_flops at 0x000002651301A5C0>) in statistical functions.
[2026-01-29 13:41:54,702] tensorflow - Level 1 - Registering DepthwiseConv2dNative,flops (<function _calc_depthwise_conv_flops at 0x000002651301AB60>) in statistical functions.
[2026-01-29 13:41:54,702] tensorflow - Level 1 - Registering BiasAdd,flops (<function _calc_bias_add_flops at 0x000002651301AC00>) in statistical functions.
[2026-01-29 13:41:54,710] tensorflow - Level 1 - Registering Dilation2D,flops (<function _calc_dilation2d_flops at 0x00000265130BC720>) in statistical functions.
[2026-01-29 13:41:54,731] tensorflow - Level 1 - Registering CompositeTensorVariantFromComponents (<function _composite_tensor_to_variants_grad at 0x0000026513109760>) in gradient.
[2026-01-29 13:41:54,733] tensorflow - Level 1 - Registering CompositeTensorVariantToComponents (<function _composite_tensor_from_variant_grad at 0x0000026513109800>) in gradient.
[2026-01-29 13:41:54,763] tensorflow - Level 1 - Registering RaggedRange (None) in gradient.
[2026-01-29 13:41:54,778] tensorflow - Level 1 - Registering RaggedFillEmptyRows (<function _ragged_fill_empty_rows_grad at 0x000002651316E700>) in gradient.
[2026-01-29 13:41:54,790] tensorflow - Level 1 - Registering RaggedGather (<function _ragged_gather_grad at 0x00000265131945E0>) in gradient.
[2026-01-29 13:41:54,802] tensorflow - Level 1 - Registering RegexReplace (None) in gradient.
[2026-01-29 13:41:54,804] tensorflow - Level 1 - Registering StringToHashBucket (None) in gradient.
[2026-01-29 13:41:54,804] tensorflow - Level 1 - Registering StringToHashBucketFast (None) in gradient.
[2026-01-29 13:41:54,805] tensorflow - Level 1 - Registering StringToHashBucketStrong (None) in gradient.
[2026-01-29 13:41:54,805] tensorflow - Level 1 - Registering ReduceJoin (None) in gradient.
[2026-01-29 13:41:54,806] tensorflow - Level 1 - Registering StringJoin (None) in gradient.
[2026-01-29 13:41:54,806] tensorflow - Level 1 - Registering StringSplit (None) in gradient.
[2026-01-29 13:41:54,806] tensorflow - Level 1 - Registering AsString (None) in gradient.
[2026-01-29 13:41:54,806] tensorflow - Level 1 - Registering EncodeBase64 (None) in gradient.
[2026-01-29 13:41:54,806] tensorflow - Level 1 - Registering DecodeBase64 (None) in gradient.
[2026-01-29 13:41:54,810] tensorflow - Level 1 - Registering Print (<function _PrintGrad at 0x0000026513197240>) in gradient.
[2026-01-29 13:41:54,816] tensorflow - Level 1 - Registering HistogramSummary (None) in gradient.
[2026-01-29 13:41:54,816] tensorflow - Level 1 - Registering ImageSummary (None) in gradient.
[2026-01-29 13:41:54,816] tensorflow - Level 1 - Registering AudioSummary (None) in gradient.
[2026-01-29 13:41:54,816] tensorflow - Level 1 - Registering AudioSummaryV2 (None) in gradient.
[2026-01-29 13:41:54,816] tensorflow - Level 1 - Registering MergeSummary (None) in gradient.
[2026-01-29 13:41:54,816] tensorflow - Level 1 - Registering ScalarSummary (None) in gradient.
[2026-01-29 13:41:54,816] tensorflow - Level 1 - Registering TensorSummary (None) in gradient.
[2026-01-29 13:41:54,817] tensorflow - Level 1 - Registering TensorSummaryV2 (None) in gradient.
[2026-01-29 13:41:54,817] tensorflow - Level 1 - Registering Timestamp (None) in gradient.
[2026-01-29 13:41:54,926] tensorflow - Level 1 - Registering XlaEinsum (<function _einsum_grad at 0x0000026514272520>) in gradient.
[2026-01-29 13:41:54,941] tensorflow - Level 1 - Registering RaggedTensorToTensor (<function _ragged_tensor_to_tensor_grad at 0x00000265142A3420>) in gradient.
[2026-01-29 13:41:54,942] tensorflow - Level 1 - Registering RaggedTensorFromVariant (<function _ragged_tensor_from_variant_grad at 0x00000265142A36A0>) in gradient.
[2026-01-29 13:41:54,944] tensorflow - Level 1 - Registering RaggedTensorToVariant (<function _ragged_tensor_to_variant_grad at 0x00000265142A3740>) in gradient.
[2026-01-29 13:41:54,948] tensorflow - Level 1 - Registering ClipByValue (<function _clip_by_value_grad at 0x00000265142A3E20>) in gradient.
[2026-01-29 13:41:54,956] tensorflow - Level 1 - Registering DynamicPartition (<function _DynamicPartitionGrads at 0x00000265142C0860>) in gradient.
[2026-01-29 13:41:54,959] tensorflow - Level 1 - Registering ParallelDynamicStitch (<function _DynamicStitchGrads at 0x00000265142C0B80>) in gradient.
[2026-01-29 13:41:54,959] tensorflow - Level 1 - Registering DynamicStitch (<function _DynamicStitchGrads at 0x00000265142C0B80>) in gradient.
[2026-01-29 13:41:54,960] tensorflow - Level 1 - Registering Queue (None) in gradient.
[2026-01-29 13:41:54,960] tensorflow - Level 1 - Registering QueueEnqueue (None) in gradient.
[2026-01-29 13:41:54,961] tensorflow - Level 1 - Registering QueueEnqueueMany (None) in gradient.
[2026-01-29 13:41:54,961] tensorflow - Level 1 - Registering QueueDequeue (None) in gradient.
[2026-01-29 13:41:54,961] tensorflow - Level 1 - Registering QueueDequeueMany (None) in gradient.
[2026-01-29 13:41:54,962] tensorflow - Level 1 - Registering QueueDequeueUpTo (None) in gradient.
[2026-01-29 13:41:54,962] tensorflow - Level 1 - Registering QueueClose (None) in gradient.
[2026-01-29 13:41:54,962] tensorflow - Level 1 - Registering QueueSize (None) in gradient.
[2026-01-29 13:41:54,962] tensorflow - Level 1 - Registering Stack (None) in gradient.
[2026-01-29 13:41:54,962] tensorflow - Level 1 - Registering StackPush (None) in gradient.
[2026-01-29 13:41:54,963] tensorflow - Level 1 - Registering StackPop (None) in gradient.
[2026-01-29 13:41:54,963] tensorflow - Level 1 - Registering StackClose (None) in gradient.
[2026-01-29 13:41:54,963] tensorflow - Level 1 - Registering GetSessionHandle (None) in gradient.
[2026-01-29 13:41:54,963] tensorflow - Level 1 - Registering GetSessionHandleV2 (None) in gradient.
[2026-01-29 13:41:54,964] tensorflow - Level 1 - Registering GetSessionTensor (None) in gradient.
[2026-01-29 13:41:54,964] tensorflow - Level 1 - Registering DeleteSessionTensor (None) in gradient.
[2026-01-29 13:41:55,066] tensorflow - Level 1 - Registering TPUReplicatedInput (None) in gradient.
[2026-01-29 13:41:55,069] tensorflow - Level 1 - Registering AllToAll (<function _all_to_all_grad at 0x0000026514412E80>) in gradient.
[2026-01-29 13:41:55,070] tensorflow - Level 1 - Registering CollectivePermute (<function _collective_permute_grad at 0x0000026514413060>) in gradient.
[2026-01-29 13:41:55,070] tensorflow - Level 1 - Registering CrossReplicaSum (<function _cross_replica_sum_grad at 0x0000026514413100>) in gradient.
[2026-01-29 13:41:55,071] tensorflow - Level 1 - Registering TPUEmbeddingActivations (<function _embedding_activations_grad at 0x00000265144131A0>) in gradient.
[2026-01-29 13:41:55,113] tensorflow - Level 1 - Registering XlaClusterOutput (<function _XlaClusterOutputGrad at 0x00000265144762A0>) in gradient.
[2026-01-29 13:41:55,118] tensorflow - Level 1 - Registering Pack (<function _PackGrad at 0x0000026514476840>) in gradient.
[2026-01-29 13:41:55,120] tensorflow - Level 1 - Registering Unpack (<function _UnpackGrad at 0x0000026514476980>) in gradient.
[2026-01-29 13:41:55,121] tensorflow - Level 1 - Registering Concat (<function _ConcatGrad at 0x0000026514476B60>) in gradient.
[2026-01-29 13:41:55,121] tensorflow - Level 1 - Registering ConcatV2 (<function _ConcatGradV2 at 0x0000026514476C00>) in gradient.
[2026-01-29 13:41:55,121] tensorflow - Level 1 - Registering ConcatOffset (None) in gradient.
[2026-01-29 13:41:55,121] tensorflow - Level 1 - Registering Slice (<function _SliceGrad at 0x0000026514476CA0>) in gradient.
[2026-01-29 13:41:55,121] tensorflow - Level 1 - Registering StridedSlice (<function _StridedSliceGrad at 0x0000026514476E80>) in gradient.
[2026-01-29 13:41:55,122] tensorflow - Level 1 - Registering StridedSliceGrad (<function _StridedSliceGradGrad at 0x0000026514476F20>) in gradient.
[2026-01-29 13:41:55,122] tensorflow - Level 1 - Registering TensorStridedSliceUpdate (<function _TensorStridedSliceUpdateGrad at 0x0000026514476FC0>) in gradient.
[2026-01-29 13:41:55,122] tensorflow - Level 1 - Registering Split (<function _SplitGrad at 0x0000026514477060>) in gradient.
[2026-01-29 13:41:55,122] tensorflow - Level 1 - Registering SplitV (<function _SplitVGrad at 0x0000026514477100>) in gradient.
[2026-01-29 13:41:55,123] tensorflow - Level 1 - Registering Const (None) in gradient.
[2026-01-29 13:41:55,123] tensorflow - Level 1 - Registering Diag (<function _DiagGrad at 0x00000265144771A0>) in gradient.
[2026-01-29 13:41:55,123] tensorflow - Level 1 - Registering DiagPart (<function _DiagPartGrad at 0x0000026514477240>) in gradient.
[2026-01-29 13:41:55,123] tensorflow - Level 1 - Registering MatrixDiag (<function _MatrixDiagGrad at 0x00000265144772E0>) in gradient.
[2026-01-29 13:41:55,124] tensorflow - Level 1 - Registering MatrixDiagV2 (<function _MatrixDiagV2Grad at 0x0000026514477380>) in gradient.
[2026-01-29 13:41:55,124] tensorflow - Level 1 - Registering MatrixDiagV3 (<function _MatrixDiagV3Grad at 0x0000026514477420>) in gradient.
[2026-01-29 13:41:55,124] tensorflow - Level 1 - Registering MatrixDiagPart (<function _MatrixDiagPartGrad at 0x00000265144774C0>) in gradient.
[2026-01-29 13:41:55,124] tensorflow - Level 1 - Registering MatrixDiagPartV2 (<function _MatrixDiagPartV2Grad at 0x0000026514477560>) in gradient.
[2026-01-29 13:41:55,124] tensorflow - Level 1 - Registering MatrixDiagPartV3 (<function _MatrixDiagPartV3Grad at 0x0000026514477600>) in gradient.
[2026-01-29 13:41:55,125] tensorflow - Level 1 - Registering MatrixSetDiag (<function _MatrixSetDiagGrad at 0x00000265144776A0>) in gradient.
[2026-01-29 13:41:55,125] tensorflow - Level 1 - Registering MatrixSetDiagV2 (<function _MatrixSetDiagGradV2 at 0x0000026514477740>) in gradient.
[2026-01-29 13:41:55,125] tensorflow - Level 1 - Registering MatrixSetDiagV3 (<function _MatrixSetDiagGradV3 at 0x00000265144777E0>) in gradient.
[2026-01-29 13:41:55,126] tensorflow - Level 1 - Registering MatrixBandPart (<function _MatrixBandPartGrad at 0x0000026514477880>) in gradient.
[2026-01-29 13:41:55,126] tensorflow - Level 1 - Registering EditDistance (None) in gradient.
[2026-01-29 13:41:55,127] tensorflow - Level 1 - Registering Fill (<function _FillGrad at 0x0000026514477920>) in gradient.
[2026-01-29 13:41:55,127] tensorflow - Level 1 - Registering ZerosLike (None) in gradient.
[2026-01-29 13:41:55,127] tensorflow - Level 1 - Registering OnesLike (None) in gradient.
[2026-01-29 13:41:55,127] tensorflow - Level 1 - Registering PreventGradient (<function _PreventGradientGrad at 0x00000265144779C0>) in gradient.
[2026-01-29 13:41:55,127] tensorflow - Level 1 - Registering Gather (<function _GatherGrad at 0x0000026514477B00>) in gradient.
[2026-01-29 13:41:55,128] tensorflow - Level 1 - Registering GatherV2 (<function _GatherV2Grad at 0x0000026514477CE0>) in gradient.
[2026-01-29 13:41:55,128] tensorflow - Level 1 - Registering GatherNd (<function _GatherNdGrad at 0x0000026514477D80>) in gradient.
[2026-01-29 13:41:55,128] tensorflow - Level 1 - Registering ResourceGatherNd (<function _ResourceGatherNdGrad at 0x0000026514477E20>) in gradient.
[2026-01-29 13:41:55,128] tensorflow - Level 1 - Registering CheckNumerics (<function _CheckNumericsGrad at 0x0000026514477EC0>) in gradient.
[2026-01-29 13:41:55,129] tensorflow - Level 1 - Registering CheckNumericsV2 (<function _CheckNumericsV2Grad at 0x0000026514477F60>) in gradient.
[2026-01-29 13:41:55,129] tensorflow - Level 1 - Registering Identity (<function _IdGrad at 0x00000265144D4040>) in gradient.
[2026-01-29 13:41:55,129] tensorflow - Level 1 - Registering PlaceholderWithDefault (<function _IdGrad at 0x00000265144D4040>) in gradient.
[2026-01-29 13:41:55,130] tensorflow - Level 1 - Registering _EagerConst (<function _EagerConstGrad at 0x00000265144D40E0>) in gradient.
[2026-01-29 13:41:55,130] tensorflow - Level 1 - Registering RefIdentity (<function _RefIdGrad at 0x00000265144D4180>) in gradient.
[2026-01-29 13:41:55,130] tensorflow - Level 1 - Registering IdentityN (<function _IdNGrad at 0x00000265144D4220>) in gradient.
[2026-01-29 13:41:55,130] tensorflow - Level 1 - Registering StopGradient (None) in gradient.
[2026-01-29 13:41:55,130] tensorflow - Level 1 - Registering Reshape (<function _ReshapeGrad at 0x00000265144D42C0>) in gradient.
[2026-01-29 13:41:55,130] tensorflow - Level 1 - Registering InvertPermutation (None) in gradient.
[2026-01-29 13:41:55,130] tensorflow - Level 1 - Registering ExpandDims (<function _ExpandDimsGrad at 0x00000265144D4400>) in gradient.
[2026-01-29 13:41:55,130] tensorflow - Level 1 - Registering Squeeze (<function _SqueezeGrad at 0x00000265144D44A0>) in gradient.
[2026-01-29 13:41:55,130] tensorflow - Level 1 - Registering Transpose (<function _TransposeGrad at 0x00000265144D4540>) in gradient.
[2026-01-29 13:41:55,134] tensorflow - Level 1 - Registering ConjugateTranspose (<function _ConjugateTransposeGrad at 0x00000265144D45E0>) in gradient.
[2026-01-29 13:41:55,134] tensorflow - Level 1 - Registering Shape (None) in gradient.
[2026-01-29 13:41:55,134] tensorflow - Level 1 - Registering ShapeN (None) in gradient.
[2026-01-29 13:41:55,135] tensorflow - Level 1 - Registering Rank (None) in gradient.
[2026-01-29 13:41:55,135] tensorflow - Level 1 - Registering Size (None) in gradient.
[2026-01-29 13:41:55,136] tensorflow - Level 1 - Registering Tile (<function _TileGrad at 0x00000265144D4680>) in gradient.
[2026-01-29 13:41:55,136] tensorflow - Level 1 - Registering BroadcastGradientArgs (None) in gradient.
[2026-01-29 13:41:55,136] tensorflow - Level 1 - Registering Pad (<function _PadGrad at 0x00000265144D4720>) in gradient.
[2026-01-29 13:41:55,136] tensorflow - Level 1 - Registering PadV2 (<function _PadGrad at 0x00000265144D4720>) in gradient.
[2026-01-29 13:41:55,137] tensorflow - Level 1 - Registering ReverseSequence (<function _ReverseSequenceGrad at 0x00000265144D47C0>) in gradient.
[2026-01-29 13:41:55,137] tensorflow - Level 1 - Registering Reverse (<function _ReverseGrad at 0x00000265144D4860>) in gradient.
[2026-01-29 13:41:55,138] tensorflow - Level 1 - Registering ReverseV2 (<function _ReverseV2Grad at 0x00000265144D4900>) in gradient.
[2026-01-29 13:41:55,138] tensorflow - Level 1 - Registering SpaceToBatch (<function _SpaceToBatchGrad at 0x00000265144D49A0>) in gradient.
[2026-01-29 13:41:55,138] tensorflow - Level 1 - Registering SpaceToBatchND (<function _SpaceToBatchNDGrad at 0x00000265144D4A40>) in gradient.
[2026-01-29 13:41:55,139] tensorflow - Level 1 - Registering BatchToSpace (<function _BatchToSpaceGrad at 0x00000265144D4AE0>) in gradient.
[2026-01-29 13:41:55,139] tensorflow - Level 1 - Registering BatchToSpaceND (<function _BatchToSpaceNDGrad at 0x00000265144D4B80>) in gradient.
[2026-01-29 13:41:55,140] tensorflow - Level 1 - Registering SpaceToDepth (<function _SpaceToDepthGrad at 0x00000265144D4C20>) in gradient.
[2026-01-29 13:41:55,140] tensorflow - Level 1 - Registering DepthToSpace (<function _DepthToSpaceGrad at 0x00000265144D4CC0>) in gradient.
[2026-01-29 13:41:55,140] tensorflow - Level 1 - Registering OneHot (None) in gradient.
[2026-01-29 13:41:55,141] tensorflow - Level 1 - Registering MirrorPad (<function _MirrorPadGrad at 0x00000265144D4D60>) in gradient.
[2026-01-29 13:41:55,141] tensorflow - Level 1 - Registering MirrorPadGrad (<function _MirrorPadGradGrad at 0x00000265144D4E00>) in gradient.
[2026-01-29 13:41:55,141] tensorflow - Level 1 - Registering FakeQuantWithMinMaxArgsGradient (None) in gradient.
[2026-01-29 13:41:55,142] tensorflow - Level 1 - Registering FakeQuantWithMinMaxVarsGradient (None) in gradient.
[2026-01-29 13:41:55,142] tensorflow - Level 1 - Registering FakeQuantWithMinMaxVarsPerChannelGradient (None) in gradient.
[2026-01-29 13:41:55,143] tensorflow - Level 1 - Registering QuantizeAndDequantize (<function _QuantizeAndDequantizeGrad at 0x00000265144D4EA0>) in gradient.
[2026-01-29 13:41:55,143] tensorflow - Level 1 - Registering QuantizeAndDequantizeV2 (<function _QuantizeAndDequantizeV2Grad at 0x00000265144D4FE0>) in gradient.
[2026-01-29 13:41:55,143] tensorflow - Level 1 - Registering QuantizeAndDequantizeV3 (<function _QuantizeAndDequantizeV3Grad at 0x00000265144D5080>) in gradient.
[2026-01-29 13:41:55,144] tensorflow - Level 1 - Registering ExtractImagePatches (<function _ExtractImagePatchesGrad at 0x00000265144D4F40>) in gradient.
[2026-01-29 13:41:55,145] tensorflow - Level 1 - Registering ExtractVolumePatches (<function _ExtractVolumePatchesGrad at 0x00000265144D5120>) in gradient.
[2026-01-29 13:41:55,145] tensorflow - Level 1 - Registering ScatterNd (<function _ScatterNdGrad at 0x00000265144D51C0>) in gradient.
[2026-01-29 13:41:55,146] tensorflow - Level 1 - Registering TensorScatterUpdate (<function _TensorScatterUpdateGrad at 0x00000265144D5260>) in gradient.
[2026-01-29 13:41:55,146] tensorflow - Level 1 - Registering TensorScatterAdd (<function _TensorScatterAddGrad at 0x00000265144D5300>) in gradient.
[2026-01-29 13:41:55,147] tensorflow - Level 1 - Registering TensorScatterMax (<function _TensorScatterMaxGrad at 0x00000265144D5440>) in gradient.
[2026-01-29 13:41:55,147] tensorflow - Level 1 - Registering TensorScatterMin (<function _TensorScatterMinGrad at 0x00000265144D54E0>) in gradient.
[2026-01-29 13:41:55,147] tensorflow - Level 1 - Registering TensorScatterSub (<function _TensorScatterSubGrad at 0x00000265144D5580>) in gradient.
[2026-01-29 13:41:55,148] tensorflow - Level 1 - Registering ScatterNdNonAliasingAdd (<function _ScatterNdNonAliasingAddGrad at 0x00000265144D5620>) in gradient.
[2026-01-29 13:41:55,148] tensorflow - Level 1 - Registering BroadcastTo (<function _BroadcastToGrad at 0x00000265144D56C0>) in gradient.
[2026-01-29 13:41:55,151] tensorflow - Level 1 - Registering Switch (<function _SwitchGrad at 0x00000265144D58A0>) in gradient.
[2026-01-29 13:41:55,152] tensorflow - Level 1 - Registering RefSwitch (<function _SwitchGrad at 0x00000265144D58A0>) in gradient.
[2026-01-29 13:41:55,153] tensorflow - Level 1 - Registering Merge (<function _MergeGrad at 0x00000265144D5940>) in gradient.
[2026-01-29 13:41:55,153] tensorflow - Level 1 - Registering RefMerge (<function _RefMergeGrad at 0x00000265144D5A80>) in gradient.
[2026-01-29 13:41:55,153] tensorflow - Level 1 - Registering Exit (<function _ExitGrad at 0x00000265144D59E0>) in gradient.
[2026-01-29 13:41:55,153] tensorflow - Level 1 - Registering RefExit (<function _ExitGrad at 0x00000265144D59E0>) in gradient.
[2026-01-29 13:41:55,155] tensorflow - Level 1 - Registering NextIteration (<function _NextIterationGrad at 0x00000265144D5B20>) in gradient.
[2026-01-29 13:41:55,155] tensorflow - Level 1 - Registering RefNextIteration (<function _RefNextIterationGrad at 0x00000265144D5BC0>) in gradient.
[2026-01-29 13:41:55,156] tensorflow - Level 1 - Registering Enter (<function _EnterGrad at 0x00000265144D5C60>) in gradient.
[2026-01-29 13:41:55,156] tensorflow - Level 1 - Registering RefEnter (<function _RefEnterGrad at 0x00000265144D5D00>) in gradient.
[2026-01-29 13:41:55,156] tensorflow - Level 1 - Registering LoopCond (<function _LoopCondGrad at 0x00000265144D5DA0>) in gradient.
[2026-01-29 13:41:55,169] tensorflow - Level 1 - Registering CudnnRNN (<function _cudnn_rnn_backward at 0x00000265144D5EE0>) in gradient.
[2026-01-29 13:41:55,171] tensorflow - Level 1 - Registering CudnnRNNV2 (<function _cudnn_rnn_backward_v2 at 0x00000265144D60C0>) in gradient.
[2026-01-29 13:41:55,171] tensorflow - Level 1 - Registering CudnnRNNV3 (<function _cudnn_rnn_backwardv3 at 0x00000265144F6200>) in gradient.
[2026-01-29 13:41:55,173] tensorflow - Level 1 - Registering ResizeNearestNeighbor (<function _ResizeNearestNeighborGrad at 0x00000265144F6160>) in gradient.
[2026-01-29 13:41:55,175] tensorflow - Level 1 - Registering ResizeBilinear (<function _ResizeBilinearGrad at 0x00000265144F62A0>) in gradient.
[2026-01-29 13:41:55,175] tensorflow - Level 1 - Registering ResizeBilinearGrad (None) in gradient.
[2026-01-29 13:41:55,177] tensorflow - Level 1 - Registering ScaleAndTranslate (<function _ScaleAndTranslateGrad at 0x00000265144F6480>) in gradient.
[2026-01-29 13:41:55,177] tensorflow - Level 1 - Registering ResizeBicubic (<function _ResizeBicubicGrad at 0x00000265144F63E0>) in gradient.
[2026-01-29 13:41:55,178] tensorflow - Level 1 - Registering CropAndResize (<function _CropAndResizeGrad at 0x00000265144F6520>) in gradient.
[2026-01-29 13:41:55,178] tensorflow - Level 1 - Registering RGBToHSV (<function _RGBToHSVGrad at 0x00000265144F6660>) in gradient.
[2026-01-29 13:41:55,192] tensorflow - Level 1 - Registering ReaderRead (None) in gradient.
[2026-01-29 13:41:55,195] tensorflow - Level 1 - Registering ReaderReadUpTo (None) in gradient.
[2026-01-29 13:41:55,195] tensorflow - Level 1 - Registering ReaderNumRecordsProduced (None) in gradient.
[2026-01-29 13:41:55,195] tensorflow - Level 1 - Registering ReaderNumWorkUnitsCompleted (None) in gradient.
[2026-01-29 13:41:55,195] tensorflow - Level 1 - Registering ReaderSerializeState (None) in gradient.
[2026-01-29 13:41:55,196] tensorflow - Level 1 - Registering ReaderRestoreState (None) in gradient.
[2026-01-29 13:41:55,196] tensorflow - Level 1 - Registering ReaderReset (None) in gradient.
[2026-01-29 13:41:55,197] tensorflow - Level 1 - Registering WholeFileReader (None) in gradient.
[2026-01-29 13:41:55,199] tensorflow - Level 1 - Registering TextLineReader (None) in gradient.
[2026-01-29 13:41:55,200] tensorflow - Level 1 - Registering FixedLengthRecordReader (None) in gradient.
[2026-01-29 13:41:55,201] tensorflow - Level 1 - Registering TFRecordReader (None) in gradient.
[2026-01-29 13:41:55,202] tensorflow - Level 1 - Registering LMDBReader (None) in gradient.
[2026-01-29 13:41:55,204] tensorflow - Level 1 - Registering IdentityReader (None) in gradient.
[2026-01-29 13:41:55,216] tensorflow - Level 1 - Registering MatrixInverse (<function _MatrixInverseGrad at 0x00000265144F6700>) in gradient.
[2026-01-29 13:41:55,219] tensorflow - Level 1 - Registering Einsum (<function _EinsumGrad at 0x0000026514547D80>) in gradient.
[2026-01-29 13:41:55,219] tensorflow - Level 1 - Registering MatrixDeterminant (<function _MatrixDeterminantGrad at 0x000002651457A200>) in gradient.
[2026-01-29 13:41:55,219] tensorflow - Level 1 - Registering MatrixSquareRoot (<function _MatrixSquareRootGrad at 0x000002651457A340>) in gradient.
[2026-01-29 13:41:55,219] tensorflow - Level 1 - Registering LogMatrixDeterminant (<function _LogMatrixDeterminantGrad at 0x000002651457A3E0>) in gradient.
[2026-01-29 13:41:55,219] tensorflow - Level 1 - Registering Cholesky (<function _CholeskyGrad at 0x000002651457A480>) in gradient.
[2026-01-29 13:41:55,221] tensorflow - Level 1 - Registering Qr (<function _QrGrad at 0x000002651457A520>) in gradient.
[2026-01-29 13:41:55,221] tensorflow - Level 1 - Registering MatrixSolve (<function _MatrixSolveGrad at 0x000002651457A5C0>) in gradient.
[2026-01-29 13:41:55,221] tensorflow - Level 1 - Registering MatrixSolveLs (<function _MatrixSolveLsGrad at 0x000002651457A660>) in gradient.
[2026-01-29 13:41:55,222] tensorflow - Level 1 - Registering BandedTriangularSolve (<function _BandedTriangularSolveGrad at 0x000002651457A700>) in gradient.
[2026-01-29 13:41:55,222] tensorflow - Level 1 - Registering MatrixTriangularSolve (<function _MatrixTriangularSolveGrad at 0x000002651457A7A0>) in gradient.
[2026-01-29 13:41:55,223] tensorflow - Level 1 - Registering Eig (<function _EigGrad at 0x000002651457A8E0>) in gradient.
[2026-01-29 13:41:55,223] tensorflow - Level 1 - Registering SelfAdjointEigV2 (<function _SelfAdjointEigV2Grad at 0x000002651457A980>) in gradient.
[2026-01-29 13:41:55,223] tensorflow - Level 1 - Registering Svd (<function _SvdGrad at 0x000002651457AA20>) in gradient.
[2026-01-29 13:41:55,223] tensorflow - Level 1 - Registering TridiagonalMatMul (<function _TridiagonalMatMulGrad at 0x000002651457AC00>) in gradient.
[2026-01-29 13:41:55,224] tensorflow - Level 1 - Registering TridiagonalSolve (<function _TridiagonalSolveGrad at 0x000002651457ACA0>) in gradient.
[2026-01-29 13:41:55,226] tensorflow - Level 1 - Registering LookupTableFind (None) in gradient.
[2026-01-29 13:41:55,227] tensorflow - Level 1 - Registering LookupTableFindV2 (None) in gradient.
[2026-01-29 13:41:55,227] tensorflow - Level 1 - Registering LookupTableInsert (None) in gradient.
[2026-01-29 13:41:55,227] tensorflow - Level 1 - Registering LookupTableInsertV2 (None) in gradient.
[2026-01-29 13:41:55,228] tensorflow - Level 1 - Registering LookupTableSize (None) in gradient.
[2026-01-29 13:41:55,228] tensorflow - Level 1 - Registering LookupTableSizeV2 (None) in gradient.
[2026-01-29 13:41:55,228] tensorflow - Level 1 - Registering HashTable (None) in gradient.
[2026-01-29 13:41:55,229] tensorflow - Level 1 - Registering HashTableV2 (None) in gradient.
[2026-01-29 13:41:55,229] tensorflow - Level 1 - Registering InitializeTable (None) in gradient.
[2026-01-29 13:41:55,229] tensorflow - Level 1 - Registering InitializeTableV2 (None) in gradient.
[2026-01-29 13:41:55,229] tensorflow - Level 1 - Registering InitializeTableFromTextFile (None) in gradient.
[2026-01-29 13:41:55,229] tensorflow - Level 1 - Registering InitializeTableFromTextFileV2 (None) in gradient.
[2026-01-29 13:41:55,230] tensorflow - Level 1 - Registering MutableDenseHashTable (None) in gradient.
[2026-01-29 13:41:55,230] tensorflow - Level 1 - Registering MutableDenseHashTableV2 (None) in gradient.
[2026-01-29 13:41:55,230] tensorflow - Level 1 - Registering MutableHashTable (None) in gradient.
[2026-01-29 13:41:55,230] tensorflow - Level 1 - Registering MutableHashTableV2 (None) in gradient.
[2026-01-29 13:41:55,230] tensorflow - Level 1 - Registering MutableHashTableOfTensors (None) in gradient.
[2026-01-29 13:41:55,230] tensorflow - Level 1 - Registering MutableHashTableOfTensorsV2 (None) in gradient.
[2026-01-29 13:41:55,239] tensorflow - Level 1 - Registering Roll (<function _RollGrad at 0x0000026514547B00>) in gradient.
[2026-01-29 13:41:55,243] tensorflow - Level 1 - Registering ArgMax (<function _ArgMaxGrad at 0x000002651457B060>) in gradient.
[2026-01-29 13:41:55,247] tensorflow - Level 1 - Registering ArgMin (<function _ArgMinGrad at 0x000002651457BD80>) in gradient.
[2026-01-29 13:41:55,247] tensorflow - Level 1 - Registering EuclideanNorm (<function _EuclideanNormGrad at 0x00000265145EC040>) in gradient.
[2026-01-29 13:41:55,248] tensorflow - Level 1 - Registering Sum (<function _SumGrad at 0x00000265145EC4A0>) in gradient.
[2026-01-29 13:41:55,248] tensorflow - Level 1 - Registering Max (<function _MaxGrad at 0x00000265145EC5E0>) in gradient.
[2026-01-29 13:41:55,248] tensorflow - Level 1 - Registering Min (<function _MinGrad at 0x00000265145EC680>) in gradient.
[2026-01-29 13:41:55,248] tensorflow - Level 1 - Registering Mean (<function _MeanGrad at 0x00000265145EC720>) in gradient.
[2026-01-29 13:41:55,249] tensorflow - Level 1 - Registering Prod (<function _ProdGrad at 0x00000265145EC7C0>) in gradient.
[2026-01-29 13:41:55,249] tensorflow - Level 1 - Registering SegmentSum (<function _SegmentSumGrad at 0x00000265145EC860>) in gradient.
[2026-01-29 13:41:55,250] tensorflow - Level 1 - Registering SegmentMean (<function _SegmentMeanGrad at 0x00000265145EC900>) in gradient.
[2026-01-29 13:41:55,250] tensorflow - Level 1 - Registering SparseSegmentSum (<function _SparseSegmentSumGrad at 0x00000265145ECAE0>) in gradient.
[2026-01-29 13:41:55,250] tensorflow - Level 1 - Registering SparseSegmentSumWithNumSegments (<function _SparseSegmentSumWithNumSegmentsGrad at 0x00000265145ECB80>) in gradient.
[2026-01-29 13:41:55,251] tensorflow - Level 1 - Registering SparseSegmentMean (<function _SparseSegmentMeanGrad at 0x00000265145ECC20>) in gradient.
[2026-01-29 13:41:55,251] tensorflow - Level 1 - Registering SparseSegmentMeanWithNumSegments (<function _SparseSegmentMeanWithNumSegmentsGrad at 0x00000265145ECCC0>) in gradient.
[2026-01-29 13:41:55,251] tensorflow - Level 1 - Registering SparseSegmentSqrtN (<function _SparseSegmentSqrtNGrad at 0x00000265145ECD60>) in gradient.
[2026-01-29 13:41:55,252] tensorflow - Level 1 - Registering SparseSegmentSqrtNWithNumSegments (<function _SparseSegmentSqrtNWithNumSegmentsGrad at 0x00000265145ECE00>) in gradient.
[2026-01-29 13:41:55,252] tensorflow - Level 1 - Registering SegmentMin (<function _SegmentMinGrad at 0x00000265145ECF40>) in gradient.
[2026-01-29 13:41:55,252] tensorflow - Level 1 - Registering SegmentMax (<function _SegmentMaxGrad at 0x00000265145ECFE0>) in gradient.
[2026-01-29 13:41:55,253] tensorflow - Level 1 - Registering SegmentProd (<function _SegmentProdGrad at 0x00000265145ED080>) in gradient.
[2026-01-29 13:41:55,253] tensorflow - Level 1 - Registering UnsortedSegmentSum (<function _UnsortedSegmentSumGrad at 0x00000265145ED260>) in gradient.
[2026-01-29 13:41:55,254] tensorflow - Level 1 - Registering UnsortedSegmentMax (<function _UnsortedSegmentMaxGrad at 0x00000265145ED300>) in gradient.
[2026-01-29 13:41:55,254] tensorflow - Level 1 - Registering UnsortedSegmentMin (<function _UnsortedSegmentMinGrad at 0x00000265145ED3A0>) in gradient.
[2026-01-29 13:41:55,254] tensorflow - Level 1 - Registering UnsortedSegmentProd (<function _UnsortedSegmentProdGrad at 0x00000265145ED440>) in gradient.
[2026-01-29 13:41:55,254] tensorflow - Level 1 - Registering Abs (<function _AbsGrad at 0x00000265145ED4E0>) in gradient.
[2026-01-29 13:41:55,254] tensorflow - Level 1 - Registering Neg (<function _NegGrad at 0x00000265145ED580>) in gradient.
[2026-01-29 13:41:55,255] tensorflow - Level 1 - Registering Inv (<function _InvGrad at 0x00000265145ED620>) in gradient.
[2026-01-29 13:41:55,255] tensorflow - Level 1 - Registering Reciprocal (<function _ReciprocalGrad at 0x00000265145ED6C0>) in gradient.
[2026-01-29 13:41:55,255] tensorflow - Level 1 - Registering InvGrad (<function _InvGradGrad at 0x00000265145ED760>) in gradient.
[2026-01-29 13:41:55,255] tensorflow - Level 1 - Registering ReciprocalGrad (<function _ReciprocalGradGrad at 0x00000265145ED800>) in gradient.
[2026-01-29 13:41:55,255] tensorflow - Level 1 - Registering Square (<function _SquareGrad at 0x00000265145ED8A0>) in gradient.
[2026-01-29 13:41:55,255] tensorflow - Level 1 - Registering Sqrt (<function _SqrtGrad at 0x00000265145ED940>) in gradient.
[2026-01-29 13:41:55,257] tensorflow - Level 1 - Registering SqrtGrad (<function _SqrtGradGrad at 0x00000265145ED9E0>) in gradient.
[2026-01-29 13:41:55,257] tensorflow - Level 1 - Registering Rsqrt (<function _RsqrtGrad at 0x00000265145EDA80>) in gradient.
[2026-01-29 13:41:55,257] tensorflow - Level 1 - Registering RsqrtGrad (<function _RsqrtGradGrad at 0x00000265145EDB20>) in gradient.
[2026-01-29 13:41:55,257] tensorflow - Level 1 - Registering Exp (<function _ExpGrad at 0x00000265145EDBC0>) in gradient.
[2026-01-29 13:41:55,258] tensorflow - Level 1 - Registering Expm1 (<function _Expm1Grad at 0x00000265145EDC60>) in gradient.
[2026-01-29 13:41:55,258] tensorflow - Level 1 - Registering Log (<function _LogGrad at 0x00000265145EDD00>) in gradient.
[2026-01-29 13:41:55,258] tensorflow - Level 1 - Registering Log1p (<function _Log1pGrad at 0x00000265145EDDA0>) in gradient.
[2026-01-29 13:41:55,259] tensorflow - Level 1 - Registering Xlogy (<function _XLogyGrad at 0x00000265145EDE40>) in gradient.
[2026-01-29 13:41:55,259] tensorflow - Level 1 - Registering Xlog1py (<function _XLog1pyGrad at 0x00000265145EDEE0>) in gradient.
[2026-01-29 13:41:55,259] tensorflow - Level 1 - Registering Xdivy (<function _XDivyGrad at 0x00000265145EDF80>) in gradient.
[2026-01-29 13:41:55,260] tensorflow - Level 1 - Registering Sinh (<function _SinhGrad at 0x00000265145EE020>) in gradient.
[2026-01-29 13:41:55,260] tensorflow - Level 1 - Registering Cosh (<function _CoshGrad at 0x00000265145EE0C0>) in gradient.
[2026-01-29 13:41:55,260] tensorflow - Level 1 - Registering Tanh (<function _TanhGrad at 0x00000265145EE160>) in gradient.
[2026-01-29 13:41:55,261] tensorflow - Level 1 - Registering Asinh (<function _AsinhGrad at 0x00000265145EE200>) in gradient.
[2026-01-29 13:41:55,262] tensorflow - Level 1 - Registering Acosh (<function _AcoshGrad at 0x00000265145EE2A0>) in gradient.
[2026-01-29 13:41:55,262] tensorflow - Level 1 - Registering Atanh (<function _AtanhGrad at 0x00000265145EE340>) in gradient.
[2026-01-29 13:41:55,262] tensorflow - Level 1 - Registering TanhGrad (<function _TanhGradGrad at 0x00000265145EE3E0>) in gradient.
[2026-01-29 13:41:55,262] tensorflow - Level 1 - Registering Erf (<function _ErfGrad at 0x00000265145EE480>) in gradient.
[2026-01-29 13:41:55,263] tensorflow - Level 1 - Registering Erfc (<function _ErfcGrad at 0x00000265145EE520>) in gradient.
[2026-01-29 13:41:55,263] tensorflow - Level 1 - Registering Erfinv (<function _ErfinvGrad at 0x00000265145EE5C0>) in gradient.
[2026-01-29 13:41:55,263] tensorflow - Level 1 - Registering Ndtri (<function _NdtriGrad at 0x00000265145EE660>) in gradient.
[2026-01-29 13:41:55,263] tensorflow - Level 1 - Registering Lgamma (<function _LgammaGrad at 0x00000265145EE700>) in gradient.
[2026-01-29 13:41:55,263] tensorflow - Level 1 - Registering Digamma (<function _DigammaGrad at 0x00000265145EE7A0>) in gradient.
[2026-01-29 13:41:55,264] tensorflow - Level 1 - Registering Dawsn (<function _DawsnGrad at 0x00000265145EE840>) in gradient.
[2026-01-29 13:41:55,264] tensorflow - Level 1 - Registering Expint (<function _ExpintGrad at 0x00000265145EE8E0>) in gradient.
[2026-01-29 13:41:55,265] tensorflow - Level 1 - Registering FresnelCos (<function _FresnelCosGrad at 0x00000265145EE980>) in gradient.
[2026-01-29 13:41:55,265] tensorflow - Level 1 - Registering FresnelSin (<function _FresnelSinGrad at 0x00000265145EEA20>) in gradient.
[2026-01-29 13:41:55,265] tensorflow - Level 1 - Registering Spence (<function _SpenceGrad at 0x00000265145EEAC0>) in gradient.
[2026-01-29 13:41:55,265] tensorflow - Level 1 - Registering BesselI0 (<function _BesselI0Grad at 0x00000265145EEB60>) in gradient.
[2026-01-29 13:41:55,266] tensorflow - Level 1 - Registering BesselI0e (<function _BesselI0eGrad at 0x00000265145EEC00>) in gradient.
[2026-01-29 13:41:55,266] tensorflow - Level 1 - Registering BesselI1 (<function _BesselI1Grad at 0x00000265145EECA0>) in gradient.
[2026-01-29 13:41:55,266] tensorflow - Level 1 - Registering BesselI1e (<function _BesselI1eGrad at 0x00000265145EED40>) in gradient.
[2026-01-29 13:41:55,266] tensorflow - Level 1 - Registering BesselK0 (<function _BesselK0Grad at 0x00000265145EEDE0>) in gradient.
[2026-01-29 13:41:55,266] tensorflow - Level 1 - Registering BesselK0e (<function _BesselK0eGrad at 0x00000265145EEE80>) in gradient.
[2026-01-29 13:41:55,267] tensorflow - Level 1 - Registering BesselK1 (<function _BesselK1Grad at 0x00000265145EEF20>) in gradient.
[2026-01-29 13:41:55,267] tensorflow - Level 1 - Registering BesselK1e (<function _BesselK1eGrad at 0x00000265145EEFC0>) in gradient.
[2026-01-29 13:41:55,267] tensorflow - Level 1 - Registering BesselJ0 (<function _BesselJ0Grad at 0x00000265145EF060>) in gradient.
[2026-01-29 13:41:55,268] tensorflow - Level 1 - Registering BesselJ1 (<function _BesselJ1Grad at 0x00000265145EF100>) in gradient.
[2026-01-29 13:41:55,268] tensorflow - Level 1 - Registering BesselY0 (<function _BesselY0Grad at 0x00000265145EF1A0>) in gradient.
[2026-01-29 13:41:55,269] tensorflow - Level 1 - Registering BesselY1 (<function _BesselY1Grad at 0x00000265145EF240>) in gradient.
[2026-01-29 13:41:55,269] tensorflow - Level 1 - Registering Igamma (<function _IgammaGrad at 0x00000265145EF2E0>) in gradient.
[2026-01-29 13:41:55,269] tensorflow - Level 1 - Registering Igammac (<function _IgammacGrad at 0x00000265145EF380>) in gradient.
[2026-01-29 13:41:55,270] tensorflow - Level 1 - Registering Betainc (<function _BetaincGrad at 0x00000265145EF420>) in gradient.
[2026-01-29 13:41:55,270] tensorflow - Level 1 - Registering Zeta (<function _ZetaGrad at 0x00000265145EF4C0>) in gradient.
[2026-01-29 13:41:55,271] tensorflow - Level 1 - Registering Polygamma (<function _PolygammaGrad at 0x00000265145EF560>) in gradient.
[2026-01-29 13:41:55,271] tensorflow - Level 1 - Registering Sigmoid (<function _SigmoidGrad at 0x00000265145EF600>) in gradient.
[2026-01-29 13:41:55,271] tensorflow - Level 1 - Registering SigmoidGrad (<function _SigmoidGradGrad at 0x00000265145EF6A0>) in gradient.
[2026-01-29 13:41:55,272] tensorflow - Level 1 - Registering Sign (<function _SignGrad at 0x00000265145EF740>) in gradient.
[2026-01-29 13:41:55,272] tensorflow - Level 1 - Registering Sin (<function _SinGrad at 0x00000265145EF7E0>) in gradient.
[2026-01-29 13:41:55,272] tensorflow - Level 1 - Registering Cos (<function _CosGrad at 0x00000265145EF880>) in gradient.
[2026-01-29 13:41:55,273] tensorflow - Level 1 - Registering Tan (<function _TanGrad at 0x00000265145EF920>) in gradient.
[2026-01-29 13:41:55,273] tensorflow - Level 1 - Registering Asin (<function _AsinGrad at 0x00000265145EF9C0>) in gradient.
[2026-01-29 13:41:55,274] tensorflow - Level 1 - Registering Acos (<function _AcosGrad at 0x00000265145EFA60>) in gradient.
[2026-01-29 13:41:55,274] tensorflow - Level 1 - Registering Atan (<function _AtanGrad at 0x00000265145EFB00>) in gradient.
[2026-01-29 13:41:55,275] tensorflow - Level 1 - Registering Atan2 (<function _Atan2Grad at 0x00000265145EFBA0>) in gradient.
[2026-01-29 13:41:55,275] tensorflow - Level 1 - Registering AddN (<function _AddNGrad at 0x00000265145EFC40>) in gradient.
[2026-01-29 13:41:55,276] tensorflow - Level 1 - Registering AddV2 (<function _AddGrad at 0x00000265145EFD80>) in gradient.
[2026-01-29 13:41:55,276] tensorflow - Level 1 - Registering Add (<function _AddGrad at 0x00000265145EFD80>) in gradient.
[2026-01-29 13:41:55,276] tensorflow - Level 1 - Registering Sub (<function _SubGrad at 0x00000265145EFE20>) in gradient.
[2026-01-29 13:41:55,277] tensorflow - Level 1 - Registering Mul (<function _MulGrad at 0x00000265145EFEC0>) in gradient.
[2026-01-29 13:41:55,277] tensorflow - Level 1 - Registering MulNoNan (<function _MulNoNanGrad at 0x00000265145EFF60>) in gradient.
[2026-01-29 13:41:55,278] tensorflow - Level 1 - Registering Div (<function _DivGrad at 0x00000265145FC040>) in gradient.
[2026-01-29 13:41:55,278] tensorflow - Level 1 - Registering FloorDiv (<function _FloorDivGrad at 0x00000265145FC0E0>) in gradient.
[2026-01-29 13:41:55,278] tensorflow - Level 1 - Registering FloorMod (<function _FloorModGrad at 0x00000265145FC180>) in gradient.
[2026-01-29 13:41:55,279] tensorflow - Level 1 - Registering TruncateDiv (<function _TruncateDivGrad at 0x00000265145FC220>) in gradient.
[2026-01-29 13:41:55,279] tensorflow - Level 1 - Registering RealDiv (<function _RealDivGrad at 0x00000265145FC2C0>) in gradient.
[2026-01-29 13:41:55,280] tensorflow - Level 1 - Registering DivNoNan (<function _DivNoNanGrad at 0x00000265145FC360>) in gradient.
[2026-01-29 13:41:55,280] tensorflow - Level 1 - Registering Pow (<function _PowGrad at 0x00000265145FC400>) in gradient.
[2026-01-29 13:41:55,280] tensorflow - Level 1 - Registering Maximum (<function _MaximumGrad at 0x00000265145FC5E0>) in gradient.
[2026-01-29 13:41:55,281] tensorflow - Level 1 - Registering Minimum (<function _MinimumGrad at 0x00000265145FC680>) in gradient.
[2026-01-29 13:41:55,281] tensorflow - Level 1 - Registering SquaredDifference (<function _SquaredDifferenceGrad at 0x00000265145FC720>) in gradient.
[2026-01-29 13:41:55,282] tensorflow - Level 1 - Registering Less (None) in gradient.
[2026-01-29 13:41:55,282] tensorflow - Level 1 - Registering LessEqual (None) in gradient.
[2026-01-29 13:41:55,283] tensorflow - Level 1 - Registering Greater (None) in gradient.
[2026-01-29 13:41:55,283] tensorflow - Level 1 - Registering GreaterEqual (None) in gradient.
[2026-01-29 13:41:55,283] tensorflow - Level 1 - Registering Equal (None) in gradient.
[2026-01-29 13:41:55,285] tensorflow - Level 1 - Registering ApproximateEqual (None) in gradient.
[2026-01-29 13:41:55,285] tensorflow - Level 1 - Registering NotEqual (None) in gradient.
[2026-01-29 13:41:55,286] tensorflow - Level 1 - Registering LogicalAnd (None) in gradient.
[2026-01-29 13:41:55,286] tensorflow - Level 1 - Registering LogicalOr (None) in gradient.
[2026-01-29 13:41:55,287] tensorflow - Level 1 - Registering LogicalNot (None) in gradient.
[2026-01-29 13:41:55,287] tensorflow - Level 1 - Registering Select (<function _SelectGrad at 0x00000265145FC7C0>) in gradient.
[2026-01-29 13:41:55,287] tensorflow - Level 1 - Registering SelectV2 (<function _SelectGradV2 at 0x00000265145FC860>) in gradient.
[2026-01-29 13:41:55,287] tensorflow - Level 1 - Registering MatMul (<function _MatMulGrad at 0x00000265145FCA40>) in gradient.
[2026-01-29 13:41:55,287] tensorflow - Level 1 - Registering SparseMatMul (<function _SparseMatMulGrad at 0x00000265145FCAE0>) in gradient.
[2026-01-29 13:41:55,287] tensorflow - Level 1 - Registering Floor (<function _FloorGrad at 0x00000265145FCB80>) in gradient.
[2026-01-29 13:41:55,288] tensorflow - Level 1 - Registering Ceil (<function _CeilGrad at 0x00000265145FCC20>) in gradient.
[2026-01-29 13:41:55,288] tensorflow - Level 1 - Registering Round (<function _RoundGrad at 0x00000265145FCCC0>) in gradient.
[2026-01-29 13:41:55,288] tensorflow - Level 1 - Registering Rint (<function _RintGrad at 0x00000265145FCD60>) in gradient.
[2026-01-29 13:41:55,289] tensorflow - Level 1 - Registering BatchMatMul (<function _BatchMatMul at 0x00000265145FCE00>) in gradient.
[2026-01-29 13:41:55,289] tensorflow - Level 1 - Registering BatchMatMulV3 (<function _BatchMatMulV2 at 0x00000265145FCEA0>) in gradient.
[2026-01-29 13:41:55,289] tensorflow - Level 1 - Registering BatchMatMulV2 (<function _BatchMatMulV2 at 0x00000265145FCEA0>) in gradient.
[2026-01-29 13:41:55,290] tensorflow - Level 1 - Registering Range (None) in gradient.
[2026-01-29 13:41:55,290] tensorflow - Level 1 - Registering LinSpace (None) in gradient.
[2026-01-29 13:41:55,291] tensorflow - Level 1 - Registering Complex (<function _ComplexGrad at 0x00000265145FCF40>) in gradient.
[2026-01-29 13:41:55,291] tensorflow - Level 1 - Registering Real (<function _RealGrad at 0x00000265145FCFE0>) in gradient.
[2026-01-29 13:41:55,291] tensorflow - Level 1 - Registering Imag (<function _ImagGrad at 0x00000265145FD080>) in gradient.
[2026-01-29 13:41:55,292] tensorflow - Level 1 - Registering Angle (<function _AngleGrad at 0x00000265145FD120>) in gradient.
[2026-01-29 13:41:55,292] tensorflow - Level 1 - Registering Conj (<function _ConjGrad at 0x00000265145FD1C0>) in gradient.
[2026-01-29 13:41:55,293] tensorflow - Level 1 - Registering ComplexAbs (<function _ComplexAbsGrad at 0x00000265145FD260>) in gradient.
[2026-01-29 13:41:55,293] tensorflow - Level 1 - Registering Cast (<function _CastGrad at 0x00000265145FD300>) in gradient.
[2026-01-29 13:41:55,293] tensorflow - Level 1 - Registering Cross (<function _CrossGrad at 0x00000265145FD3A0>) in gradient.
[2026-01-29 13:41:55,293] tensorflow - Level 1 - Registering Cumsum (<function _CumsumGrad at 0x00000265145FD440>) in gradient.
[2026-01-29 13:41:55,294] tensorflow - Level 1 - Registering Cumprod (<function _CumprodGrad at 0x00000265145FD4E0>) in gradient.
[2026-01-29 13:41:55,294] tensorflow - Level 1 - Registering CumulativeLogsumexp (<function _CumulativeLogsumexpGrad at 0x00000265145FD580>) in gradient.
[2026-01-29 13:41:55,294] tensorflow - Level 1 - Registering NextAfter (<function _NextAfterGrad at 0x00000265145FD620>) in gradient.
[2026-01-29 13:41:55,301] tensorflow - Level 1 - Registering NcclAllReduce (<function _all_sum_grad at 0x00000265145FD9E0>) in gradient.
[2026-01-29 13:41:55,303] tensorflow - Level 1 - Registering NcclReduce (<function _reduce_sum_grad at 0x00000265145FE5C0>) in gradient.
[2026-01-29 13:41:55,303] tensorflow - Level 1 - Registering NcclBroadcast (<function _broadcast_grad at 0x00000265145FE700>) in gradient.
[2026-01-29 13:41:55,305] tensorflow - Level 1 - Registering OptionalFromValue (<function _OptionalFromValueGrad at 0x00000265145FE340>) in gradient.
[2026-01-29 13:41:55,307] tensorflow - Level 1 - Registering OptionalGetValue (<function _OptionalGetValueGrad at 0x00000265145FEA20>) in gradient.
[2026-01-29 13:41:55,309] tensorflow - Level 1 - Registering DecodeRaw (None) in gradient.
[2026-01-29 13:41:55,311] tensorflow - Level 1 - Registering DecodePaddedRaw (None) in gradient.
[2026-01-29 13:41:55,311] tensorflow - Level 1 - Registering ParseTensor (None) in gradient.
[2026-01-29 13:41:55,312] tensorflow - Level 1 - Registering SerializeTensor (None) in gradient.
[2026-01-29 13:41:55,312] tensorflow - Level 1 - Registering StringToNumber (None) in gradient.
[2026-01-29 13:41:55,319] tensorflow - Level 1 - Registering DecodeProtoV2 (None) in gradient.
[2026-01-29 13:41:55,321] tensorflow - Level 1 - Registering EncodeProto (None) in gradient.
[2026-01-29 13:41:55,323] tensorflow - Level 1 - Registering RandomGamma (<function _RandomGammaGrad at 0x00000265145FF740>) in gradient.
[2026-01-29 13:41:55,326] tensorflow - Level 1 - Registering StatelessRandomGammaV2 (<function _StatelessRandomGammaV2Grad at 0x00000265145FF880>) in gradient.
[2026-01-29 13:41:55,326] tensorflow - Level 1 - Registering StatelessRandomGammaV3 (<function _StatelessRandomGammaV3Grad at 0x00000265145FF9C0>) in gradient.
[2026-01-29 13:41:55,326] tensorflow - Level 1 - Registering StatelessParameterizedTruncatedNormal (<function _StatelessParameterizedTruncatedNormalGrad at 0x00000265145FFC40>) in gradient.
[2026-01-29 13:41:55,337] tensorflow - Level 1 - Registering BlockLSTM (<function _block_lstm_grad at 0x00000265145FF920>) in gradient.
[2026-01-29 13:41:55,339] tensorflow - Level 1 - Registering BlockLSTMV2 (<function _block_lstm_grad at 0x00000265145FF920>) in gradient.
[2026-01-29 13:41:55,344] tensorflow - Level 1 - Registering SdcaFprint (None) in gradient.
[2026-01-29 13:41:55,346] tensorflow - Level 1 - Registering SdcaOptimizer (None) in gradient.
[2026-01-29 13:41:55,346] tensorflow - Level 1 - Registering SdcaOptimizerV2 (None) in gradient.
[2026-01-29 13:41:55,346] tensorflow - Level 1 - Registering SdcaShrinkL1 (None) in gradient.
[2026-01-29 13:41:55,355] tensorflow - Level 1 - Registering SetSize (None) in gradient.
[2026-01-29 13:41:55,356] tensorflow - Level 1 - Registering DenseToDenseSetOperation (None) in gradient.
[2026-01-29 13:41:55,356] tensorflow - Level 1 - Registering DenseToSparseSetOperation (None) in gradient.
[2026-01-29 13:41:55,356] tensorflow - Level 1 - Registering SparseToSparseSetOperation (None) in gradient.
[2026-01-29 13:41:55,360] tensorflow - Level 1 - Registering SparseAddGrad (None) in gradient.
[2026-01-29 13:41:55,362] tensorflow - Level 1 - Registering SparseConcat (None) in gradient.
[2026-01-29 13:41:55,362] tensorflow - Level 1 - Registering SparseReorder (<function _SparseReorderGrad at 0x0000026514646CA0>) in gradient.
[2026-01-29 13:41:55,362] tensorflow - Level 1 - Registering SparseAdd (<function _SparseAddGrad at 0x0000026514646E80>) in gradient.
[2026-01-29 13:41:55,363] tensorflow - Level 1 - Registering SparseTensorDenseAdd (<function _SparseTensorDenseAddGrad at 0x0000026514646DE0>) in gradient.
[2026-01-29 13:41:55,363] tensorflow - Level 1 - Registering SparseReduceSum (<function _SparseReduceSumGrad at 0x0000026514646F20>) in gradient.
[2026-01-29 13:41:55,364] tensorflow - Level 1 - Registering SparseSlice (<function _SparseSliceGrad at 0x0000026514646FC0>) in gradient.
[2026-01-29 13:41:55,364] tensorflow - Level 1 - Registering SparseTensorDenseMatMul (<function _SparseTensorDenseMatMulGrad at 0x0000026514647060>) in gradient.
[2026-01-29 13:41:55,365] tensorflow - Level 1 - Registering SparseDenseCwiseAdd (<function _SparseDenseCwiseAddGrad at 0x0000026514647100>) in gradient.
[2026-01-29 13:41:55,365] tensorflow - Level 1 - Registering SparseDenseCwiseMul (<function _SparseDenseCwiseMulGrad at 0x0000026514647240>) in gradient.
[2026-01-29 13:41:55,365] tensorflow - Level 1 - Registering SparseDenseCwiseDiv (<function _SparseDenseCwiseDivGrad at 0x00000265146472E0>) in gradient.
[2026-01-29 13:41:55,366] tensorflow - Level 1 - Registering SparseSoftmax (<function _SparseSoftmaxGrad at 0x0000026514647380>) in gradient.
[2026-01-29 13:41:55,366] tensorflow - Level 1 - Registering SparseSparseMaximum (<function _SparseSparseMaximumGrad at 0x0000026514647420>) in gradient.
[2026-01-29 13:41:55,366] tensorflow - Level 1 - Registering SparseSparseMinimum (<function _SparseSparseMinimumGrad at 0x00000265146474C0>) in gradient.
[2026-01-29 13:41:55,367] tensorflow - Level 1 - Registering SparseFillEmptyRows (<function _SparseFillEmptyRowsGrad at 0x0000026514647560>) in gradient.
[2026-01-29 13:41:55,367] tensorflow - Level 1 - Registering SparseToDense (<function _SparseToDenseGrad at 0x0000026514647600>) in gradient.
[2026-01-29 13:41:55,370] tensorflow - Level 1 - Registering TensorArray (None) in gradient.
[2026-01-29 13:41:55,371] tensorflow - Level 1 - Registering TensorArrayGrad (None) in gradient.
[2026-01-29 13:41:55,371] tensorflow - Level 1 - Registering TensorArraySize (None) in gradient.
[2026-01-29 13:41:55,372] tensorflow - Level 1 - Registering TensorArrayClose (None) in gradient.
[2026-01-29 13:41:55,372] tensorflow - Level 1 - Registering TensorArrayV2 (None) in gradient.
[2026-01-29 13:41:55,372] tensorflow - Level 1 - Registering TensorArrayGradV2 (None) in gradient.
[2026-01-29 13:41:55,373] tensorflow - Level 1 - Registering TensorArraySizeV2 (None) in gradient.
[2026-01-29 13:41:55,373] tensorflow - Level 1 - Registering TensorArrayCloseV2 (None) in gradient.
[2026-01-29 13:41:55,373] tensorflow - Level 1 - Registering TensorArrayV3 (None) in gradient.
[2026-01-29 13:41:55,373] tensorflow - Level 1 - Registering TensorArrayGradV3 (None) in gradient.
[2026-01-29 13:41:55,373] tensorflow - Level 1 - Registering TensorArrayGradWithShape (None) in gradient.
[2026-01-29 13:41:55,373] tensorflow - Level 1 - Registering TensorArraySizeV3 (None) in gradient.
[2026-01-29 13:41:55,374] tensorflow - Level 1 - Registering TensorArrayCloseV3 (None) in gradient.
[2026-01-29 13:41:55,374] tensorflow - Level 1 - Registering TensorArrayReadV3 (<function _TensorArrayReadGrad at 0x00000265146477E0>) in gradient.
[2026-01-29 13:41:55,374] tensorflow - Level 1 - Registering TensorArrayReadV2 (<function _TensorArrayReadGrad at 0x00000265146477E0>) in gradient.
[2026-01-29 13:41:55,375] tensorflow - Level 1 - Registering TensorArrayRead (<function _TensorArrayReadGrad at 0x00000265146477E0>) in gradient.
[2026-01-29 13:41:55,375] tensorflow - Level 1 - Registering TensorArrayWriteV3 (<function _TensorArrayWriteGrad at 0x0000026514647740>) in gradient.
[2026-01-29 13:41:55,375] tensorflow - Level 1 - Registering TensorArrayWriteV2 (<function _TensorArrayWriteGrad at 0x0000026514647740>) in gradient.
[2026-01-29 13:41:55,375] tensorflow - Level 1 - Registering TensorArrayWrite (<function _TensorArrayWriteGrad at 0x0000026514647740>) in gradient.
[2026-01-29 13:41:55,376] tensorflow - Level 1 - Registering TensorArrayGatherV3 (<function _TensorArrayGatherGrad at 0x0000026514647880>) in gradient.
[2026-01-29 13:41:55,376] tensorflow - Level 1 - Registering TensorArrayGatherV2 (<function _TensorArrayGatherGrad at 0x0000026514647880>) in gradient.
[2026-01-29 13:41:55,376] tensorflow - Level 1 - Registering TensorArrayGather (<function _TensorArrayGatherGrad at 0x0000026514647880>) in gradient.
[2026-01-29 13:41:55,377] tensorflow - Level 1 - Registering TensorArrayScatterV3 (<function _TensorArrayScatterGrad at 0x0000026514647920>) in gradient.
[2026-01-29 13:41:55,377] tensorflow - Level 1 - Registering TensorArrayScatterV2 (<function _TensorArrayScatterGrad at 0x0000026514647920>) in gradient.
[2026-01-29 13:41:55,377] tensorflow - Level 1 - Registering TensorArrayScatter (<function _TensorArrayScatterGrad at 0x0000026514647920>) in gradient.
[2026-01-29 13:41:55,378] tensorflow - Level 1 - Registering TensorArrayConcatV3 (<function _TensorArrayConcatGrad at 0x00000265146479C0>) in gradient.
[2026-01-29 13:41:55,378] tensorflow - Level 1 - Registering TensorArrayConcatV2 (<function _TensorArrayConcatGrad at 0x00000265146479C0>) in gradient.
[2026-01-29 13:41:55,378] tensorflow - Level 1 - Registering TensorArrayConcat (<function _TensorArrayConcatGrad at 0x00000265146479C0>) in gradient.
[2026-01-29 13:41:55,378] tensorflow - Level 1 - Registering TensorArraySplitV3 (<function _TensorArraySplitGrad at 0x0000026514647A60>) in gradient.
[2026-01-29 13:41:55,378] tensorflow - Level 1 - Registering TensorArraySplitV2 (<function _TensorArraySplitGrad at 0x0000026514647A60>) in gradient.
[2026-01-29 13:41:55,379] tensorflow - Level 1 - Registering TensorArraySplit (<function _TensorArraySplitGrad at 0x0000026514647A60>) in gradient.
[2026-01-29 13:41:55,393] tensorflow - Level 1 - Registering DenseToCSRSparseMatrix (<function _DenseToCSRSparseMatrixGrad at 0x0000026514647CE0>) in gradient.
[2026-01-29 13:41:55,395] tensorflow - Level 1 - Registering CSRSparseMatrixToDense (<function _CSRSparseMatrixToDenseGrad at 0x0000026514647E20>) in gradient.
[2026-01-29 13:41:55,395] tensorflow - Level 1 - Registering SparseTensorToCSRSparseMatrix (<function _SparseTensorToCSRSparseMatrixGrad at 0x00000265146A8860>) in gradient.
[2026-01-29 13:41:55,395] tensorflow - Level 1 - Registering CSRSparseMatrixToSparseTensor (<function _CSRSparseMatrixToSparseTensorGrad at 0x00000265146A87C0>) in gradient.
[2026-01-29 13:41:55,396] tensorflow - Level 1 - Registering SparseMatrixNNZ (None) in gradient.
[2026-01-29 13:41:55,396] tensorflow - Level 1 - Registering SparseMatrixZeros (None) in gradient.
[2026-01-29 13:41:55,396] tensorflow - Level 1 - Registering SparseMatrixAdd (<function _SparseMatrixAddGrad at 0x00000265146A8A40>) in gradient.
[2026-01-29 13:41:55,396] tensorflow - Level 1 - Registering SparseMatrixTranspose (<function _SparseMatrixTransposeGrad at 0x00000265146A8B80>) in gradient.
[2026-01-29 13:41:55,397] tensorflow - Level 1 - Registering SparseMatrixSoftmax (<function _SparseMatrixSoftmaxGrad at 0x00000265146A8C20>) in gradient.
[2026-01-29 13:41:55,397] tensorflow - Level 1 - Registering SparseMatrixMatMul (<function _SparseMatrixMatMulGrad at 0x00000265146A8CC0>) in gradient.
[2026-01-29 13:41:55,397] tensorflow - Level 1 - Registering SparseMatrixSparseMatMul (<function _SparseMatrixSparseMatMulGrad at 0x00000265146A8D60>) in gradient.
[2026-01-29 13:41:55,398] tensorflow - Level 1 - Registering SparseMatrixMul (<function _SparseMatrixMulGrad at 0x00000265146A8E00>) in gradient.
[2026-01-29 13:41:55,417] tensorflow - Level 1 - Registering FFT (<function _fft_grad at 0x00000265146DE8E0>) in gradient.
[2026-01-29 13:41:55,420] tensorflow - Level 1 - Registering IFFT (<function _ifft_grad at 0x00000265146DE980>) in gradient.
[2026-01-29 13:41:55,420] tensorflow - Level 1 - Registering FFT2D (<function _fft2d_grad at 0x00000265146DEA20>) in gradient.
[2026-01-29 13:41:55,421] tensorflow - Level 1 - Registering IFFT2D (<function _ifft2d_grad at 0x00000265146DEB60>) in gradient.
[2026-01-29 13:41:55,421] tensorflow - Level 1 - Registering FFT3D (<function _fft3d_grad at 0x00000265146DEC00>) in gradient.
[2026-01-29 13:41:55,421] tensorflow - Level 1 - Registering IFFT3D (<function _ifft3d_grad at 0x00000265146DECA0>) in gradient.
[2026-01-29 13:41:55,422] tensorflow - Level 1 - Registering RFFT (<function _rfft_grad_helper.<locals>._grad at 0x00000265146DF100>) in gradient.
[2026-01-29 13:41:55,423] tensorflow - Level 1 - Registering IRFFT (<function _irfft_grad_helper.<locals>._grad at 0x00000265146DF2E0>) in gradient.
[2026-01-29 13:41:55,423] tensorflow - Level 1 - Registering RFFT2D (<function _rfft_grad_helper.<locals>._grad at 0x00000265146DF380>) in gradient.
[2026-01-29 13:41:55,423] tensorflow - Level 1 - Registering IRFFT2D (<function _irfft_grad_helper.<locals>._grad at 0x00000265146DF420>) in gradient.
[2026-01-29 13:41:55,427] tensorflow - Level 1 - Registering GenerateVocabRemapping (None) in gradient.
[2026-01-29 13:41:55,429] tensorflow - Level 1 - Registering LoadAndRemapMatrix (None) in gradient.
[2026-01-29 13:41:55,465] tensorflow - Level 1 - Registering XlaVariadicReduce (None) in gradient.
[2026-01-29 13:41:55,467] tensorflow - Level 1 - Registering XlaSharding (<function _sharding_grad at 0x0000026514799D00>) in gradient.
[2026-01-29 13:41:55,467] tensorflow - Level 1 - Registering XlaSpmdFullToShardShape (<function _spmd_full_to_shard_shape_grad at 0x0000026514799DA0>) in gradient.
[2026-01-29 13:41:55,469] tensorflow - Level 1 - Registering XlaSpmdShardToFullShape (<function _spmd_shard_to_full_shape_grad at 0x0000026514799E40>) in gradient.
[2026-01-29 13:41:55,489] tensorflow - Level 1 - Registering CTCLoss (<function _CTCLossGrad at 0x00000265147DE2A0>) in gradient.
[2026-01-29 13:41:55,492] tensorflow - Level 1 - Registering CTCLossV2 (<function _CTCLossV2Grad at 0x00000265147DE340>) in gradient.
[2026-01-29 13:41:55,495] tensorflow - Level 1 - Registering CTCGreedyDecoder (None) in gradient.
[2026-01-29 13:41:55,495] tensorflow - Level 1 - Registering CTCBeamSearchDecoder (None) in gradient.
[2026-01-29 13:41:55,500] tensorflow - Level 1 - Registering FusedBatchNormGrad (<function _FusedBatchNormGradGrad at 0x00000265147DFD80>) in gradient.
[2026-01-29 13:41:55,503] tensorflow - Level 1 - Registering FusedBatchNormGradV2 (<function _FusedBatchNormGradGradV2 at 0x00000265147DFE20>) in gradient.
[2026-01-29 13:41:55,503] tensorflow - Level 1 - Registering FusedBatchNormGradV3 (<function _FusedBatchNormGradGradV3 at 0x00000265147DFF60>) in gradient.
[2026-01-29 13:41:55,523] tensorflow - Level 1 - Registering variables ((<class 'tensorflow.core.framework.variable_pb2.VariableDef'>, <function _to_proto_fn at 0x00000265148480E0>, <function _from_proto_fn at 0x0000026514848400>)) in proto functions.
[2026-01-29 13:41:55,525] tensorflow - Level 1 - Registering trainable_variables ((<class 'tensorflow.core.framework.variable_pb2.VariableDef'>, <function _to_proto_fn at 0x00000265148480E0>, <function _from_proto_fn at 0x0000026514848400>)) in proto functions.
[2026-01-29 13:41:55,525] tensorflow - Level 1 - Registering moving_average_variables ((<class 'tensorflow.core.framework.variable_pb2.VariableDef'>, <function _to_proto_fn at 0x00000265148480E0>, <function _from_proto_fn at 0x0000026514848400>)) in proto functions.
[2026-01-29 13:41:55,525] tensorflow - Level 1 - Registering local_variables ((<class 'tensorflow.core.framework.variable_pb2.VariableDef'>, <function _to_proto_fn at 0x00000265148480E0>, <function _from_proto_fn at 0x0000026514848400>)) in proto functions.
[2026-01-29 13:41:55,526] tensorflow - Level 1 - Registering model_variables ((<class 'tensorflow.core.framework.variable_pb2.VariableDef'>, <function _to_proto_fn at 0x00000265148480E0>, <function _from_proto_fn at 0x0000026514848400>)) in proto functions.
[2026-01-29 13:41:55,526] tensorflow - Level 1 - Registering global_step ((<class 'tensorflow.core.framework.variable_pb2.VariableDef'>, <function _to_proto_fn at 0x00000265148480E0>, <function _from_proto_fn at 0x0000026514848400>)) in proto functions.
[2026-01-29 13:41:55,526] tensorflow - Level 1 - Registering metric_variables ((<class 'tensorflow.core.framework.variable_pb2.VariableDef'>, <function _to_proto_fn at 0x00000265148480E0>, <function _from_proto_fn at 0x0000026514848400>)) in proto functions.
[2026-01-29 13:41:55,529] tensorflow - Level 1 - Registering RandomCrop (None) in gradient.
[2026-01-29 13:41:55,533] tensorflow - Level 1 - Registering HSVToRGB (None) in gradient.
[2026-01-29 13:41:55,533] tensorflow - Level 1 - Registering DrawBoundingBoxes (None) in gradient.
[2026-01-29 13:41:55,534] tensorflow - Level 1 - Registering SampleDistortedBoundingBox (None) in gradient.
[2026-01-29 13:41:55,534] tensorflow - Level 1 - Registering SampleDistortedBoundingBoxV2 (None) in gradient.
[2026-01-29 13:41:55,534] tensorflow - Level 1 - Registering ExtractGlimpse (None) in gradient.
[2026-01-29 13:41:55,535] tensorflow - Level 1 - Registering NonMaxSuppression (None) in gradient.
[2026-01-29 13:41:55,535] tensorflow - Level 1 - Registering NonMaxSuppressionV2 (None) in gradient.
[2026-01-29 13:41:55,535] tensorflow - Level 1 - Registering NonMaxSuppressionWithOverlaps (None) in gradient.
[2026-01-29 13:41:55,536] tensorflow - Level 1 - Registering GenerateBoundingBoxProposals (None) in gradient.
[2026-01-29 13:41:55,563] tensorflow - Level 1 - Registering ImageProjectiveTransformV2 (<function _image_projective_transform_grad at 0x0000026514924E00>) in gradient.
[2026-01-29 13:41:55,566] tensorflow - Level 1 - Registering ImageProjectiveTransformV3 (<function _image_projective_transform_v3_grad at 0x0000026514924FE0>) in gradient.
[2026-01-29 13:41:55,771] tensorflow - Level 1 - Registering savers ((<class 'tensorflow.core.protobuf.saver_pb2.SaverDef'>, <function Saver.to_proto at 0x0000026514BE0360>, <function Saver.from_proto at 0x0000026514BE0400>)) in proto functions.
[2026-01-29 13:41:55,788] tensorflow - Level 1 - Registering EagerPyFunc (<function _EagerPyFuncGrad at 0x0000026514C1CFE0>) in gradient.
[2026-01-29 13:41:55,792] tensorflow - Level 1 - Registering PyFunc (None) in gradient.
[2026-01-29 13:41:55,792] tensorflow - Level 1 - Registering PyFuncStateless (None) in gradient.
[2026-01-29 13:41:55,813] tensorflow - Level 1 - Registering ReduceDataset (None) in gradient.
[2026-01-29 13:41:55,822] tensorflow - Level 1 - Registering tensorflow.python.data.ops.dataset_ops (<function _tf2_callback at 0x0000026515067420>) in data_v2_callbacks.
[2026-01-29 13:41:55,832] tensorflow - Level 1 - Registering _resource_resolver (<function _resource_resolver at 0x00000265151080E0>) in acd_resource_resolvers.
[2026-01-29 13:41:55,849] tensorflow - Level 1 - Registering tensorflow.python.data.experimental.ops.counter (<function _tf2_callback at 0x000002651510B9C0>) in data_v2_callbacks.
[2026-01-29 13:41:55,873] tensorflow - Level 1 - Registering tensorflow.python.data.ops.readers (<function _tf2_callback at 0x0000026515108CC0>) in data_v2_callbacks.
[2026-01-29 13:41:55,877] tensorflow - Level 1 - Registering tensorflow.python.data.experimental.ops.interleave_ops (<function _tf2_callback at 0x000002651511CFE0>) in data_v2_callbacks.
[2026-01-29 13:41:55,913] tensorflow - Level 1 - Registering tensorflow.python.data.experimental.ops.random_ops (<function _tf2_callback at 0x00000265151C0180>) in data_v2_callbacks.
[2026-01-29 13:41:55,920] tensorflow - Level 1 - Registering tensorflow.python.data.experimental.ops.readers (<function _tf2_callback at 0x00000265151C1A80>) in data_v2_callbacks.
[2026-01-29 13:41:56,267] tensorflow - Level 1 - Registering tpu_replicated_input_resolver (<function tpu_replicated_input_resolver at 0x00000265154359E0>) in acd_resource_resolvers.
[2026-01-29 13:41:56,276] tensorflow - DEBUG - Falling back to TensorFlow client; we recommended you install the Cloud TPU client directly with pip install cloud-tpu-client.
[2026-01-29 13:41:56,537] tensorflow - Level 1 - Registering queue_runners ((<class 'tensorflow.core.protobuf.queue_runner_pb2.QueueRunnerDef'>, <function QueueRunner.to_proto at 0x0000026515731B20>, <function QueueRunner.from_proto at 0x0000026515731BC0>)) in proto functions.
[2026-01-29 13:41:57,300] h5py._conv - DEBUG - Creating converter from 7 to 5
[2026-01-29 13:41:57,300] h5py._conv - DEBUG - Creating converter from 5 to 7
[2026-01-29 13:41:57,301] h5py._conv - DEBUG - Creating converter from 7 to 5
[2026-01-29 13:41:57,301] h5py._conv - DEBUG - Creating converter from 5 to 7
[2026-01-29 13:41:57,652] tensorflow - Level 1 - Registering DebugGradientIdentity (<function _identify_gradient_grad at 0x000002651617A480>) in gradient.
[2026-01-29 13:41:57,655] tensorflow - Level 1 - Registering DebugGradientRefIdentity (<function _identify_gradient_grad_ref at 0x000002651617A520>) in gradient.
[2026-01-29 13:41:57,738] tensorflow - Level 1 - Registering DebugIdentityV2 (<function _debug_identity_v2_grad at 0x00000265162058A0>) in gradient.
[2026-01-29 13:41:58,312] tensorflow - Level 1 - Registering AudioMicrofrontend (None) in gradient.
[2026-01-29 13:41:58,511] tensorflow - Level 1 - Registering Reciprocal,flops (<function _reciprocal_flops at 0x00000265177971A0>) in statistical functions.
[2026-01-29 13:41:58,514] tensorflow - Level 1 - Registering Square,flops (<function _square_flops at 0x0000026517797240>) in statistical functions.
[2026-01-29 13:41:58,515] tensorflow - Level 1 - Registering Rsqrt,flops (<function _rsqrt_flops at 0x0000026517797380>) in statistical functions.
[2026-01-29 13:41:58,515] tensorflow - Level 1 - Registering Log,flops (<function _log_flops at 0x00000265177972E0>) in statistical functions.
[2026-01-29 13:41:58,516] tensorflow - Level 1 - Registering Neg,flops (<function _neg_flops at 0x0000026517797420>) in statistical functions.
[2026-01-29 13:41:58,516] tensorflow - Level 1 - Registering AssignSub,flops (<function _assign_sub_flops at 0x00000265177974C0>) in statistical functions.
[2026-01-29 13:41:58,517] tensorflow - Level 1 - Registering AssignAdd,flops (<function _assign_add_flops at 0x0000026517797560>) in statistical functions.
[2026-01-29 13:41:58,518] tensorflow - Level 1 - Registering L2Loss,flops (<function _l2_loss_flops at 0x0000026517797600>) in statistical functions.
[2026-01-29 13:41:58,518] tensorflow - Level 1 - Registering Softmax,flops (<function _softmax_flops at 0x00000265177976A0>) in statistical functions.
[2026-01-29 13:41:58,519] tensorflow - Level 1 - Registering AddV2,flops (<function _add_flops at 0x00000265177977E0>) in statistical functions.
[2026-01-29 13:41:58,519] tensorflow - Level 1 - Registering Add,flops (<function _add_flops at 0x00000265177977E0>) in statistical functions.
[2026-01-29 13:41:58,519] tensorflow - Level 1 - Registering Sub,flops (<function _sub_flops at 0x0000026517797880>) in statistical functions.
[2026-01-29 13:41:58,520] tensorflow - Level 1 - Registering Mul,flops (<function _mul_flops at 0x0000026517797920>) in statistical functions.
[2026-01-29 13:41:58,520] tensorflow - Level 1 - Registering RealDiv,flops (<function _real_div_flops at 0x00000265177979C0>) in statistical functions.
[2026-01-29 13:41:58,520] tensorflow - Level 1 - Registering Maximum,flops (<function _maximum_flops at 0x0000026517797A60>) in statistical functions.
[2026-01-29 13:41:58,520] tensorflow - Level 1 - Registering Minimum,flops (<function _minimum_flops at 0x0000026517797B00>) in statistical functions.
[2026-01-29 13:41:58,520] tensorflow - Level 1 - Registering Pow,flops (<function _pow_flops at 0x0000026517797BA0>) in statistical functions.
[2026-01-29 13:41:58,522] tensorflow - Level 1 - Registering RsqrtGrad,flops (<function _rsqrt_grad_flops at 0x0000026517797C40>) in statistical functions.
[2026-01-29 13:41:58,523] tensorflow - Level 1 - Registering GreaterEqual,flops (<function _greater_equal_flops at 0x0000026517797CE0>) in statistical functions.
[2026-01-29 13:41:58,523] tensorflow - Level 1 - Registering Greater,flops (<function _greater_flops at 0x0000026517797D80>) in statistical functions.
[2026-01-29 13:41:58,523] tensorflow - Level 1 - Registering LessEqual,flops (<function _less_equal_flops at 0x0000026517797E20>) in statistical functions.
[2026-01-29 13:41:58,525] tensorflow - Level 1 - Registering Less,flops (<function _less_flops at 0x0000026517797EC0>) in statistical functions.
[2026-01-29 13:41:58,526] tensorflow - Level 1 - Registering Equal,flops (<function _equal_flops at 0x0000026517797F60>) in statistical functions.
[2026-01-29 13:41:58,526] tensorflow - Level 1 - Registering NotEqual,flops (<function _not_equal_flops at 0x00000265177C8040>) in statistical functions.
[2026-01-29 13:41:58,527] tensorflow - Level 1 - Registering SquaredDifference,flops (<function _squared_difference_flops at 0x00000265177C80E0>) in statistical functions.
[2026-01-29 13:41:58,527] tensorflow - Level 1 - Registering Mean,flops (<function _mean_flops at 0x00000265177C8220>) in statistical functions.
[2026-01-29 13:41:58,528] tensorflow - Level 1 - Registering Sum,flops (<function _sum_flops at 0x00000265177C82C0>) in statistical functions.
[2026-01-29 13:41:58,529] tensorflow - Level 1 - Registering ArgMax,flops (<function _arg_max_flops at 0x00000265177C8360>) in statistical functions.
[2026-01-29 13:41:58,530] tensorflow - Level 1 - Registering ArgMin,flops (<function _arg_min_flops at 0x00000265177C8400>) in statistical functions.
[2026-01-29 13:41:58,531] tensorflow - Level 1 - Registering BiasAddGrad,flops (<function _bias_add_grad_flops at 0x00000265177C84A0>) in statistical functions.
[2026-01-29 13:41:58,531] tensorflow - Level 1 - Registering AvgPool,flops (<function _avg_pool_flops at 0x00000265177C8680>) in statistical functions.
[2026-01-29 13:41:58,532] tensorflow - Level 1 - Registering MaxPool,flops (<function _max_pool_flops at 0x00000265177C8720>) in statistical functions.
[2026-01-29 13:41:58,532] tensorflow - Level 1 - Registering AvgPoolGrad,flops (<function _avg_pool_grad_flops at 0x00000265177C87C0>) in statistical functions.
[2026-01-29 13:41:58,532] tensorflow - Level 1 - Registering MaxPoolGrad,flops (<function _max_pool_grad_flops at 0x00000265177C8860>) in statistical functions.
[2026-01-29 13:41:58,533] tensorflow - Level 1 - Registering Conv2DBackpropInput,flops (<function _conv_2d_backprop_input_flops at 0x00000265177C8900>) in statistical functions.
[2026-01-29 13:41:58,533] tensorflow - Level 1 - Registering Conv2DBackpropFilter,flops (<function _conv_2d_backprop_filter_flops at 0x00000265177C89A0>) in statistical functions.
[2026-01-29 13:41:58,533] tensorflow - Level 1 - Registering AddN,flops (<function _add_n_flops at 0x00000265177C8A40>) in statistical functions.
[2026-01-29 13:41:58,533] tensorflow - Level 1 - Registering MatMul,flops (<function _calc_mat_mul_flops at 0x00000265177C8AE0>) in statistical functions.
[2026-01-29 13:41:58,533] tensorflow - Level 1 - Registering BatchMatMulV3,flops (<function _calc_batch_mat_mul_flops at 0x00000265177C8B80>) in statistical functions.
[2026-01-29 13:41:58,535] tensorflow - Level 1 - Registering BatchMatMulV2,flops (<function _calc_batch_mat_mul_flops at 0x00000265177C8B80>) in statistical functions.
[2026-01-29 13:41:58,535] tensorflow - Level 1 - Registering BatchMatMul,flops (<function _calc_batch_mat_mul_flops at 0x00000265177C8B80>) in statistical functions.
[2026-01-29 13:41:59,944] tensorflow - Level 1 - Enabling eager execution
[2026-01-29 13:41:59,945] tensorflow - Level 1 - Enabling v2 tensorshape
[2026-01-29 13:41:59,945] tensorflow - Level 1 - Enabling resource variables
[2026-01-29 13:41:59,946] tensorflow - Level 1 - Enabling tensor equality
[2026-01-29 13:41:59,947] tensorflow - Level 1 - Enabling control flow v2
[2026-01-29 13:42:00,675] pydot - DEBUG - pydot initializing
[2026-01-29 13:42:00,675] pydot - DEBUG - pydot 4.0.1
[2026-01-29 13:42:00,699] pydot.core - DEBUG - pydot core module initializing
[2026-01-29 13:42:02,512] matplotlib - DEBUG - matplotlib data path: C:\Users\BS\anaconda3\Lib\site-packages\matplotlib\mpl-data
[2026-01-29 13:42:02,540] matplotlib - DEBUG - CONFIGDIR=C:\Users\BS\.matplotlib
[2026-01-29 13:42:02,547] matplotlib - DEBUG - interactive is False
[2026-01-29 13:42:02,549] matplotlib - DEBUG - platform is win32
[2026-01-29 13:42:02,773] matplotlib - DEBUG - CACHEDIR=C:\Users\BS\.matplotlib
[2026-01-29 13:42:02,784] matplotlib.font_manager - DEBUG - Using fontManager instance from C:\Users\BS\.matplotlib\fontlist-v390.json
