[2026-02-05 15:28:38,539] pydot - DEBUG - pydot initializing
[2026-02-05 15:28:38,539] pydot - DEBUG - pydot 4.0.1
[2026-02-05 15:28:38,543] pydot.core - DEBUG - pydot core module initializing
[2026-02-05 15:28:47,836] tensorflow - Level 1 - Registering Relayout (<function _relayout_gradient at 0x000001C02A165120>) in gradient.
[2026-02-05 15:28:47,838] tensorflow - Level 1 - Registering RelayoutLike (<function _relayout_grad_gradient at 0x000001C02A165260>) in gradient.
[2026-02-05 15:28:47,838] tensorflow - Level 1 - Registering CopyToMesh (<function _copy_to_mesh_gradient at 0x000001C02A165940>) in gradient.
[2026-02-05 15:28:47,838] tensorflow - Level 1 - Registering CopyToMeshGrad (<function _copy_to_mesh_grad_gradient at 0x000001C02A1658A0>) in gradient.
[2026-02-05 15:28:47,849] tensorflow - Level 1 - Registering FakeQuantWithMinMaxArgs (<function _FakeQuantWithMinMaxArgsGradient at 0x000001C02A21D9E0>) in gradient.
[2026-02-05 15:28:47,849] tensorflow - Level 1 - Registering FakeQuantWithMinMaxVars (<function _FakeQuantWithMinMaxVarsGradient at 0x000001C02A21DBC0>) in gradient.
[2026-02-05 15:28:47,849] tensorflow - Level 1 - Registering FakeQuantWithMinMaxVarsPerChannel (<function _FakeQuantWithMinMaxVarsPerChannelGradient at 0x000001C02A21E160>) in gradient.
[2026-02-05 15:28:47,849] tensorflow - Level 1 - Registering QuantizeAndDequantizeV4 (<function _QuantizeAndDequantizeV4Grad at 0x000001C02A21E200>) in gradient.
[2026-02-05 15:28:47,849] tensorflow - Level 1 - Registering QuantizeAndDequantizeV4Grad (<function _QuantizeAndDequantizeV4GradGrad at 0x000001C02A21E2A0>) in gradient.
[2026-02-05 15:28:47,889] tensorflow - Level 1 - Registering TensorListConcatLists (None) in gradient.
[2026-02-05 15:28:47,891] tensorflow - Level 1 - Registering TensorListElementShape (None) in gradient.
[2026-02-05 15:28:47,891] tensorflow - Level 1 - Registering TensorListLength (None) in gradient.
[2026-02-05 15:28:47,891] tensorflow - Level 1 - Registering TensorListPushBackBatch (None) in gradient.
[2026-02-05 15:28:47,891] tensorflow - Level 1 - Registering TensorListPushBack (<function _PushBackGrad at 0x000001C02A3BAB60>) in gradient.
[2026-02-05 15:28:47,891] tensorflow - Level 1 - Registering TensorListPopBack (<function _PopBackGrad at 0x000001C02A3BAC00>) in gradient.
[2026-02-05 15:28:47,891] tensorflow - Level 1 - Registering TensorListStack (<function _TensorListStackGrad at 0x000001C02A3BACA0>) in gradient.
[2026-02-05 15:28:47,891] tensorflow - Level 1 - Registering TensorListConcatV2 (<function _TensorListConcatGrad at 0x000001C02A3BAD40>) in gradient.
[2026-02-05 15:28:47,891] tensorflow - Level 1 - Registering TensorListConcat (<function _TensorListConcatGrad at 0x000001C02A3BAD40>) in gradient.
[2026-02-05 15:28:47,893] tensorflow - Level 1 - Registering TensorListSplit (<function _TensorListSplitGrad at 0x000001C02A3BADE0>) in gradient.
[2026-02-05 15:28:47,893] tensorflow - Level 1 - Registering TensorListFromTensor (<function _TensorListFromTensorGrad at 0x000001C02A3BAE80>) in gradient.
[2026-02-05 15:28:47,893] tensorflow - Level 1 - Registering TensorListGetItem (<function _TensorListGetItemGrad at 0x000001C02A3BAF20>) in gradient.
[2026-02-05 15:28:47,893] tensorflow - Level 1 - Registering TensorListSetItem (<function _TensorListSetItemGrad at 0x000001C02A3BAFC0>) in gradient.
[2026-02-05 15:28:47,893] tensorflow - Level 1 - Registering TensorListResize (<function _TensorListResizeGrad at 0x000001C02A3BB060>) in gradient.
[2026-02-05 15:28:47,893] tensorflow - Level 1 - Registering TensorListGather (<function _TensorListGatherGrad at 0x000001C02A3BB100>) in gradient.
[2026-02-05 15:28:47,893] tensorflow - Level 1 - Registering TensorListScatterV2 (<function _TensorListScatterGrad at 0x000001C02A3BB1A0>) in gradient.
[2026-02-05 15:28:47,893] tensorflow - Level 1 - Registering TensorListScatter (<function _TensorListScatterGrad at 0x000001C02A3BB1A0>) in gradient.
[2026-02-05 15:28:47,893] tensorflow - Level 1 - Registering TensorListScatterIntoExistingList (<function _TensorListScatterIntoExistingListGrad at 0x000001C02A3BB240>) in gradient.
[2026-02-05 15:28:47,961] tensorflow - Level 1 - Registering AccumulateNV2 (<function _accumulate_n_grad at 0x000001C02A5804A0>) in gradient.
[2026-02-05 15:28:48,000] tensorflow - Level 1 - Registering cond_context ((<class 'tensorflow.core.protobuf.control_flow_pb2.CondContextDef'>, <function CondContext.to_proto at 0x000001C02A6674C0>, <function CondContext.from_proto at 0x000001C02A667560>)) in proto functions.
[2026-02-05 15:28:48,003] tensorflow - Level 1 - Registering while_context ((<class 'tensorflow.core.protobuf.control_flow_pb2.WhileContextDef'>, <function WhileContext.to_proto at 0x000001C02A6A0360>, <function WhileContext.from_proto at 0x000001C02A6A04A0>)) in proto functions.
[2026-02-05 15:28:48,003] tensorflow - Level 1 - Registering _identity_resolver (<function _identity_resolver at 0x000001C02A6A2340>) in acd_resource_resolvers.
[2026-02-05 15:28:48,068] tensorflow - Level 1 - Registering Assign (None) in gradient.
[2026-02-05 15:28:48,070] tensorflow - Level 1 - Registering AssignAdd (None) in gradient.
[2026-02-05 15:28:48,070] tensorflow - Level 1 - Registering AssignSub (None) in gradient.
[2026-02-05 15:28:48,070] tensorflow - Level 1 - Registering ScatterAdd (None) in gradient.
[2026-02-05 15:28:48,070] tensorflow - Level 1 - Registering ScatterSub (None) in gradient.
[2026-02-05 15:28:48,070] tensorflow - Level 1 - Registering ScatterMul (None) in gradient.
[2026-02-05 15:28:48,070] tensorflow - Level 1 - Registering ScatterDiv (None) in gradient.
[2026-02-05 15:28:48,070] tensorflow - Level 1 - Registering ScatterNdUpdate (None) in gradient.
[2026-02-05 15:28:48,070] tensorflow - Level 1 - Registering ScatterNdAdd (None) in gradient.
[2026-02-05 15:28:48,070] tensorflow - Level 1 - Registering ScatterNdSub (None) in gradient.
[2026-02-05 15:28:48,070] tensorflow - Level 1 - Registering ScatterNdMul (None) in gradient.
[2026-02-05 15:28:48,070] tensorflow - Level 1 - Registering ScatterNdDiv (None) in gradient.
[2026-02-05 15:28:48,070] tensorflow - Level 1 - Registering ReadVariableOp (<function _ReadGrad at 0x000001C01EA56200>) in gradient.
[2026-02-05 15:28:48,070] tensorflow - Level 1 - Registering ResourceGather (<function _GatherGrad at 0x000001C01EA57240>) in gradient.
[2026-02-05 15:28:48,070] tensorflow - Level 1 - Registering Assert (None) in gradient.
[2026-02-05 15:28:48,070] tensorflow - Level 1 - Registering VarIsInitializedOp (None) in gradient.
[2026-02-05 15:28:48,070] tensorflow - Level 1 - Registering VariableShape (None) in gradient.
[2026-02-05 15:28:48,101] tensorflow - Level 1 - Registering RandomStandardNormal (None) in gradient.
[2026-02-05 15:28:48,101] tensorflow - Level 1 - Registering ParameterizedTruncatedNormal (None) in gradient.
[2026-02-05 15:28:48,101] tensorflow - Level 1 - Registering TruncatedNormal (None) in gradient.
[2026-02-05 15:28:48,101] tensorflow - Level 1 - Registering RandomUniform (None) in gradient.
[2026-02-05 15:28:48,101] tensorflow - Level 1 - Registering RandomShuffle (None) in gradient.
[2026-02-05 15:28:48,101] tensorflow - Level 1 - Registering Multinomial (None) in gradient.
[2026-02-05 15:28:48,146] tensorflow - Level 1 - Registering If (<function _IfGrad at 0x000001C01EC2EA20>) in gradient.
[2026-02-05 15:28:48,148] tensorflow - Level 1 - Registering StatelessIf (<function _IfGrad at 0x000001C01EC2EA20>) in gradient.
[2026-02-05 15:28:48,148] tensorflow - Level 1 - Registering StatelessCase (<function _CaseGrad at 0x000001C01EC5C180>) in gradient.
[2026-02-05 15:28:48,149] tensorflow - Level 1 - Registering Case (<function _CaseGrad at 0x000001C01EC5C180>) in gradient.
[2026-02-05 15:28:48,165] tensorflow - Level 1 - Registering While (<function _WhileGrad at 0x000001C01ECB2A20>) in gradient.
[2026-02-05 15:28:48,165] tensorflow - Level 1 - Registering StatelessWhile (<function _WhileGrad at 0x000001C01ECB2A20>) in gradient.
[2026-02-05 15:28:48,244] tensorflow - Level 1 - Registering EnsureShape (<function _ensure_shape_grad at 0x000001C02B14A200>) in gradient.
[2026-02-05 15:28:48,260] tensorflow - Level 1 - Registering RaggedTensorToSparse (<function _ragged_tensor_to_sparse_gradient at 0x000001C02B1D2200>) in gradient.
[2026-02-05 15:28:48,275] tensorflow - Level 1 - Registering Conv2DBackpropInput (<function _Conv2DBackpropInputGrad at 0x000001C02B242660>) in gradient.
[2026-02-05 15:28:48,275] tensorflow - Level 1 - Registering Conv2DBackpropFilter (<function _Conv2DBackpropFilterGrad at 0x000001C02B242CA0>) in gradient.
[2026-02-05 15:28:48,275] tensorflow - Level 1 - Registering DepthwiseConv2dNativeBackpropInput (<function _DepthwiseConv2dNativeBackpropInputGrad at 0x000001C02B2432E0>) in gradient.
[2026-02-05 15:28:48,275] tensorflow - Level 1 - Registering DepthwiseConv2dNativeBackpropFilter (<function _DepthwiseConv2dNativeBackpropFilterGrad at 0x000001C02B243A60>) in gradient.
[2026-02-05 15:28:48,275] tensorflow - Level 1 - Registering Conv3D (<function _Conv3DGrad at 0x000001C02B243B00>) in gradient.
[2026-02-05 15:28:48,275] tensorflow - Level 1 - Registering Conv3DBackpropInputV2 (<function _Conv3DBackpropInputGrad at 0x000001C02B243BA0>) in gradient.
[2026-02-05 15:28:48,275] tensorflow - Level 1 - Registering Conv3DBackpropFilterV2 (<function _Conv3DBackpropFilterGrad at 0x000001C02B243C40>) in gradient.
[2026-02-05 15:28:48,275] tensorflow - Level 1 - Registering AvgPool3D (<function _AvgPool3DGrad at 0x000001C02B243CE0>) in gradient.
[2026-02-05 15:28:48,275] tensorflow - Level 1 - Registering AvgPool3DGrad (<function _AvgPool3DGradGrad at 0x000001C02B243D80>) in gradient.
[2026-02-05 15:28:48,275] tensorflow - Level 1 - Registering MaxPool3D (<function _MaxPool3DGrad at 0x000001C02B243E20>) in gradient.
[2026-02-05 15:28:48,275] tensorflow - Level 1 - Registering MaxPool3DGrad (<function _MaxPool3DGradGrad at 0x000001C02B243EC0>) in gradient.
[2026-02-05 15:28:48,275] tensorflow - Level 1 - Registering MaxPool3DGradGrad (<function _MaxPool3DGradGradGrad at 0x000001C02B243F60>) in gradient.
[2026-02-05 15:28:48,275] tensorflow - Level 1 - Registering Softmax (<function _SoftmaxGrad at 0x000001C02B298040>) in gradient.
[2026-02-05 15:28:48,275] tensorflow - Level 1 - Registering LogSoftmax (<function _LogSoftmaxGrad at 0x000001C02B2980E0>) in gradient.
[2026-02-05 15:28:48,275] tensorflow - Level 1 - Registering BiasAdd (<function _BiasAddGrad at 0x000001C02B298180>) in gradient.
[2026-02-05 15:28:48,275] tensorflow - Level 1 - Registering BiasAddGrad (<function _BiasAddGradGrad at 0x000001C02B298220>) in gradient.
[2026-02-05 15:28:48,275] tensorflow - Level 1 - Registering BiasAddV1 (<function _BiasAddGradV1 at 0x000001C02B2982C0>) in gradient.
[2026-02-05 15:28:48,275] tensorflow - Level 1 - Registering Relu (<function _ReluGrad at 0x000001C02B298360>) in gradient.
[2026-02-05 15:28:48,275] tensorflow - Level 1 - Registering EluGrad (<function _EluGradGrad at 0x000001C02B298400>) in gradient.
[2026-02-05 15:28:48,275] tensorflow - Level 1 - Registering SeluGrad (<function _SeluGradGrad at 0x000001C02B2984A0>) in gradient.
[2026-02-05 15:28:48,275] tensorflow - Level 1 - Registering Relu6 (<function _Relu6Grad at 0x000001C02B298540>) in gradient.
[2026-02-05 15:28:48,275] tensorflow - Level 1 - Registering Relu6Grad (<function _Relu6GradGrad at 0x000001C02B2985E0>) in gradient.
[2026-02-05 15:28:48,275] tensorflow - Level 1 - Registering LeakyRelu (<function _LeakyReluGrad at 0x000001C02B298680>) in gradient.
[2026-02-05 15:28:48,275] tensorflow - Level 1 - Registering LeakyReluGrad (<function _LeakyReluGradGrad at 0x000001C02B298720>) in gradient.
[2026-02-05 15:28:48,275] tensorflow - Level 1 - Registering Elu (<function _EluGrad at 0x000001C02B2987C0>) in gradient.
[2026-02-05 15:28:48,275] tensorflow - Level 1 - Registering Selu (<function _SeluGrad at 0x000001C02B298860>) in gradient.
[2026-02-05 15:28:48,275] tensorflow - Level 1 - Registering Softplus (<function _SoftplusGrad at 0x000001C02B298900>) in gradient.
[2026-02-05 15:28:48,275] tensorflow - Level 1 - Registering SoftplusGrad (<function _SoftplusGradGrad at 0x000001C02B2989A0>) in gradient.
[2026-02-05 15:28:48,275] tensorflow - Level 1 - Registering Softsign (<function _SoftsignGrad at 0x000001C02B298A40>) in gradient.
[2026-02-05 15:28:48,275] tensorflow - Level 1 - Registering ReluGrad (<function _ReluGradGrad at 0x000001C02B298AE0>) in gradient.
[2026-02-05 15:28:48,275] tensorflow - Level 1 - Registering SoftmaxCrossEntropyWithLogits (<function _SoftmaxCrossEntropyWithLogitsGrad at 0x000001C02B298C20>) in gradient.
[2026-02-05 15:28:48,275] tensorflow - Level 1 - Registering SparseSoftmaxCrossEntropyWithLogits (<function _SparseSoftmaxCrossEntropyWithLogitsGrad at 0x000001C02B298CC0>) in gradient.
[2026-02-05 15:28:48,275] tensorflow - Level 1 - Registering Conv2D (<function _Conv2DGrad at 0x000001C02B298D60>) in gradient.
[2026-02-05 15:28:48,275] tensorflow - Level 1 - Registering DepthwiseConv2dNative (<function _DepthwiseConv2dNativeGrad at 0x000001C02B298E00>) in gradient.
[2026-02-05 15:28:48,275] tensorflow - Level 1 - Registering Dilation2D (<function _Dilation2DGrad at 0x000001C02B298EA0>) in gradient.
[2026-02-05 15:28:48,275] tensorflow - Level 1 - Registering LRN (<function _LRNGrad at 0x000001C02B298F40>) in gradient.
[2026-02-05 15:28:48,275] tensorflow - Level 1 - Registering AvgPool (<function _AvgPoolGrad at 0x000001C02B298FE0>) in gradient.
[2026-02-05 15:28:48,275] tensorflow - Level 1 - Registering AvgPoolGrad (<function _AvgPoolGradGrad at 0x000001C02B299080>) in gradient.
[2026-02-05 15:28:48,275] tensorflow - Level 1 - Registering MaxPool (<function _MaxPoolGrad at 0x000001C02B299120>) in gradient.
[2026-02-05 15:28:48,275] tensorflow - Level 1 - Registering MaxPoolV2 (<function _MaxPoolGradV2 at 0x000001C02B2991C0>) in gradient.
[2026-02-05 15:28:48,275] tensorflow - Level 1 - Registering MaxPoolWithArgmax (<function _MaxPoolGradWithArgmax at 0x000001C02B299260>) in gradient.
[2026-02-05 15:28:48,275] tensorflow - Level 1 - Registering MaxPoolGrad (<function _MaxPoolGradGrad at 0x000001C02B299300>) in gradient.
[2026-02-05 15:28:48,275] tensorflow - Level 1 - Registering MaxPoolGradV2 (<function _MaxPoolGradGradV2 at 0x000001C02B2993A0>) in gradient.
[2026-02-05 15:28:48,275] tensorflow - Level 1 - Registering MaxPoolGradGrad (<function _MaxPoolGradGradGrad at 0x000001C02B299440>) in gradient.
[2026-02-05 15:28:48,275] tensorflow - Level 1 - Registering FractionalMaxPool (<function _FractionalMaxPoolGrad at 0x000001C02B2994E0>) in gradient.
[2026-02-05 15:28:48,275] tensorflow - Level 1 - Registering FractionalAvgPool (<function _FractionalAvgPoolGrad at 0x000001C02B299580>) in gradient.
[2026-02-05 15:28:48,275] tensorflow - Level 1 - Registering BatchNormWithGlobalNormalization (<function _BatchNormWithGlobalNormalizationGrad at 0x000001C02B299620>) in gradient.
[2026-02-05 15:28:48,275] tensorflow - Level 1 - Registering FusedBatchNorm (<function _FusedBatchNormGrad at 0x000001C02B299760>) in gradient.
[2026-02-05 15:28:48,275] tensorflow - Level 1 - Registering FusedBatchNormV2 (<function _FusedBatchNormV2Grad at 0x000001C02B299800>) in gradient.
[2026-02-05 15:28:48,275] tensorflow - Level 1 - Registering FusedBatchNormV3 (<function _FusedBatchNormV3Grad at 0x000001C02B2998A0>) in gradient.
[2026-02-05 15:28:48,275] tensorflow - Level 1 - Registering L2Loss (<function _L2LossGrad at 0x000001C02B299940>) in gradient.
[2026-02-05 15:28:48,275] tensorflow - Level 1 - Registering TopKV2 (<function _TopKGrad at 0x000001C02B2999E0>) in gradient.
[2026-02-05 15:28:48,275] tensorflow - Level 1 - Registering TopK (<function _TopKGrad at 0x000001C02B2999E0>) in gradient.
[2026-02-05 15:28:48,275] tensorflow - Level 1 - Registering ApproxTopK (<function _ApproxTopKGradient at 0x000001C02B299A80>) in gradient.
[2026-02-05 15:28:48,275] tensorflow - Level 1 - Registering NthElement (<function _NthElementGrad at 0x000001C02B299B20>) in gradient.
[2026-02-05 15:28:48,275] tensorflow - Level 1 - Registering IsotonicRegression (<function _IsotonicRegressionGrad at 0x000001C02B299C60>) in gradient.
[2026-02-05 15:28:48,291] tensorflow - Level 1 - Registering BitwiseAnd (None) in gradient.
[2026-02-05 15:28:48,291] tensorflow - Level 1 - Registering BitwiseOr (None) in gradient.
[2026-02-05 15:28:48,291] tensorflow - Level 1 - Registering BitwiseXor (None) in gradient.
[2026-02-05 15:28:48,291] tensorflow - Level 1 - Registering Invert (None) in gradient.
[2026-02-05 15:28:48,291] tensorflow - Level 1 - Registering PopulationCount (None) in gradient.
[2026-02-05 15:28:48,291] tensorflow - Level 1 - Registering LeftShift (None) in gradient.
[2026-02-05 15:28:48,291] tensorflow - Level 1 - Registering RightShift (None) in gradient.
[2026-02-05 15:28:48,291] tensorflow - Level 1 - Registering StatelessMultinomial (None) in gradient.
[2026-02-05 15:28:48,291] tensorflow - Level 1 - Registering StatelessRandomBinomial (None) in gradient.
[2026-02-05 15:28:48,291] tensorflow - Level 1 - Registering StatelessRandomNormal (None) in gradient.
[2026-02-05 15:28:48,291] tensorflow - Level 1 - Registering StatelessRandomPoisson (None) in gradient.
[2026-02-05 15:28:48,291] tensorflow - Level 1 - Registering StatelessRandomUniform (None) in gradient.
[2026-02-05 15:28:48,291] tensorflow - Level 1 - Registering StatelessRandomUniformInt (None) in gradient.
[2026-02-05 15:28:48,291] tensorflow - Level 1 - Registering StatelessRandomUniformFullInt (None) in gradient.
[2026-02-05 15:28:48,291] tensorflow - Level 1 - Registering StatelessTruncatedNormal (None) in gradient.
[2026-02-05 15:28:48,291] tensorflow - Level 1 - Registering StatelessRandomNormalV2 (None) in gradient.
[2026-02-05 15:28:48,291] tensorflow - Level 1 - Registering StatelessRandomUniformV2 (None) in gradient.
[2026-02-05 15:28:48,291] tensorflow - Level 1 - Registering StatelessRandomUniformIntV2 (None) in gradient.
[2026-02-05 15:28:48,291] tensorflow - Level 1 - Registering StatelessRandomUniformFullIntV2 (None) in gradient.
[2026-02-05 15:28:48,291] tensorflow - Level 1 - Registering StatelessTruncatedNormalV2 (None) in gradient.
[2026-02-05 15:28:48,291] tensorflow - Level 1 - Registering StatelessRandomShuffle (None) in gradient.
[2026-02-05 15:28:48,291] tensorflow - Level 1 - Registering RandomIndexShuffle (None) in gradient.
[2026-02-05 15:28:48,307] tensorflow - Level 1 - Registering Conv3D,flops (<function _calc_conv3d_flops at 0x000001C02B328400>) in statistical functions.
[2026-02-05 15:28:48,307] tensorflow - Level 1 - Registering Conv2D,flops (<function _calc_conv_flops at 0x000001C02B3285E0>) in statistical functions.
[2026-02-05 15:28:48,307] tensorflow - Level 1 - Registering DepthwiseConv2dNative,flops (<function _calc_depthwise_conv_flops at 0x000001C02B328B80>) in statistical functions.
[2026-02-05 15:28:48,307] tensorflow - Level 1 - Registering BiasAdd,flops (<function _calc_bias_add_flops at 0x000001C02B328C20>) in statistical functions.
[2026-02-05 15:28:48,307] tensorflow - Level 1 - Registering Dilation2D,flops (<function _calc_dilation2d_flops at 0x000001C02B32A700>) in statistical functions.
[2026-02-05 15:28:48,323] tensorflow - Level 1 - Registering CompositeTensorVariantFromComponents (<function _composite_tensor_to_variants_grad at 0x000001C02B3D7740>) in gradient.
[2026-02-05 15:28:48,323] tensorflow - Level 1 - Registering CompositeTensorVariantToComponents (<function _composite_tensor_from_variant_grad at 0x000001C02B3D77E0>) in gradient.
[2026-02-05 15:28:48,340] tensorflow - Level 1 - Registering RaggedRange (None) in gradient.
[2026-02-05 15:28:48,340] tensorflow - Level 1 - Registering RaggedFillEmptyRows (<function _ragged_fill_empty_rows_grad at 0x000001C02B478720>) in gradient.
[2026-02-05 15:28:48,354] tensorflow - Level 1 - Registering RaggedGather (<function _ragged_gather_grad at 0x000001C02B47A5C0>) in gradient.
[2026-02-05 15:28:48,360] tensorflow - Level 1 - Registering RegexReplace (None) in gradient.
[2026-02-05 15:28:48,361] tensorflow - Level 1 - Registering StringToHashBucket (None) in gradient.
[2026-02-05 15:28:48,361] tensorflow - Level 1 - Registering StringToHashBucketFast (None) in gradient.
[2026-02-05 15:28:48,361] tensorflow - Level 1 - Registering StringToHashBucketStrong (None) in gradient.
[2026-02-05 15:28:48,361] tensorflow - Level 1 - Registering ReduceJoin (None) in gradient.
[2026-02-05 15:28:48,361] tensorflow - Level 1 - Registering StringJoin (None) in gradient.
[2026-02-05 15:28:48,361] tensorflow - Level 1 - Registering StringSplit (None) in gradient.
[2026-02-05 15:28:48,361] tensorflow - Level 1 - Registering AsString (None) in gradient.
[2026-02-05 15:28:48,361] tensorflow - Level 1 - Registering EncodeBase64 (None) in gradient.
[2026-02-05 15:28:48,361] tensorflow - Level 1 - Registering DecodeBase64 (None) in gradient.
[2026-02-05 15:28:48,362] tensorflow - Level 1 - Registering Print (<function _PrintGrad at 0x000001C02B4BD260>) in gradient.
[2026-02-05 15:28:48,364] tensorflow - Level 1 - Registering HistogramSummary (None) in gradient.
[2026-02-05 15:28:48,364] tensorflow - Level 1 - Registering ImageSummary (None) in gradient.
[2026-02-05 15:28:48,364] tensorflow - Level 1 - Registering AudioSummary (None) in gradient.
[2026-02-05 15:28:48,364] tensorflow - Level 1 - Registering AudioSummaryV2 (None) in gradient.
[2026-02-05 15:28:48,364] tensorflow - Level 1 - Registering MergeSummary (None) in gradient.
[2026-02-05 15:28:48,365] tensorflow - Level 1 - Registering ScalarSummary (None) in gradient.
[2026-02-05 15:28:48,365] tensorflow - Level 1 - Registering TensorSummary (None) in gradient.
[2026-02-05 15:28:48,365] tensorflow - Level 1 - Registering TensorSummaryV2 (None) in gradient.
[2026-02-05 15:28:48,365] tensorflow - Level 1 - Registering Timestamp (None) in gradient.
[2026-02-05 15:28:48,389] tensorflow - Level 1 - Registering XlaEinsum (<function _einsum_grad at 0x000001C02B5702C0>) in gradient.
[2026-02-05 15:28:48,393] tensorflow - Level 1 - Registering RaggedTensorToTensor (<function _ragged_tensor_to_tensor_grad at 0x000001C02B5A1260>) in gradient.
[2026-02-05 15:28:48,393] tensorflow - Level 1 - Registering RaggedTensorFromVariant (<function _ragged_tensor_from_variant_grad at 0x000001C02B5A14E0>) in gradient.
[2026-02-05 15:28:48,393] tensorflow - Level 1 - Registering RaggedTensorToVariant (<function _ragged_tensor_to_variant_grad at 0x000001C02B5A1580>) in gradient.
[2026-02-05 15:28:48,396] tensorflow - Level 1 - Registering ClipByValue (<function _clip_by_value_grad at 0x000001C02B5A1C60>) in gradient.
[2026-02-05 15:28:48,400] tensorflow - Level 1 - Registering DynamicPartition (<function _DynamicPartitionGrads at 0x000001C02B5A2660>) in gradient.
[2026-02-05 15:28:48,400] tensorflow - Level 1 - Registering ParallelDynamicStitch (<function _DynamicStitchGrads at 0x000001C02B5A2980>) in gradient.
[2026-02-05 15:28:48,400] tensorflow - Level 1 - Registering DynamicStitch (<function _DynamicStitchGrads at 0x000001C02B5A2980>) in gradient.
[2026-02-05 15:28:48,400] tensorflow - Level 1 - Registering Queue (None) in gradient.
[2026-02-05 15:28:48,400] tensorflow - Level 1 - Registering QueueEnqueue (None) in gradient.
[2026-02-05 15:28:48,400] tensorflow - Level 1 - Registering QueueEnqueueMany (None) in gradient.
[2026-02-05 15:28:48,400] tensorflow - Level 1 - Registering QueueDequeue (None) in gradient.
[2026-02-05 15:28:48,400] tensorflow - Level 1 - Registering QueueDequeueMany (None) in gradient.
[2026-02-05 15:28:48,400] tensorflow - Level 1 - Registering QueueDequeueUpTo (None) in gradient.
[2026-02-05 15:28:48,400] tensorflow - Level 1 - Registering QueueClose (None) in gradient.
[2026-02-05 15:28:48,400] tensorflow - Level 1 - Registering QueueSize (None) in gradient.
[2026-02-05 15:28:48,400] tensorflow - Level 1 - Registering Stack (None) in gradient.
[2026-02-05 15:28:48,400] tensorflow - Level 1 - Registering StackPush (None) in gradient.
[2026-02-05 15:28:48,400] tensorflow - Level 1 - Registering StackPop (None) in gradient.
[2026-02-05 15:28:48,400] tensorflow - Level 1 - Registering StackClose (None) in gradient.
[2026-02-05 15:28:48,400] tensorflow - Level 1 - Registering GetSessionHandle (None) in gradient.
[2026-02-05 15:28:48,400] tensorflow - Level 1 - Registering GetSessionHandleV2 (None) in gradient.
[2026-02-05 15:28:48,400] tensorflow - Level 1 - Registering GetSessionTensor (None) in gradient.
[2026-02-05 15:28:48,402] tensorflow - Level 1 - Registering DeleteSessionTensor (None) in gradient.
[2026-02-05 15:28:48,433] tensorflow - Level 1 - Registering TPUReplicatedInput (None) in gradient.
[2026-02-05 15:28:48,433] tensorflow - Level 1 - Registering AllToAll (<function _all_to_all_grad at 0x000001C02C6DCCC0>) in gradient.
[2026-02-05 15:28:48,433] tensorflow - Level 1 - Registering CollectivePermute (<function _collective_permute_grad at 0x000001C02C6DCEA0>) in gradient.
[2026-02-05 15:28:48,433] tensorflow - Level 1 - Registering CrossReplicaSum (<function _cross_replica_sum_grad at 0x000001C02C6DCF40>) in gradient.
[2026-02-05 15:28:48,433] tensorflow - Level 1 - Registering TPUEmbeddingActivations (<function _embedding_activations_grad at 0x000001C02C6DCFE0>) in gradient.
[2026-02-05 15:28:48,447] tensorflow - Level 1 - Registering XlaClusterOutput (<function _XlaClusterOutputGrad at 0x000001C02C74C180>) in gradient.
[2026-02-05 15:28:48,447] tensorflow - Level 1 - Registering Pack (<function _PackGrad at 0x000001C02C74C720>) in gradient.
[2026-02-05 15:28:48,447] tensorflow - Level 1 - Registering Unpack (<function _UnpackGrad at 0x000001C02C74C860>) in gradient.
[2026-02-05 15:28:48,447] tensorflow - Level 1 - Registering Concat (<function _ConcatGrad at 0x000001C02C74CA40>) in gradient.
[2026-02-05 15:28:48,447] tensorflow - Level 1 - Registering ConcatV2 (<function _ConcatGradV2 at 0x000001C02C74CAE0>) in gradient.
[2026-02-05 15:28:48,447] tensorflow - Level 1 - Registering ConcatOffset (None) in gradient.
[2026-02-05 15:28:48,447] tensorflow - Level 1 - Registering Slice (<function _SliceGrad at 0x000001C02C74CB80>) in gradient.
[2026-02-05 15:28:48,447] tensorflow - Level 1 - Registering StridedSlice (<function _StridedSliceGrad at 0x000001C02C74CD60>) in gradient.
[2026-02-05 15:28:48,447] tensorflow - Level 1 - Registering StridedSliceGrad (<function _StridedSliceGradGrad at 0x000001C02C74CE00>) in gradient.
[2026-02-05 15:28:48,447] tensorflow - Level 1 - Registering TensorStridedSliceUpdate (<function _TensorStridedSliceUpdateGrad at 0x000001C02C74CEA0>) in gradient.
[2026-02-05 15:28:48,447] tensorflow - Level 1 - Registering Split (<function _SplitGrad at 0x000001C02C74CF40>) in gradient.
[2026-02-05 15:28:48,447] tensorflow - Level 1 - Registering SplitV (<function _SplitVGrad at 0x000001C02C74CFE0>) in gradient.
[2026-02-05 15:28:48,447] tensorflow - Level 1 - Registering Const (None) in gradient.
[2026-02-05 15:28:48,447] tensorflow - Level 1 - Registering Diag (<function _DiagGrad at 0x000001C02C74D080>) in gradient.
[2026-02-05 15:28:48,447] tensorflow - Level 1 - Registering DiagPart (<function _DiagPartGrad at 0x000001C02C74D120>) in gradient.
[2026-02-05 15:28:48,447] tensorflow - Level 1 - Registering MatrixDiag (<function _MatrixDiagGrad at 0x000001C02C74D1C0>) in gradient.
[2026-02-05 15:28:48,458] tensorflow - Level 1 - Registering MatrixDiagV2 (<function _MatrixDiagV2Grad at 0x000001C02C74D260>) in gradient.
[2026-02-05 15:28:48,458] tensorflow - Level 1 - Registering MatrixDiagV3 (<function _MatrixDiagV3Grad at 0x000001C02C74D300>) in gradient.
[2026-02-05 15:28:48,458] tensorflow - Level 1 - Registering MatrixDiagPart (<function _MatrixDiagPartGrad at 0x000001C02C74D3A0>) in gradient.
[2026-02-05 15:28:48,458] tensorflow - Level 1 - Registering MatrixDiagPartV2 (<function _MatrixDiagPartV2Grad at 0x000001C02C74D440>) in gradient.
[2026-02-05 15:28:48,458] tensorflow - Level 1 - Registering MatrixDiagPartV3 (<function _MatrixDiagPartV3Grad at 0x000001C02C74D4E0>) in gradient.
[2026-02-05 15:28:48,458] tensorflow - Level 1 - Registering MatrixSetDiag (<function _MatrixSetDiagGrad at 0x000001C02C74D580>) in gradient.
[2026-02-05 15:28:48,458] tensorflow - Level 1 - Registering MatrixSetDiagV2 (<function _MatrixSetDiagGradV2 at 0x000001C02C74D620>) in gradient.
[2026-02-05 15:28:48,458] tensorflow - Level 1 - Registering MatrixSetDiagV3 (<function _MatrixSetDiagGradV3 at 0x000001C02C74D6C0>) in gradient.
[2026-02-05 15:28:48,458] tensorflow - Level 1 - Registering MatrixBandPart (<function _MatrixBandPartGrad at 0x000001C02C74D760>) in gradient.
[2026-02-05 15:28:48,458] tensorflow - Level 1 - Registering EditDistance (None) in gradient.
[2026-02-05 15:28:48,458] tensorflow - Level 1 - Registering Fill (<function _FillGrad at 0x000001C02C74D800>) in gradient.
[2026-02-05 15:28:48,458] tensorflow - Level 1 - Registering ZerosLike (None) in gradient.
[2026-02-05 15:28:48,458] tensorflow - Level 1 - Registering OnesLike (None) in gradient.
[2026-02-05 15:28:48,458] tensorflow - Level 1 - Registering PreventGradient (<function _PreventGradientGrad at 0x000001C02C74D8A0>) in gradient.
[2026-02-05 15:28:48,458] tensorflow - Level 1 - Registering Gather (<function _GatherGrad at 0x000001C02C74D9E0>) in gradient.
[2026-02-05 15:28:48,459] tensorflow - Level 1 - Registering GatherV2 (<function _GatherV2Grad at 0x000001C02C74DBC0>) in gradient.
[2026-02-05 15:28:48,459] tensorflow - Level 1 - Registering GatherNd (<function _GatherNdGrad at 0x000001C02C74DC60>) in gradient.
[2026-02-05 15:28:48,459] tensorflow - Level 1 - Registering ResourceGatherNd (<function _ResourceGatherNdGrad at 0x000001C02C74DD00>) in gradient.
[2026-02-05 15:28:48,459] tensorflow - Level 1 - Registering CheckNumerics (<function _CheckNumericsGrad at 0x000001C02C74DDA0>) in gradient.
[2026-02-05 15:28:48,459] tensorflow - Level 1 - Registering CheckNumericsV2 (<function _CheckNumericsV2Grad at 0x000001C02C74DE40>) in gradient.
[2026-02-05 15:28:48,459] tensorflow - Level 1 - Registering Identity (<function _IdGrad at 0x000001C02C74DEE0>) in gradient.
[2026-02-05 15:28:48,459] tensorflow - Level 1 - Registering PlaceholderWithDefault (<function _IdGrad at 0x000001C02C74DEE0>) in gradient.
[2026-02-05 15:28:48,459] tensorflow - Level 1 - Registering _EagerConst (<function _EagerConstGrad at 0x000001C02C74DF80>) in gradient.
[2026-02-05 15:28:48,459] tensorflow - Level 1 - Registering RefIdentity (<function _RefIdGrad at 0x000001C02C74E020>) in gradient.
[2026-02-05 15:28:48,459] tensorflow - Level 1 - Registering IdentityN (<function _IdNGrad at 0x000001C02C74E0C0>) in gradient.
[2026-02-05 15:28:48,459] tensorflow - Level 1 - Registering StopGradient (None) in gradient.
[2026-02-05 15:28:48,459] tensorflow - Level 1 - Registering Reshape (<function _ReshapeGrad at 0x000001C02C74E160>) in gradient.
[2026-02-05 15:28:48,459] tensorflow - Level 1 - Registering InvertPermutation (None) in gradient.
[2026-02-05 15:28:48,459] tensorflow - Level 1 - Registering ExpandDims (<function _ExpandDimsGrad at 0x000001C02C74E2A0>) in gradient.
[2026-02-05 15:28:48,459] tensorflow - Level 1 - Registering Squeeze (<function _SqueezeGrad at 0x000001C02C74E340>) in gradient.
[2026-02-05 15:28:48,459] tensorflow - Level 1 - Registering Transpose (<function _TransposeGrad at 0x000001C02C74E3E0>) in gradient.
[2026-02-05 15:28:48,459] tensorflow - Level 1 - Registering ConjugateTranspose (<function _ConjugateTransposeGrad at 0x000001C02C74E480>) in gradient.
[2026-02-05 15:28:48,459] tensorflow - Level 1 - Registering Shape (None) in gradient.
[2026-02-05 15:28:48,461] tensorflow - Level 1 - Registering ShapeN (None) in gradient.
[2026-02-05 15:28:48,461] tensorflow - Level 1 - Registering Rank (None) in gradient.
[2026-02-05 15:28:48,461] tensorflow - Level 1 - Registering Size (None) in gradient.
[2026-02-05 15:28:48,461] tensorflow - Level 1 - Registering Tile (<function _TileGrad at 0x000001C02C74E520>) in gradient.
[2026-02-05 15:28:48,461] tensorflow - Level 1 - Registering BroadcastGradientArgs (None) in gradient.
[2026-02-05 15:28:48,461] tensorflow - Level 1 - Registering Pad (<function _PadGrad at 0x000001C02C74E5C0>) in gradient.
[2026-02-05 15:28:48,461] tensorflow - Level 1 - Registering PadV2 (<function _PadGrad at 0x000001C02C74E5C0>) in gradient.
[2026-02-05 15:28:48,461] tensorflow - Level 1 - Registering ReverseSequence (<function _ReverseSequenceGrad at 0x000001C02C74E660>) in gradient.
[2026-02-05 15:28:48,461] tensorflow - Level 1 - Registering Reverse (<function _ReverseGrad at 0x000001C02C74E700>) in gradient.
[2026-02-05 15:28:48,461] tensorflow - Level 1 - Registering ReverseV2 (<function _ReverseV2Grad at 0x000001C02C74E7A0>) in gradient.
[2026-02-05 15:28:48,461] tensorflow - Level 1 - Registering SpaceToBatch (<function _SpaceToBatchGrad at 0x000001C02C74E840>) in gradient.
[2026-02-05 15:28:48,461] tensorflow - Level 1 - Registering SpaceToBatchND (<function _SpaceToBatchNDGrad at 0x000001C02C74E8E0>) in gradient.
[2026-02-05 15:28:48,461] tensorflow - Level 1 - Registering BatchToSpace (<function _BatchToSpaceGrad at 0x000001C02C74E980>) in gradient.
[2026-02-05 15:28:48,461] tensorflow - Level 1 - Registering BatchToSpaceND (<function _BatchToSpaceNDGrad at 0x000001C02C74EA20>) in gradient.
[2026-02-05 15:28:48,461] tensorflow - Level 1 - Registering SpaceToDepth (<function _SpaceToDepthGrad at 0x000001C02C74EAC0>) in gradient.
[2026-02-05 15:28:48,461] tensorflow - Level 1 - Registering DepthToSpace (<function _DepthToSpaceGrad at 0x000001C02C74EB60>) in gradient.
[2026-02-05 15:28:48,461] tensorflow - Level 1 - Registering OneHot (None) in gradient.
[2026-02-05 15:28:48,461] tensorflow - Level 1 - Registering MirrorPad (<function _MirrorPadGrad at 0x000001C02C74EC00>) in gradient.
[2026-02-05 15:28:48,461] tensorflow - Level 1 - Registering MirrorPadGrad (<function _MirrorPadGradGrad at 0x000001C02C74ECA0>) in gradient.
[2026-02-05 15:28:48,463] tensorflow - Level 1 - Registering FakeQuantWithMinMaxArgsGradient (None) in gradient.
[2026-02-05 15:28:48,463] tensorflow - Level 1 - Registering FakeQuantWithMinMaxVarsGradient (None) in gradient.
[2026-02-05 15:28:48,463] tensorflow - Level 1 - Registering FakeQuantWithMinMaxVarsPerChannelGradient (None) in gradient.
[2026-02-05 15:28:48,463] tensorflow - Level 1 - Registering QuantizeAndDequantize (<function _QuantizeAndDequantizeGrad at 0x000001C02C74ED40>) in gradient.
[2026-02-05 15:28:48,463] tensorflow - Level 1 - Registering QuantizeAndDequantizeV2 (<function _QuantizeAndDequantizeV2Grad at 0x000001C02C74EE80>) in gradient.
[2026-02-05 15:28:48,463] tensorflow - Level 1 - Registering QuantizeAndDequantizeV3 (<function _QuantizeAndDequantizeV3Grad at 0x000001C02C74EF20>) in gradient.
[2026-02-05 15:28:48,463] tensorflow - Level 1 - Registering ExtractImagePatches (<function _ExtractImagePatchesGrad at 0x000001C02C74EDE0>) in gradient.
[2026-02-05 15:28:48,463] tensorflow - Level 1 - Registering ExtractVolumePatches (<function _ExtractVolumePatchesGrad at 0x000001C02C74EFC0>) in gradient.
[2026-02-05 15:28:48,463] tensorflow - Level 1 - Registering ScatterNd (<function _ScatterNdGrad at 0x000001C02C74F060>) in gradient.
[2026-02-05 15:28:48,463] tensorflow - Level 1 - Registering TensorScatterUpdate (<function _TensorScatterUpdateGrad at 0x000001C02C74F100>) in gradient.
[2026-02-05 15:28:48,463] tensorflow - Level 1 - Registering TensorScatterAdd (<function _TensorScatterAddGrad at 0x000001C02C74F1A0>) in gradient.
[2026-02-05 15:28:48,463] tensorflow - Level 1 - Registering TensorScatterMax (<function _TensorScatterMaxGrad at 0x000001C02C74F2E0>) in gradient.
[2026-02-05 15:28:48,463] tensorflow - Level 1 - Registering TensorScatterMin (<function _TensorScatterMinGrad at 0x000001C02C74F380>) in gradient.
[2026-02-05 15:28:48,463] tensorflow - Level 1 - Registering TensorScatterSub (<function _TensorScatterSubGrad at 0x000001C02C74F420>) in gradient.
[2026-02-05 15:28:48,463] tensorflow - Level 1 - Registering ScatterNdNonAliasingAdd (<function _ScatterNdNonAliasingAddGrad at 0x000001C02C74F4C0>) in gradient.
[2026-02-05 15:28:48,463] tensorflow - Level 1 - Registering BroadcastTo (<function _BroadcastToGrad at 0x000001C02C74F560>) in gradient.
[2026-02-05 15:28:48,463] tensorflow - Level 1 - Registering Switch (<function _SwitchGrad at 0x000001C02C74F740>) in gradient.
[2026-02-05 15:28:48,463] tensorflow - Level 1 - Registering RefSwitch (<function _SwitchGrad at 0x000001C02C74F740>) in gradient.
[2026-02-05 15:28:48,463] tensorflow - Level 1 - Registering Merge (<function _MergeGrad at 0x000001C02C74F7E0>) in gradient.
[2026-02-05 15:28:48,463] tensorflow - Level 1 - Registering RefMerge (<function _RefMergeGrad at 0x000001C02C74F920>) in gradient.
[2026-02-05 15:28:48,463] tensorflow - Level 1 - Registering Exit (<function _ExitGrad at 0x000001C02C74F880>) in gradient.
[2026-02-05 15:28:48,463] tensorflow - Level 1 - Registering RefExit (<function _ExitGrad at 0x000001C02C74F880>) in gradient.
[2026-02-05 15:28:48,463] tensorflow - Level 1 - Registering NextIteration (<function _NextIterationGrad at 0x000001C02C74F9C0>) in gradient.
[2026-02-05 15:28:48,463] tensorflow - Level 1 - Registering RefNextIteration (<function _RefNextIterationGrad at 0x000001C02C74FA60>) in gradient.
[2026-02-05 15:28:48,463] tensorflow - Level 1 - Registering Enter (<function _EnterGrad at 0x000001C02C74FB00>) in gradient.
[2026-02-05 15:28:48,463] tensorflow - Level 1 - Registering RefEnter (<function _RefEnterGrad at 0x000001C02C74FBA0>) in gradient.
[2026-02-05 15:28:48,463] tensorflow - Level 1 - Registering LoopCond (<function _LoopCondGrad at 0x000001C02C74FC40>) in gradient.
[2026-02-05 15:28:48,471] tensorflow - Level 1 - Registering CudnnRNN (<function _cudnn_rnn_backward at 0x000001C02C74FD80>) in gradient.
[2026-02-05 15:28:48,471] tensorflow - Level 1 - Registering CudnnRNNV2 (<function _cudnn_rnn_backward_v2 at 0x000001C02C74FF60>) in gradient.
[2026-02-05 15:28:48,471] tensorflow - Level 1 - Registering CudnnRNNV3 (<function _cudnn_rnn_backwardv3 at 0x000001C02C7B4040>) in gradient.
[2026-02-05 15:28:48,471] tensorflow - Level 1 - Registering ResizeNearestNeighbor (<function _ResizeNearestNeighborGrad at 0x000001C02C7B40E0>) in gradient.
[2026-02-05 15:28:48,471] tensorflow - Level 1 - Registering ResizeBilinear (<function _ResizeBilinearGrad at 0x000001C02C7B4180>) in gradient.
[2026-02-05 15:28:48,471] tensorflow - Level 1 - Registering ResizeBilinearGrad (None) in gradient.
[2026-02-05 15:28:48,471] tensorflow - Level 1 - Registering ScaleAndTranslate (<function _ScaleAndTranslateGrad at 0x000001C02C7B4360>) in gradient.
[2026-02-05 15:28:48,471] tensorflow - Level 1 - Registering ResizeBicubic (<function _ResizeBicubicGrad at 0x000001C02C7B42C0>) in gradient.
[2026-02-05 15:28:48,471] tensorflow - Level 1 - Registering CropAndResize (<function _CropAndResizeGrad at 0x000001C02C7B4400>) in gradient.
[2026-02-05 15:28:48,471] tensorflow - Level 1 - Registering RGBToHSV (<function _RGBToHSVGrad at 0x000001C02C7B4540>) in gradient.
[2026-02-05 15:28:48,480] tensorflow - Level 1 - Registering ReaderRead (None) in gradient.
[2026-02-05 15:28:48,480] tensorflow - Level 1 - Registering ReaderReadUpTo (None) in gradient.
[2026-02-05 15:28:48,480] tensorflow - Level 1 - Registering ReaderNumRecordsProduced (None) in gradient.
[2026-02-05 15:28:48,480] tensorflow - Level 1 - Registering ReaderNumWorkUnitsCompleted (None) in gradient.
[2026-02-05 15:28:48,480] tensorflow - Level 1 - Registering ReaderSerializeState (None) in gradient.
[2026-02-05 15:28:48,480] tensorflow - Level 1 - Registering ReaderRestoreState (None) in gradient.
[2026-02-05 15:28:48,480] tensorflow - Level 1 - Registering ReaderReset (None) in gradient.
[2026-02-05 15:28:48,480] tensorflow - Level 1 - Registering WholeFileReader (None) in gradient.
[2026-02-05 15:28:48,480] tensorflow - Level 1 - Registering TextLineReader (None) in gradient.
[2026-02-05 15:28:48,482] tensorflow - Level 1 - Registering FixedLengthRecordReader (None) in gradient.
[2026-02-05 15:28:48,482] tensorflow - Level 1 - Registering TFRecordReader (None) in gradient.
[2026-02-05 15:28:48,482] tensorflow - Level 1 - Registering LMDBReader (None) in gradient.
[2026-02-05 15:28:48,482] tensorflow - Level 1 - Registering IdentityReader (None) in gradient.
[2026-02-05 15:28:48,488] tensorflow - Level 1 - Registering MatrixInverse (<function _MatrixInverseGrad at 0x000001C02C7B45E0>) in gradient.
[2026-02-05 15:28:48,488] tensorflow - Level 1 - Registering Einsum (<function _EinsumGrad at 0x000001C02C805C60>) in gradient.
[2026-02-05 15:28:48,488] tensorflow - Level 1 - Registering MatrixDeterminant (<function _MatrixDeterminantGrad at 0x000001C02C8380E0>) in gradient.
[2026-02-05 15:28:48,488] tensorflow - Level 1 - Registering MatrixSquareRoot (<function _MatrixSquareRootGrad at 0x000001C02C838220>) in gradient.
[2026-02-05 15:28:48,488] tensorflow - Level 1 - Registering LogMatrixDeterminant (<function _LogMatrixDeterminantGrad at 0x000001C02C8382C0>) in gradient.
[2026-02-05 15:28:48,488] tensorflow - Level 1 - Registering Cholesky (<function _CholeskyGrad at 0x000001C02C838360>) in gradient.
[2026-02-05 15:28:48,488] tensorflow - Level 1 - Registering Qr (<function _QrGrad at 0x000001C02C838400>) in gradient.
[2026-02-05 15:28:48,488] tensorflow - Level 1 - Registering MatrixSolve (<function _MatrixSolveGrad at 0x000001C02C8384A0>) in gradient.
[2026-02-05 15:28:48,488] tensorflow - Level 1 - Registering MatrixSolveLs (<function _MatrixSolveLsGrad at 0x000001C02C838540>) in gradient.
[2026-02-05 15:28:48,488] tensorflow - Level 1 - Registering BandedTriangularSolve (<function _BandedTriangularSolveGrad at 0x000001C02C8385E0>) in gradient.
[2026-02-05 15:28:48,488] tensorflow - Level 1 - Registering MatrixTriangularSolve (<function _MatrixTriangularSolveGrad at 0x000001C02C838680>) in gradient.
[2026-02-05 15:28:48,488] tensorflow - Level 1 - Registering Eig (<function _EigGrad at 0x000001C02C8387C0>) in gradient.
[2026-02-05 15:28:48,488] tensorflow - Level 1 - Registering SelfAdjointEigV2 (<function _SelfAdjointEigV2Grad at 0x000001C02C838860>) in gradient.
[2026-02-05 15:28:48,488] tensorflow - Level 1 - Registering Svd (<function _SvdGrad at 0x000001C02C838900>) in gradient.
[2026-02-05 15:28:48,490] tensorflow - Level 1 - Registering TridiagonalMatMul (<function _TridiagonalMatMulGrad at 0x000001C02C838AE0>) in gradient.
[2026-02-05 15:28:48,490] tensorflow - Level 1 - Registering TridiagonalSolve (<function _TridiagonalSolveGrad at 0x000001C02C838B80>) in gradient.
[2026-02-05 15:28:48,490] tensorflow - Level 1 - Registering LookupTableFind (None) in gradient.
[2026-02-05 15:28:48,491] tensorflow - Level 1 - Registering LookupTableFindV2 (None) in gradient.
[2026-02-05 15:28:48,491] tensorflow - Level 1 - Registering LookupTableInsert (None) in gradient.
[2026-02-05 15:28:48,491] tensorflow - Level 1 - Registering LookupTableInsertV2 (None) in gradient.
[2026-02-05 15:28:48,491] tensorflow - Level 1 - Registering LookupTableSize (None) in gradient.
[2026-02-05 15:28:48,491] tensorflow - Level 1 - Registering LookupTableSizeV2 (None) in gradient.
[2026-02-05 15:28:48,491] tensorflow - Level 1 - Registering HashTable (None) in gradient.
[2026-02-05 15:28:48,491] tensorflow - Level 1 - Registering HashTableV2 (None) in gradient.
[2026-02-05 15:28:48,491] tensorflow - Level 1 - Registering InitializeTable (None) in gradient.
[2026-02-05 15:28:48,491] tensorflow - Level 1 - Registering InitializeTableV2 (None) in gradient.
[2026-02-05 15:28:48,491] tensorflow - Level 1 - Registering InitializeTableFromTextFile (None) in gradient.
[2026-02-05 15:28:48,491] tensorflow - Level 1 - Registering InitializeTableFromTextFileV2 (None) in gradient.
[2026-02-05 15:28:48,491] tensorflow - Level 1 - Registering MutableDenseHashTable (None) in gradient.
[2026-02-05 15:28:48,491] tensorflow - Level 1 - Registering MutableDenseHashTableV2 (None) in gradient.
[2026-02-05 15:28:48,491] tensorflow - Level 1 - Registering MutableHashTable (None) in gradient.
[2026-02-05 15:28:48,493] tensorflow - Level 1 - Registering MutableHashTableV2 (None) in gradient.
[2026-02-05 15:28:48,493] tensorflow - Level 1 - Registering MutableHashTableOfTensors (None) in gradient.
[2026-02-05 15:28:48,493] tensorflow - Level 1 - Registering MutableHashTableOfTensorsV2 (None) in gradient.
[2026-02-05 15:28:48,493] tensorflow - Level 1 - Registering Roll (<function _RollGrad at 0x000001C02C807EC0>) in gradient.
[2026-02-05 15:28:48,493] tensorflow - Level 1 - Registering ArgMax (<function _ArgMaxGrad at 0x000001C02C838D60>) in gradient.
[2026-02-05 15:28:48,493] tensorflow - Level 1 - Registering ArgMin (<function _ArgMinGrad at 0x000001C02C839C60>) in gradient.
[2026-02-05 15:28:48,493] tensorflow - Level 1 - Registering EuclideanNorm (<function _EuclideanNormGrad at 0x000001C02C839EE0>) in gradient.
[2026-02-05 15:28:48,493] tensorflow - Level 1 - Registering Sum (<function _SumGrad at 0x000001C02C83A340>) in gradient.
[2026-02-05 15:28:48,493] tensorflow - Level 1 - Registering Max (<function _MaxGrad at 0x000001C02C83A480>) in gradient.
[2026-02-05 15:28:48,493] tensorflow - Level 1 - Registering Min (<function _MinGrad at 0x000001C02C83A520>) in gradient.
[2026-02-05 15:28:48,493] tensorflow - Level 1 - Registering Mean (<function _MeanGrad at 0x000001C02C83A5C0>) in gradient.
[2026-02-05 15:28:48,493] tensorflow - Level 1 - Registering Prod (<function _ProdGrad at 0x000001C02C83A660>) in gradient.
[2026-02-05 15:28:48,493] tensorflow - Level 1 - Registering SegmentSum (<function _SegmentSumGrad at 0x000001C02C83A700>) in gradient.
[2026-02-05 15:28:48,493] tensorflow - Level 1 - Registering SegmentMean (<function _SegmentMeanGrad at 0x000001C02C83A7A0>) in gradient.
[2026-02-05 15:28:48,493] tensorflow - Level 1 - Registering SparseSegmentSum (<function _SparseSegmentSumGrad at 0x000001C02C83A980>) in gradient.
[2026-02-05 15:28:48,493] tensorflow - Level 1 - Registering SparseSegmentSumWithNumSegments (<function _SparseSegmentSumWithNumSegmentsGrad at 0x000001C02C83AA20>) in gradient.
[2026-02-05 15:28:48,493] tensorflow - Level 1 - Registering SparseSegmentMean (<function _SparseSegmentMeanGrad at 0x000001C02C83AAC0>) in gradient.
[2026-02-05 15:28:48,501] tensorflow - Level 1 - Registering SparseSegmentMeanWithNumSegments (<function _SparseSegmentMeanWithNumSegmentsGrad at 0x000001C02C83AB60>) in gradient.
[2026-02-05 15:28:48,501] tensorflow - Level 1 - Registering SparseSegmentSqrtN (<function _SparseSegmentSqrtNGrad at 0x000001C02C83AC00>) in gradient.
[2026-02-05 15:28:48,501] tensorflow - Level 1 - Registering SparseSegmentSqrtNWithNumSegments (<function _SparseSegmentSqrtNWithNumSegmentsGrad at 0x000001C02C83ACA0>) in gradient.
[2026-02-05 15:28:48,501] tensorflow - Level 1 - Registering SegmentMin (<function _SegmentMinGrad at 0x000001C02C83ADE0>) in gradient.
[2026-02-05 15:28:48,501] tensorflow - Level 1 - Registering SegmentMax (<function _SegmentMaxGrad at 0x000001C02C83AE80>) in gradient.
[2026-02-05 15:28:48,501] tensorflow - Level 1 - Registering SegmentProd (<function _SegmentProdGrad at 0x000001C02C83AF20>) in gradient.
[2026-02-05 15:28:48,501] tensorflow - Level 1 - Registering UnsortedSegmentSum (<function _UnsortedSegmentSumGrad at 0x000001C02C83B100>) in gradient.
[2026-02-05 15:28:48,501] tensorflow - Level 1 - Registering UnsortedSegmentMax (<function _UnsortedSegmentMaxGrad at 0x000001C02C83B1A0>) in gradient.
[2026-02-05 15:28:48,501] tensorflow - Level 1 - Registering UnsortedSegmentMin (<function _UnsortedSegmentMinGrad at 0x000001C02C83B240>) in gradient.
[2026-02-05 15:28:48,501] tensorflow - Level 1 - Registering UnsortedSegmentProd (<function _UnsortedSegmentProdGrad at 0x000001C02C83B2E0>) in gradient.
[2026-02-05 15:28:48,501] tensorflow - Level 1 - Registering Abs (<function _AbsGrad at 0x000001C02C83B380>) in gradient.
[2026-02-05 15:28:48,501] tensorflow - Level 1 - Registering Neg (<function _NegGrad at 0x000001C02C83B420>) in gradient.
[2026-02-05 15:28:48,501] tensorflow - Level 1 - Registering Inv (<function _InvGrad at 0x000001C02C83B4C0>) in gradient.
[2026-02-05 15:28:48,501] tensorflow - Level 1 - Registering Reciprocal (<function _ReciprocalGrad at 0x000001C02C83B560>) in gradient.
[2026-02-05 15:28:48,501] tensorflow - Level 1 - Registering InvGrad (<function _InvGradGrad at 0x000001C02C83B600>) in gradient.
[2026-02-05 15:28:48,501] tensorflow - Level 1 - Registering ReciprocalGrad (<function _ReciprocalGradGrad at 0x000001C02C83B6A0>) in gradient.
[2026-02-05 15:28:48,501] tensorflow - Level 1 - Registering Square (<function _SquareGrad at 0x000001C02C83B740>) in gradient.
[2026-02-05 15:28:48,501] tensorflow - Level 1 - Registering Sqrt (<function _SqrtGrad at 0x000001C02C83B7E0>) in gradient.
[2026-02-05 15:28:48,501] tensorflow - Level 1 - Registering SqrtGrad (<function _SqrtGradGrad at 0x000001C02C83B880>) in gradient.
[2026-02-05 15:28:48,501] tensorflow - Level 1 - Registering Rsqrt (<function _RsqrtGrad at 0x000001C02C83B920>) in gradient.
[2026-02-05 15:28:48,503] tensorflow - Level 1 - Registering RsqrtGrad (<function _RsqrtGradGrad at 0x000001C02C83B9C0>) in gradient.
[2026-02-05 15:28:48,503] tensorflow - Level 1 - Registering Exp (<function _ExpGrad at 0x000001C02C83BA60>) in gradient.
[2026-02-05 15:28:48,503] tensorflow - Level 1 - Registering Expm1 (<function _Expm1Grad at 0x000001C02C83BB00>) in gradient.
[2026-02-05 15:28:48,503] tensorflow - Level 1 - Registering Log (<function _LogGrad at 0x000001C02C83BBA0>) in gradient.
[2026-02-05 15:28:48,503] tensorflow - Level 1 - Registering Log1p (<function _Log1pGrad at 0x000001C02C83BC40>) in gradient.
[2026-02-05 15:28:48,503] tensorflow - Level 1 - Registering Xlogy (<function _XLogyGrad at 0x000001C02C83BCE0>) in gradient.
[2026-02-05 15:28:48,503] tensorflow - Level 1 - Registering Xlog1py (<function _XLog1pyGrad at 0x000001C02C83BD80>) in gradient.
[2026-02-05 15:28:48,503] tensorflow - Level 1 - Registering Xdivy (<function _XDivyGrad at 0x000001C02C83BE20>) in gradient.
[2026-02-05 15:28:48,503] tensorflow - Level 1 - Registering Sinh (<function _SinhGrad at 0x000001C02C83BEC0>) in gradient.
[2026-02-05 15:28:48,503] tensorflow - Level 1 - Registering Cosh (<function _CoshGrad at 0x000001C02C83BF60>) in gradient.
[2026-02-05 15:28:48,503] tensorflow - Level 1 - Registering Tanh (<function _TanhGrad at 0x000001C02C8B4040>) in gradient.
[2026-02-05 15:28:48,503] tensorflow - Level 1 - Registering Asinh (<function _AsinhGrad at 0x000001C02C8B40E0>) in gradient.
[2026-02-05 15:28:48,503] tensorflow - Level 1 - Registering Acosh (<function _AcoshGrad at 0x000001C02C8B4180>) in gradient.
[2026-02-05 15:28:48,503] tensorflow - Level 1 - Registering Atanh (<function _AtanhGrad at 0x000001C02C8B4220>) in gradient.
[2026-02-05 15:28:48,503] tensorflow - Level 1 - Registering TanhGrad (<function _TanhGradGrad at 0x000001C02C8B42C0>) in gradient.
[2026-02-05 15:28:48,503] tensorflow - Level 1 - Registering Erf (<function _ErfGrad at 0x000001C02C8B4360>) in gradient.
[2026-02-05 15:28:48,503] tensorflow - Level 1 - Registering Erfc (<function _ErfcGrad at 0x000001C02C8B4400>) in gradient.
[2026-02-05 15:28:48,503] tensorflow - Level 1 - Registering Erfinv (<function _ErfinvGrad at 0x000001C02C8B44A0>) in gradient.
[2026-02-05 15:28:48,503] tensorflow - Level 1 - Registering Ndtri (<function _NdtriGrad at 0x000001C02C8B4540>) in gradient.
[2026-02-05 15:28:48,503] tensorflow - Level 1 - Registering Lgamma (<function _LgammaGrad at 0x000001C02C8B45E0>) in gradient.
[2026-02-05 15:28:48,505] tensorflow - Level 1 - Registering Digamma (<function _DigammaGrad at 0x000001C02C8B4680>) in gradient.
[2026-02-05 15:28:48,505] tensorflow - Level 1 - Registering Dawsn (<function _DawsnGrad at 0x000001C02C8B4720>) in gradient.
[2026-02-05 15:28:48,505] tensorflow - Level 1 - Registering Expint (<function _ExpintGrad at 0x000001C02C8B47C0>) in gradient.
[2026-02-05 15:28:48,505] tensorflow - Level 1 - Registering FresnelCos (<function _FresnelCosGrad at 0x000001C02C8B4860>) in gradient.
[2026-02-05 15:28:48,505] tensorflow - Level 1 - Registering FresnelSin (<function _FresnelSinGrad at 0x000001C02C8B4900>) in gradient.
[2026-02-05 15:28:48,505] tensorflow - Level 1 - Registering Spence (<function _SpenceGrad at 0x000001C02C8B49A0>) in gradient.
[2026-02-05 15:28:48,505] tensorflow - Level 1 - Registering BesselI0 (<function _BesselI0Grad at 0x000001C02C8B4A40>) in gradient.
[2026-02-05 15:28:48,505] tensorflow - Level 1 - Registering BesselI0e (<function _BesselI0eGrad at 0x000001C02C8B4AE0>) in gradient.
[2026-02-05 15:28:48,505] tensorflow - Level 1 - Registering BesselI1 (<function _BesselI1Grad at 0x000001C02C8B4B80>) in gradient.
[2026-02-05 15:28:48,505] tensorflow - Level 1 - Registering BesselI1e (<function _BesselI1eGrad at 0x000001C02C8B4C20>) in gradient.
[2026-02-05 15:28:48,505] tensorflow - Level 1 - Registering BesselK0 (<function _BesselK0Grad at 0x000001C02C8B4CC0>) in gradient.
[2026-02-05 15:28:48,505] tensorflow - Level 1 - Registering BesselK0e (<function _BesselK0eGrad at 0x000001C02C8B4D60>) in gradient.
[2026-02-05 15:28:48,505] tensorflow - Level 1 - Registering BesselK1 (<function _BesselK1Grad at 0x000001C02C8B4E00>) in gradient.
[2026-02-05 15:28:48,505] tensorflow - Level 1 - Registering BesselK1e (<function _BesselK1eGrad at 0x000001C02C8B4EA0>) in gradient.
[2026-02-05 15:28:48,505] tensorflow - Level 1 - Registering BesselJ0 (<function _BesselJ0Grad at 0x000001C02C8B4F40>) in gradient.
[2026-02-05 15:28:48,505] tensorflow - Level 1 - Registering BesselJ1 (<function _BesselJ1Grad at 0x000001C02C8B4FE0>) in gradient.
[2026-02-05 15:28:48,505] tensorflow - Level 1 - Registering BesselY0 (<function _BesselY0Grad at 0x000001C02C8B5080>) in gradient.
[2026-02-05 15:28:48,505] tensorflow - Level 1 - Registering BesselY1 (<function _BesselY1Grad at 0x000001C02C8B5120>) in gradient.
[2026-02-05 15:28:48,505] tensorflow - Level 1 - Registering Igamma (<function _IgammaGrad at 0x000001C02C8B51C0>) in gradient.
[2026-02-05 15:28:48,505] tensorflow - Level 1 - Registering Igammac (<function _IgammacGrad at 0x000001C02C8B5260>) in gradient.
[2026-02-05 15:28:48,505] tensorflow - Level 1 - Registering Betainc (<function _BetaincGrad at 0x000001C02C8B5300>) in gradient.
[2026-02-05 15:28:48,507] tensorflow - Level 1 - Registering Zeta (<function _ZetaGrad at 0x000001C02C8B53A0>) in gradient.
[2026-02-05 15:28:48,507] tensorflow - Level 1 - Registering Polygamma (<function _PolygammaGrad at 0x000001C02C8B5440>) in gradient.
[2026-02-05 15:28:48,507] tensorflow - Level 1 - Registering Sigmoid (<function _SigmoidGrad at 0x000001C02C8B54E0>) in gradient.
[2026-02-05 15:28:48,507] tensorflow - Level 1 - Registering SigmoidGrad (<function _SigmoidGradGrad at 0x000001C02C8B5580>) in gradient.
[2026-02-05 15:28:48,507] tensorflow - Level 1 - Registering Sign (<function _SignGrad at 0x000001C02C8B5620>) in gradient.
[2026-02-05 15:28:48,507] tensorflow - Level 1 - Registering Sin (<function _SinGrad at 0x000001C02C8B56C0>) in gradient.
[2026-02-05 15:28:48,507] tensorflow - Level 1 - Registering Cos (<function _CosGrad at 0x000001C02C8B5760>) in gradient.
[2026-02-05 15:28:48,507] tensorflow - Level 1 - Registering Tan (<function _TanGrad at 0x000001C02C8B5800>) in gradient.
[2026-02-05 15:28:48,507] tensorflow - Level 1 - Registering Asin (<function _AsinGrad at 0x000001C02C8B58A0>) in gradient.
[2026-02-05 15:28:48,507] tensorflow - Level 1 - Registering Acos (<function _AcosGrad at 0x000001C02C8B5940>) in gradient.
[2026-02-05 15:28:48,507] tensorflow - Level 1 - Registering Atan (<function _AtanGrad at 0x000001C02C8B59E0>) in gradient.
[2026-02-05 15:28:48,507] tensorflow - Level 1 - Registering Atan2 (<function _Atan2Grad at 0x000001C02C8B5A80>) in gradient.
[2026-02-05 15:28:48,507] tensorflow - Level 1 - Registering AddN (<function _AddNGrad at 0x000001C02C8B5B20>) in gradient.
[2026-02-05 15:28:48,507] tensorflow - Level 1 - Registering AddV2 (<function _AddGrad at 0x000001C02C8B5C60>) in gradient.
[2026-02-05 15:28:48,507] tensorflow - Level 1 - Registering Add (<function _AddGrad at 0x000001C02C8B5C60>) in gradient.
[2026-02-05 15:28:48,507] tensorflow - Level 1 - Registering Sub (<function _SubGrad at 0x000001C02C8B5D00>) in gradient.
[2026-02-05 15:28:48,507] tensorflow - Level 1 - Registering Mul (<function _MulGrad at 0x000001C02C8B5DA0>) in gradient.
[2026-02-05 15:28:48,507] tensorflow - Level 1 - Registering MulNoNan (<function _MulNoNanGrad at 0x000001C02C8B5E40>) in gradient.
[2026-02-05 15:28:48,507] tensorflow - Level 1 - Registering Div (<function _DivGrad at 0x000001C02C8B5EE0>) in gradient.
[2026-02-05 15:28:48,507] tensorflow - Level 1 - Registering FloorDiv (<function _FloorDivGrad at 0x000001C02C8B5F80>) in gradient.
[2026-02-05 15:28:48,507] tensorflow - Level 1 - Registering FloorMod (<function _FloorModGrad at 0x000001C02C8B6020>) in gradient.
[2026-02-05 15:28:48,507] tensorflow - Level 1 - Registering TruncateDiv (<function _TruncateDivGrad at 0x000001C02C8B60C0>) in gradient.
[2026-02-05 15:28:48,507] tensorflow - Level 1 - Registering RealDiv (<function _RealDivGrad at 0x000001C02C8B6160>) in gradient.
[2026-02-05 15:28:48,507] tensorflow - Level 1 - Registering DivNoNan (<function _DivNoNanGrad at 0x000001C02C8B6200>) in gradient.
[2026-02-05 15:28:48,507] tensorflow - Level 1 - Registering Pow (<function _PowGrad at 0x000001C02C8B62A0>) in gradient.
[2026-02-05 15:28:48,507] tensorflow - Level 1 - Registering Maximum (<function _MaximumGrad at 0x000001C02C8B6480>) in gradient.
[2026-02-05 15:28:48,507] tensorflow - Level 1 - Registering Minimum (<function _MinimumGrad at 0x000001C02C8B6520>) in gradient.
[2026-02-05 15:28:48,507] tensorflow - Level 1 - Registering SquaredDifference (<function _SquaredDifferenceGrad at 0x000001C02C8B65C0>) in gradient.
[2026-02-05 15:28:48,507] tensorflow - Level 1 - Registering Less (None) in gradient.
[2026-02-05 15:28:48,507] tensorflow - Level 1 - Registering LessEqual (None) in gradient.
[2026-02-05 15:28:48,507] tensorflow - Level 1 - Registering Greater (None) in gradient.
[2026-02-05 15:28:48,507] tensorflow - Level 1 - Registering GreaterEqual (None) in gradient.
[2026-02-05 15:28:48,507] tensorflow - Level 1 - Registering Equal (None) in gradient.
[2026-02-05 15:28:48,507] tensorflow - Level 1 - Registering ApproximateEqual (None) in gradient.
[2026-02-05 15:28:48,507] tensorflow - Level 1 - Registering NotEqual (None) in gradient.
[2026-02-05 15:28:48,507] tensorflow - Level 1 - Registering LogicalAnd (None) in gradient.
[2026-02-05 15:28:48,507] tensorflow - Level 1 - Registering LogicalOr (None) in gradient.
[2026-02-05 15:28:48,507] tensorflow - Level 1 - Registering LogicalNot (None) in gradient.
[2026-02-05 15:28:48,507] tensorflow - Level 1 - Registering Select (<function _SelectGrad at 0x000001C02C8B6660>) in gradient.
[2026-02-05 15:28:48,507] tensorflow - Level 1 - Registering SelectV2 (<function _SelectGradV2 at 0x000001C02C8B6700>) in gradient.
[2026-02-05 15:28:48,507] tensorflow - Level 1 - Registering MatMul (<function _MatMulGrad at 0x000001C02C8B68E0>) in gradient.
[2026-02-05 15:28:48,507] tensorflow - Level 1 - Registering SparseMatMul (<function _SparseMatMulGrad at 0x000001C02C8B6980>) in gradient.
[2026-02-05 15:28:48,507] tensorflow - Level 1 - Registering Floor (<function _FloorGrad at 0x000001C02C8B6A20>) in gradient.
[2026-02-05 15:28:48,507] tensorflow - Level 1 - Registering Ceil (<function _CeilGrad at 0x000001C02C8B6AC0>) in gradient.
[2026-02-05 15:28:48,507] tensorflow - Level 1 - Registering Round (<function _RoundGrad at 0x000001C02C8B6B60>) in gradient.
[2026-02-05 15:28:48,507] tensorflow - Level 1 - Registering Rint (<function _RintGrad at 0x000001C02C8B6C00>) in gradient.
[2026-02-05 15:28:48,507] tensorflow - Level 1 - Registering BatchMatMul (<function _BatchMatMul at 0x000001C02C8B6CA0>) in gradient.
[2026-02-05 15:28:48,507] tensorflow - Level 1 - Registering BatchMatMulV3 (<function _BatchMatMulV2 at 0x000001C02C8B6D40>) in gradient.
[2026-02-05 15:28:48,507] tensorflow - Level 1 - Registering BatchMatMulV2 (<function _BatchMatMulV2 at 0x000001C02C8B6D40>) in gradient.
[2026-02-05 15:28:48,507] tensorflow - Level 1 - Registering Range (None) in gradient.
[2026-02-05 15:28:48,507] tensorflow - Level 1 - Registering LinSpace (None) in gradient.
[2026-02-05 15:28:48,507] tensorflow - Level 1 - Registering Complex (<function _ComplexGrad at 0x000001C02C8B6DE0>) in gradient.
[2026-02-05 15:28:48,507] tensorflow - Level 1 - Registering Real (<function _RealGrad at 0x000001C02C8B6E80>) in gradient.
[2026-02-05 15:28:48,507] tensorflow - Level 1 - Registering Imag (<function _ImagGrad at 0x000001C02C8B6F20>) in gradient.
[2026-02-05 15:28:48,507] tensorflow - Level 1 - Registering Angle (<function _AngleGrad at 0x000001C02C8B6FC0>) in gradient.
[2026-02-05 15:28:48,507] tensorflow - Level 1 - Registering Conj (<function _ConjGrad at 0x000001C02C8B7060>) in gradient.
[2026-02-05 15:28:48,507] tensorflow - Level 1 - Registering ComplexAbs (<function _ComplexAbsGrad at 0x000001C02C8B7100>) in gradient.
[2026-02-05 15:28:48,507] tensorflow - Level 1 - Registering Cast (<function _CastGrad at 0x000001C02C8B71A0>) in gradient.
[2026-02-05 15:28:48,507] tensorflow - Level 1 - Registering Cross (<function _CrossGrad at 0x000001C02C8B7240>) in gradient.
[2026-02-05 15:28:48,507] tensorflow - Level 1 - Registering Cumsum (<function _CumsumGrad at 0x000001C02C8B72E0>) in gradient.
[2026-02-05 15:28:48,507] tensorflow - Level 1 - Registering Cumprod (<function _CumprodGrad at 0x000001C02C8B7380>) in gradient.
[2026-02-05 15:28:48,507] tensorflow - Level 1 - Registering CumulativeLogsumexp (<function _CumulativeLogsumexpGrad at 0x000001C02C8B7420>) in gradient.
[2026-02-05 15:28:48,507] tensorflow - Level 1 - Registering NextAfter (<function _NextAfterGrad at 0x000001C02C8B74C0>) in gradient.
[2026-02-05 15:28:48,507] tensorflow - Level 1 - Registering NcclAllReduce (<function _all_sum_grad at 0x000001C02C8B7880>) in gradient.
[2026-02-05 15:28:48,507] tensorflow - Level 1 - Registering NcclReduce (<function _reduce_sum_grad at 0x000001C02C8C84A0>) in gradient.
[2026-02-05 15:28:48,507] tensorflow - Level 1 - Registering NcclBroadcast (<function _broadcast_grad at 0x000001C02C8C85E0>) in gradient.
[2026-02-05 15:28:48,507] tensorflow - Level 1 - Registering OptionalFromValue (<function _OptionalFromValueGrad at 0x000001C02C8C8220>) in gradient.
[2026-02-05 15:28:48,507] tensorflow - Level 1 - Registering OptionalGetValue (<function _OptionalGetValueGrad at 0x000001C02C8C8900>) in gradient.
[2026-02-05 15:28:48,507] tensorflow - Level 1 - Registering DecodeRaw (None) in gradient.
[2026-02-05 15:28:48,507] tensorflow - Level 1 - Registering DecodePaddedRaw (None) in gradient.
[2026-02-05 15:28:48,507] tensorflow - Level 1 - Registering ParseTensor (None) in gradient.
[2026-02-05 15:28:48,507] tensorflow - Level 1 - Registering SerializeTensor (None) in gradient.
[2026-02-05 15:28:48,507] tensorflow - Level 1 - Registering StringToNumber (None) in gradient.
[2026-02-05 15:28:48,522] tensorflow - Level 1 - Registering DecodeProtoV2 (None) in gradient.
[2026-02-05 15:28:48,522] tensorflow - Level 1 - Registering EncodeProto (None) in gradient.
[2026-02-05 15:28:48,522] tensorflow - Level 1 - Registering RandomGamma (<function _RandomGammaGrad at 0x000001C02C8C9620>) in gradient.
[2026-02-05 15:28:48,522] tensorflow - Level 1 - Registering StatelessRandomGammaV2 (<function _StatelessRandomGammaV2Grad at 0x000001C02C8C9760>) in gradient.
[2026-02-05 15:28:48,522] tensorflow - Level 1 - Registering StatelessRandomGammaV3 (<function _StatelessRandomGammaV3Grad at 0x000001C02C8C98A0>) in gradient.
[2026-02-05 15:28:48,522] tensorflow - Level 1 - Registering StatelessParameterizedTruncatedNormal (<function _StatelessParameterizedTruncatedNormalGrad at 0x000001C02C8C9B20>) in gradient.
[2026-02-05 15:28:48,522] tensorflow - Level 1 - Registering BlockLSTM (<function _block_lstm_grad at 0x000001C02C8C9800>) in gradient.
[2026-02-05 15:28:48,522] tensorflow - Level 1 - Registering BlockLSTMV2 (<function _block_lstm_grad at 0x000001C02C8C9800>) in gradient.
[2026-02-05 15:28:48,522] tensorflow - Level 1 - Registering SdcaFprint (None) in gradient.
[2026-02-05 15:28:48,522] tensorflow - Level 1 - Registering SdcaOptimizer (None) in gradient.
[2026-02-05 15:28:48,522] tensorflow - Level 1 - Registering SdcaOptimizerV2 (None) in gradient.
[2026-02-05 15:28:48,522] tensorflow - Level 1 - Registering SdcaShrinkL1 (None) in gradient.
[2026-02-05 15:28:48,522] tensorflow - Level 1 - Registering SetSize (None) in gradient.
[2026-02-05 15:28:48,522] tensorflow - Level 1 - Registering DenseToDenseSetOperation (None) in gradient.
[2026-02-05 15:28:48,522] tensorflow - Level 1 - Registering DenseToSparseSetOperation (None) in gradient.
[2026-02-05 15:28:48,522] tensorflow - Level 1 - Registering SparseToSparseSetOperation (None) in gradient.
[2026-02-05 15:28:48,538] tensorflow - Level 1 - Registering SparseAddGrad (None) in gradient.
[2026-02-05 15:28:48,540] tensorflow - Level 1 - Registering SparseConcat (None) in gradient.
[2026-02-05 15:28:48,540] tensorflow - Level 1 - Registering SparseReorder (<function _SparseReorderGrad at 0x000001C02C914B80>) in gradient.
[2026-02-05 15:28:48,540] tensorflow - Level 1 - Registering SparseAdd (<function _SparseAddGrad at 0x000001C02C914D60>) in gradient.
[2026-02-05 15:28:48,540] tensorflow - Level 1 - Registering SparseTensorDenseAdd (<function _SparseTensorDenseAddGrad at 0x000001C02C914CC0>) in gradient.
[2026-02-05 15:28:48,540] tensorflow - Level 1 - Registering SparseReduceSum (<function _SparseReduceSumGrad at 0x000001C02C914E00>) in gradient.
[2026-02-05 15:28:48,540] tensorflow - Level 1 - Registering SparseSlice (<function _SparseSliceGrad at 0x000001C02C914EA0>) in gradient.
[2026-02-05 15:28:48,540] tensorflow - Level 1 - Registering SparseTensorDenseMatMul (<function _SparseTensorDenseMatMulGrad at 0x000001C02C914F40>) in gradient.
[2026-02-05 15:28:48,540] tensorflow - Level 1 - Registering SparseDenseCwiseAdd (<function _SparseDenseCwiseAddGrad at 0x000001C02C914FE0>) in gradient.
[2026-02-05 15:28:48,540] tensorflow - Level 1 - Registering SparseDenseCwiseMul (<function _SparseDenseCwiseMulGrad at 0x000001C02C915120>) in gradient.
[2026-02-05 15:28:48,540] tensorflow - Level 1 - Registering SparseDenseCwiseDiv (<function _SparseDenseCwiseDivGrad at 0x000001C02C9151C0>) in gradient.
[2026-02-05 15:28:48,540] tensorflow - Level 1 - Registering SparseSoftmax (<function _SparseSoftmaxGrad at 0x000001C02C915260>) in gradient.
[2026-02-05 15:28:48,540] tensorflow - Level 1 - Registering SparseSparseMaximum (<function _SparseSparseMaximumGrad at 0x000001C02C915300>) in gradient.
[2026-02-05 15:28:48,540] tensorflow - Level 1 - Registering SparseSparseMinimum (<function _SparseSparseMinimumGrad at 0x000001C02C9153A0>) in gradient.
[2026-02-05 15:28:48,540] tensorflow - Level 1 - Registering SparseFillEmptyRows (<function _SparseFillEmptyRowsGrad at 0x000001C02C915440>) in gradient.
[2026-02-05 15:28:48,540] tensorflow - Level 1 - Registering SparseToDense (<function _SparseToDenseGrad at 0x000001C02C9154E0>) in gradient.
[2026-02-05 15:28:48,540] tensorflow - Level 1 - Registering TensorArray (None) in gradient.
[2026-02-05 15:28:48,540] tensorflow - Level 1 - Registering TensorArrayGrad (None) in gradient.
[2026-02-05 15:28:48,540] tensorflow - Level 1 - Registering TensorArraySize (None) in gradient.
[2026-02-05 15:28:48,540] tensorflow - Level 1 - Registering TensorArrayClose (None) in gradient.
[2026-02-05 15:28:48,540] tensorflow - Level 1 - Registering TensorArrayV2 (None) in gradient.
[2026-02-05 15:28:48,540] tensorflow - Level 1 - Registering TensorArrayGradV2 (None) in gradient.
[2026-02-05 15:28:48,540] tensorflow - Level 1 - Registering TensorArraySizeV2 (None) in gradient.
[2026-02-05 15:28:48,540] tensorflow - Level 1 - Registering TensorArrayCloseV2 (None) in gradient.
[2026-02-05 15:28:48,540] tensorflow - Level 1 - Registering TensorArrayV3 (None) in gradient.
[2026-02-05 15:28:48,540] tensorflow - Level 1 - Registering TensorArrayGradV3 (None) in gradient.
[2026-02-05 15:28:48,540] tensorflow - Level 1 - Registering TensorArrayGradWithShape (None) in gradient.
[2026-02-05 15:28:48,540] tensorflow - Level 1 - Registering TensorArraySizeV3 (None) in gradient.
[2026-02-05 15:28:48,540] tensorflow - Level 1 - Registering TensorArrayCloseV3 (None) in gradient.
[2026-02-05 15:28:48,540] tensorflow - Level 1 - Registering TensorArrayReadV3 (<function _TensorArrayReadGrad at 0x000001C02C9156C0>) in gradient.
[2026-02-05 15:28:48,540] tensorflow - Level 1 - Registering TensorArrayReadV2 (<function _TensorArrayReadGrad at 0x000001C02C9156C0>) in gradient.
[2026-02-05 15:28:48,540] tensorflow - Level 1 - Registering TensorArrayRead (<function _TensorArrayReadGrad at 0x000001C02C9156C0>) in gradient.
[2026-02-05 15:28:48,546] tensorflow - Level 1 - Registering TensorArrayWriteV3 (<function _TensorArrayWriteGrad at 0x000001C02C915620>) in gradient.
[2026-02-05 15:28:48,546] tensorflow - Level 1 - Registering TensorArrayWriteV2 (<function _TensorArrayWriteGrad at 0x000001C02C915620>) in gradient.
[2026-02-05 15:28:48,546] tensorflow - Level 1 - Registering TensorArrayWrite (<function _TensorArrayWriteGrad at 0x000001C02C915620>) in gradient.
[2026-02-05 15:28:48,546] tensorflow - Level 1 - Registering TensorArrayGatherV3 (<function _TensorArrayGatherGrad at 0x000001C02C915760>) in gradient.
[2026-02-05 15:28:48,546] tensorflow - Level 1 - Registering TensorArrayGatherV2 (<function _TensorArrayGatherGrad at 0x000001C02C915760>) in gradient.
[2026-02-05 15:28:48,546] tensorflow - Level 1 - Registering TensorArrayGather (<function _TensorArrayGatherGrad at 0x000001C02C915760>) in gradient.
[2026-02-05 15:28:48,546] tensorflow - Level 1 - Registering TensorArrayScatterV3 (<function _TensorArrayScatterGrad at 0x000001C02C915800>) in gradient.
[2026-02-05 15:28:48,546] tensorflow - Level 1 - Registering TensorArrayScatterV2 (<function _TensorArrayScatterGrad at 0x000001C02C915800>) in gradient.
[2026-02-05 15:28:48,546] tensorflow - Level 1 - Registering TensorArrayScatter (<function _TensorArrayScatterGrad at 0x000001C02C915800>) in gradient.
[2026-02-05 15:28:48,546] tensorflow - Level 1 - Registering TensorArrayConcatV3 (<function _TensorArrayConcatGrad at 0x000001C02C9158A0>) in gradient.
[2026-02-05 15:28:48,546] tensorflow - Level 1 - Registering TensorArrayConcatV2 (<function _TensorArrayConcatGrad at 0x000001C02C9158A0>) in gradient.
[2026-02-05 15:28:48,546] tensorflow - Level 1 - Registering TensorArrayConcat (<function _TensorArrayConcatGrad at 0x000001C02C9158A0>) in gradient.
[2026-02-05 15:28:48,546] tensorflow - Level 1 - Registering TensorArraySplitV3 (<function _TensorArraySplitGrad at 0x000001C02C915940>) in gradient.
[2026-02-05 15:28:48,546] tensorflow - Level 1 - Registering TensorArraySplitV2 (<function _TensorArraySplitGrad at 0x000001C02C915940>) in gradient.
[2026-02-05 15:28:48,546] tensorflow - Level 1 - Registering TensorArraySplit (<function _TensorArraySplitGrad at 0x000001C02C915940>) in gradient.
[2026-02-05 15:28:48,553] tensorflow - Level 1 - Registering DenseToCSRSparseMatrix (<function _DenseToCSRSparseMatrixGrad at 0x000001C02C915BC0>) in gradient.
[2026-02-05 15:28:48,554] tensorflow - Level 1 - Registering CSRSparseMatrixToDense (<function _CSRSparseMatrixToDenseGrad at 0x000001C02C915D00>) in gradient.
[2026-02-05 15:28:48,554] tensorflow - Level 1 - Registering SparseTensorToCSRSparseMatrix (<function _SparseTensorToCSRSparseMatrixGrad at 0x000001C02C95A700>) in gradient.
[2026-02-05 15:28:48,554] tensorflow - Level 1 - Registering CSRSparseMatrixToSparseTensor (<function _CSRSparseMatrixToSparseTensorGrad at 0x000001C02C95A660>) in gradient.
[2026-02-05 15:28:48,554] tensorflow - Level 1 - Registering SparseMatrixNNZ (None) in gradient.
[2026-02-05 15:28:48,554] tensorflow - Level 1 - Registering SparseMatrixZeros (None) in gradient.
[2026-02-05 15:28:48,554] tensorflow - Level 1 - Registering SparseMatrixAdd (<function _SparseMatrixAddGrad at 0x000001C02C95A8E0>) in gradient.
[2026-02-05 15:28:48,554] tensorflow - Level 1 - Registering SparseMatrixTranspose (<function _SparseMatrixTransposeGrad at 0x000001C02C95AA20>) in gradient.
[2026-02-05 15:28:48,554] tensorflow - Level 1 - Registering SparseMatrixSoftmax (<function _SparseMatrixSoftmaxGrad at 0x000001C02C95AAC0>) in gradient.
[2026-02-05 15:28:48,554] tensorflow - Level 1 - Registering SparseMatrixMatMul (<function _SparseMatrixMatMulGrad at 0x000001C02C95AB60>) in gradient.
[2026-02-05 15:28:48,554] tensorflow - Level 1 - Registering SparseMatrixSparseMatMul (<function _SparseMatrixSparseMatMulGrad at 0x000001C02C95AC00>) in gradient.
[2026-02-05 15:28:48,554] tensorflow - Level 1 - Registering SparseMatrixMul (<function _SparseMatrixMulGrad at 0x000001C02C95ACA0>) in gradient.
[2026-02-05 15:28:48,563] tensorflow - Level 1 - Registering FFT (<function _fft_grad at 0x000001C02C9947C0>) in gradient.
[2026-02-05 15:28:48,563] tensorflow - Level 1 - Registering IFFT (<function _ifft_grad at 0x000001C02C994860>) in gradient.
[2026-02-05 15:28:48,563] tensorflow - Level 1 - Registering FFT2D (<function _fft2d_grad at 0x000001C02C994900>) in gradient.
[2026-02-05 15:28:48,563] tensorflow - Level 1 - Registering IFFT2D (<function _ifft2d_grad at 0x000001C02C994A40>) in gradient.
[2026-02-05 15:28:48,563] tensorflow - Level 1 - Registering FFT3D (<function _fft3d_grad at 0x000001C02C994AE0>) in gradient.
[2026-02-05 15:28:48,563] tensorflow - Level 1 - Registering IFFT3D (<function _ifft3d_grad at 0x000001C02C994B80>) in gradient.
[2026-02-05 15:28:48,563] tensorflow - Level 1 - Registering RFFT (<function _rfft_grad_helper.<locals>._grad at 0x000001C02C994FE0>) in gradient.
[2026-02-05 15:28:48,563] tensorflow - Level 1 - Registering IRFFT (<function _irfft_grad_helper.<locals>._grad at 0x000001C02C9951C0>) in gradient.
[2026-02-05 15:28:48,563] tensorflow - Level 1 - Registering RFFT2D (<function _rfft_grad_helper.<locals>._grad at 0x000001C02C995260>) in gradient.
[2026-02-05 15:28:48,563] tensorflow - Level 1 - Registering IRFFT2D (<function _irfft_grad_helper.<locals>._grad at 0x000001C02C995300>) in gradient.
[2026-02-05 15:28:48,565] tensorflow - Level 1 - Registering GenerateVocabRemapping (None) in gradient.
[2026-02-05 15:28:48,565] tensorflow - Level 1 - Registering LoadAndRemapMatrix (None) in gradient.
[2026-02-05 15:28:48,583] tensorflow - Level 1 - Registering XlaVariadicReduce (None) in gradient.
[2026-02-05 15:28:48,586] tensorflow - Level 1 - Registering XlaSharding (<function _sharding_grad at 0x000001C02CA47CE0>) in gradient.
[2026-02-05 15:28:48,586] tensorflow - Level 1 - Registering XlaSpmdFullToShardShape (<function _spmd_full_to_shard_shape_grad at 0x000001C02CA47D80>) in gradient.
[2026-02-05 15:28:48,586] tensorflow - Level 1 - Registering XlaSpmdShardToFullShape (<function _spmd_shard_to_full_shape_grad at 0x000001C02CA47E20>) in gradient.
[2026-02-05 15:28:48,591] tensorflow - Level 1 - Registering CTCLoss (<function _CTCLossGrad at 0x000001C02CA942C0>) in gradient.
[2026-02-05 15:28:48,591] tensorflow - Level 1 - Registering CTCLossV2 (<function _CTCLossV2Grad at 0x000001C02CA94360>) in gradient.
[2026-02-05 15:28:48,591] tensorflow - Level 1 - Registering CTCGreedyDecoder (None) in gradient.
[2026-02-05 15:28:48,591] tensorflow - Level 1 - Registering CTCBeamSearchDecoder (None) in gradient.
[2026-02-05 15:28:48,599] tensorflow - Level 1 - Registering FusedBatchNormGrad (<function _FusedBatchNormGradGrad at 0x000001C02CA95DA0>) in gradient.
[2026-02-05 15:28:48,599] tensorflow - Level 1 - Registering FusedBatchNormGradV2 (<function _FusedBatchNormGradGradV2 at 0x000001C02CA95E40>) in gradient.
[2026-02-05 15:28:48,599] tensorflow - Level 1 - Registering FusedBatchNormGradV3 (<function _FusedBatchNormGradGradV3 at 0x000001C02CA96020>) in gradient.
[2026-02-05 15:28:48,603] tensorflow - Level 1 - Registering variables ((<class 'tensorflow.core.framework.variable_pb2.VariableDef'>, <function _to_proto_fn at 0x000001C02CAD60C0>, <function _from_proto_fn at 0x000001C02CAD63E0>)) in proto functions.
[2026-02-05 15:28:48,603] tensorflow - Level 1 - Registering trainable_variables ((<class 'tensorflow.core.framework.variable_pb2.VariableDef'>, <function _to_proto_fn at 0x000001C02CAD60C0>, <function _from_proto_fn at 0x000001C02CAD63E0>)) in proto functions.
[2026-02-05 15:28:48,603] tensorflow - Level 1 - Registering moving_average_variables ((<class 'tensorflow.core.framework.variable_pb2.VariableDef'>, <function _to_proto_fn at 0x000001C02CAD60C0>, <function _from_proto_fn at 0x000001C02CAD63E0>)) in proto functions.
[2026-02-05 15:28:48,603] tensorflow - Level 1 - Registering local_variables ((<class 'tensorflow.core.framework.variable_pb2.VariableDef'>, <function _to_proto_fn at 0x000001C02CAD60C0>, <function _from_proto_fn at 0x000001C02CAD63E0>)) in proto functions.
[2026-02-05 15:28:48,603] tensorflow - Level 1 - Registering model_variables ((<class 'tensorflow.core.framework.variable_pb2.VariableDef'>, <function _to_proto_fn at 0x000001C02CAD60C0>, <function _from_proto_fn at 0x000001C02CAD63E0>)) in proto functions.
[2026-02-05 15:28:48,603] tensorflow - Level 1 - Registering global_step ((<class 'tensorflow.core.framework.variable_pb2.VariableDef'>, <function _to_proto_fn at 0x000001C02CAD60C0>, <function _from_proto_fn at 0x000001C02CAD63E0>)) in proto functions.
[2026-02-05 15:28:48,603] tensorflow - Level 1 - Registering metric_variables ((<class 'tensorflow.core.framework.variable_pb2.VariableDef'>, <function _to_proto_fn at 0x000001C02CAD60C0>, <function _from_proto_fn at 0x000001C02CAD63E0>)) in proto functions.
[2026-02-05 15:28:48,608] tensorflow - Level 1 - Registering RandomCrop (None) in gradient.
[2026-02-05 15:28:48,608] tensorflow - Level 1 - Registering HSVToRGB (None) in gradient.
[2026-02-05 15:28:48,608] tensorflow - Level 1 - Registering DrawBoundingBoxes (None) in gradient.
[2026-02-05 15:28:48,608] tensorflow - Level 1 - Registering SampleDistortedBoundingBox (None) in gradient.
[2026-02-05 15:28:48,608] tensorflow - Level 1 - Registering SampleDistortedBoundingBoxV2 (None) in gradient.
[2026-02-05 15:28:48,608] tensorflow - Level 1 - Registering ExtractGlimpse (None) in gradient.
[2026-02-05 15:28:48,608] tensorflow - Level 1 - Registering NonMaxSuppression (None) in gradient.
[2026-02-05 15:28:48,608] tensorflow - Level 1 - Registering NonMaxSuppressionV2 (None) in gradient.
[2026-02-05 15:28:48,608] tensorflow - Level 1 - Registering NonMaxSuppressionWithOverlaps (None) in gradient.
[2026-02-05 15:28:48,608] tensorflow - Level 1 - Registering GenerateBoundingBoxProposals (None) in gradient.
[2026-02-05 15:28:48,619] tensorflow - Level 1 - Registering ImageProjectiveTransformV2 (<function _image_projective_transform_grad at 0x000001C02CDC6DE0>) in gradient.
[2026-02-05 15:28:48,619] tensorflow - Level 1 - Registering ImageProjectiveTransformV3 (<function _image_projective_transform_v3_grad at 0x000001C02CDC6FC0>) in gradient.
[2026-02-05 15:28:48,680] tensorflow - Level 1 - Registering savers ((<class 'tensorflow.core.protobuf.saver_pb2.SaverDef'>, <function Saver.to_proto at 0x000001C02D08E3E0>, <function Saver.from_proto at 0x000001C02D08E480>)) in proto functions.
[2026-02-05 15:28:48,696] tensorflow - Level 1 - Registering EagerPyFunc (<function _EagerPyFuncGrad at 0x000001C02D0BF060>) in gradient.
[2026-02-05 15:28:48,696] tensorflow - Level 1 - Registering PyFunc (None) in gradient.
[2026-02-05 15:28:48,696] tensorflow - Level 1 - Registering PyFuncStateless (None) in gradient.
[2026-02-05 15:28:48,696] tensorflow - Level 1 - Registering ReduceDataset (None) in gradient.
[2026-02-05 15:28:48,710] tensorflow - Level 1 - Registering tensorflow.python.data.ops.dataset_ops (<function _tf2_callback at 0x000001C02D11D4E0>) in data_v2_callbacks.
[2026-02-05 15:28:48,712] tensorflow - Level 1 - Registering _resource_resolver (<function _resource_resolver at 0x000001C02D1A60C0>) in acd_resource_resolvers.
[2026-02-05 15:28:48,728] tensorflow - Level 1 - Registering tensorflow.python.data.experimental.ops.counter (<function _tf2_callback at 0x000001C02D1A7600>) in data_v2_callbacks.
[2026-02-05 15:28:48,728] tensorflow - Level 1 - Registering tensorflow.python.data.ops.readers (<function _tf2_callback at 0x000001C02D1A6CA0>) in data_v2_callbacks.
[2026-02-05 15:28:48,728] tensorflow - Level 1 - Registering tensorflow.python.data.experimental.ops.interleave_ops (<function _tf2_callback at 0x000001C02D1B6FC0>) in data_v2_callbacks.
[2026-02-05 15:28:48,759] tensorflow - Level 1 - Registering tensorflow.python.data.experimental.ops.random_ops (<function _tf2_callback at 0x000001C02D27A160>) in data_v2_callbacks.
[2026-02-05 15:28:48,759] tensorflow - Level 1 - Registering tensorflow.python.data.experimental.ops.readers (<function _tf2_callback at 0x000001C02D27BA60>) in data_v2_callbacks.
[2026-02-05 15:28:48,871] tensorflow - Level 1 - Registering tpu_replicated_input_resolver (<function tpu_replicated_input_resolver at 0x000001C02D4DFA60>) in acd_resource_resolvers.
[2026-02-05 15:28:48,887] tensorflow - DEBUG - Falling back to TensorFlow client; we recommended you install the Cloud TPU client directly with pip install cloud-tpu-client.
[2026-02-05 15:28:48,973] tensorflow - Level 1 - Registering queue_runners ((<class 'tensorflow.core.protobuf.queue_runner_pb2.QueueRunnerDef'>, <function QueueRunner.to_proto at 0x000001C02D716480>, <function QueueRunner.from_proto at 0x000001C02D716520>)) in proto functions.
[2026-02-05 15:28:49,409] h5py._conv - DEBUG - Creating converter from 7 to 5
[2026-02-05 15:28:49,409] h5py._conv - DEBUG - Creating converter from 5 to 7
[2026-02-05 15:28:49,409] h5py._conv - DEBUG - Creating converter from 7 to 5
[2026-02-05 15:28:49,409] h5py._conv - DEBUG - Creating converter from 5 to 7
[2026-02-05 15:28:49,536] tensorflow - Level 1 - Registering DebugGradientIdentity (<function _identify_gradient_grad at 0x000001C02E182DE0>) in gradient.
[2026-02-05 15:28:49,536] tensorflow - Level 1 - Registering DebugGradientRefIdentity (<function _identify_gradient_grad_ref at 0x000001C02E182E80>) in gradient.
[2026-02-05 15:28:49,567] tensorflow - Level 1 - Registering DebugIdentityV2 (<function _debug_identity_v2_grad at 0x000001C02E1FE200>) in gradient.
[2026-02-05 15:28:49,757] tensorflow - Level 1 - Registering AudioMicrofrontend (None) in gradient.
[2026-02-05 15:28:49,804] tensorflow - Level 1 - Registering Reciprocal,flops (<function _reciprocal_flops at 0x000001C02F793B00>) in statistical functions.
[2026-02-05 15:28:49,804] tensorflow - Level 1 - Registering Square,flops (<function _square_flops at 0x000001C02F793BA0>) in statistical functions.
[2026-02-05 15:28:49,820] tensorflow - Level 1 - Registering Rsqrt,flops (<function _rsqrt_flops at 0x000001C02F793CE0>) in statistical functions.
[2026-02-05 15:28:49,820] tensorflow - Level 1 - Registering Log,flops (<function _log_flops at 0x000001C02F793C40>) in statistical functions.
[2026-02-05 15:28:49,820] tensorflow - Level 1 - Registering Neg,flops (<function _neg_flops at 0x000001C02F793D80>) in statistical functions.
[2026-02-05 15:28:49,820] tensorflow - Level 1 - Registering AssignSub,flops (<function _assign_sub_flops at 0x000001C02F793E20>) in statistical functions.
[2026-02-05 15:28:49,820] tensorflow - Level 1 - Registering AssignAdd,flops (<function _assign_add_flops at 0x000001C02F793EC0>) in statistical functions.
[2026-02-05 15:28:49,820] tensorflow - Level 1 - Registering L2Loss,flops (<function _l2_loss_flops at 0x000001C02F793F60>) in statistical functions.
[2026-02-05 15:28:49,820] tensorflow - Level 1 - Registering Softmax,flops (<function _softmax_flops at 0x000001C02F7D0040>) in statistical functions.
[2026-02-05 15:28:49,820] tensorflow - Level 1 - Registering AddV2,flops (<function _add_flops at 0x000001C02F7D0180>) in statistical functions.
[2026-02-05 15:28:49,820] tensorflow - Level 1 - Registering Add,flops (<function _add_flops at 0x000001C02F7D0180>) in statistical functions.
[2026-02-05 15:28:49,820] tensorflow - Level 1 - Registering Sub,flops (<function _sub_flops at 0x000001C02F7D0220>) in statistical functions.
[2026-02-05 15:28:49,820] tensorflow - Level 1 - Registering Mul,flops (<function _mul_flops at 0x000001C02F7D02C0>) in statistical functions.
[2026-02-05 15:28:49,820] tensorflow - Level 1 - Registering RealDiv,flops (<function _real_div_flops at 0x000001C02F7D0360>) in statistical functions.
[2026-02-05 15:28:49,820] tensorflow - Level 1 - Registering Maximum,flops (<function _maximum_flops at 0x000001C02F7D0400>) in statistical functions.
[2026-02-05 15:28:49,820] tensorflow - Level 1 - Registering Minimum,flops (<function _minimum_flops at 0x000001C02F7D04A0>) in statistical functions.
[2026-02-05 15:28:49,820] tensorflow - Level 1 - Registering Pow,flops (<function _pow_flops at 0x000001C02F7D0540>) in statistical functions.
[2026-02-05 15:28:49,820] tensorflow - Level 1 - Registering RsqrtGrad,flops (<function _rsqrt_grad_flops at 0x000001C02F7D05E0>) in statistical functions.
[2026-02-05 15:28:49,820] tensorflow - Level 1 - Registering GreaterEqual,flops (<function _greater_equal_flops at 0x000001C02F7D0680>) in statistical functions.
[2026-02-05 15:28:49,820] tensorflow - Level 1 - Registering Greater,flops (<function _greater_flops at 0x000001C02F7D0720>) in statistical functions.
[2026-02-05 15:28:49,820] tensorflow - Level 1 - Registering LessEqual,flops (<function _less_equal_flops at 0x000001C02F7D07C0>) in statistical functions.
[2026-02-05 15:28:49,820] tensorflow - Level 1 - Registering Less,flops (<function _less_flops at 0x000001C02F7D0860>) in statistical functions.
[2026-02-05 15:28:49,820] tensorflow - Level 1 - Registering Equal,flops (<function _equal_flops at 0x000001C02F7D0900>) in statistical functions.
[2026-02-05 15:28:49,820] tensorflow - Level 1 - Registering NotEqual,flops (<function _not_equal_flops at 0x000001C02F7D09A0>) in statistical functions.
[2026-02-05 15:28:49,820] tensorflow - Level 1 - Registering SquaredDifference,flops (<function _squared_difference_flops at 0x000001C02F7D0A40>) in statistical functions.
[2026-02-05 15:28:49,820] tensorflow - Level 1 - Registering Mean,flops (<function _mean_flops at 0x000001C02F7D0B80>) in statistical functions.
[2026-02-05 15:28:49,820] tensorflow - Level 1 - Registering Sum,flops (<function _sum_flops at 0x000001C02F7D0C20>) in statistical functions.
[2026-02-05 15:28:49,820] tensorflow - Level 1 - Registering ArgMax,flops (<function _arg_max_flops at 0x000001C02F7D0CC0>) in statistical functions.
[2026-02-05 15:28:49,820] tensorflow - Level 1 - Registering ArgMin,flops (<function _arg_min_flops at 0x000001C02F7D0D60>) in statistical functions.
[2026-02-05 15:28:49,820] tensorflow - Level 1 - Registering BiasAddGrad,flops (<function _bias_add_grad_flops at 0x000001C02F7D0E00>) in statistical functions.
[2026-02-05 15:28:49,820] tensorflow - Level 1 - Registering AvgPool,flops (<function _avg_pool_flops at 0x000001C02F7D0FE0>) in statistical functions.
[2026-02-05 15:28:49,820] tensorflow - Level 1 - Registering MaxPool,flops (<function _max_pool_flops at 0x000001C02F7D1080>) in statistical functions.
[2026-02-05 15:28:49,820] tensorflow - Level 1 - Registering AvgPoolGrad,flops (<function _avg_pool_grad_flops at 0x000001C02F7D1120>) in statistical functions.
[2026-02-05 15:28:49,820] tensorflow - Level 1 - Registering MaxPoolGrad,flops (<function _max_pool_grad_flops at 0x000001C02F7D11C0>) in statistical functions.
[2026-02-05 15:28:49,820] tensorflow - Level 1 - Registering Conv2DBackpropInput,flops (<function _conv_2d_backprop_input_flops at 0x000001C02F7D1260>) in statistical functions.
[2026-02-05 15:28:49,820] tensorflow - Level 1 - Registering Conv2DBackpropFilter,flops (<function _conv_2d_backprop_filter_flops at 0x000001C02F7D1300>) in statistical functions.
[2026-02-05 15:28:49,820] tensorflow - Level 1 - Registering AddN,flops (<function _add_n_flops at 0x000001C02F7D13A0>) in statistical functions.
[2026-02-05 15:28:49,820] tensorflow - Level 1 - Registering MatMul,flops (<function _calc_mat_mul_flops at 0x000001C02F7D1440>) in statistical functions.
[2026-02-05 15:28:49,820] tensorflow - Level 1 - Registering BatchMatMulV3,flops (<function _calc_batch_mat_mul_flops at 0x000001C02F7D14E0>) in statistical functions.
[2026-02-05 15:28:49,820] tensorflow - Level 1 - Registering BatchMatMulV2,flops (<function _calc_batch_mat_mul_flops at 0x000001C02F7D14E0>) in statistical functions.
[2026-02-05 15:28:49,820] tensorflow - Level 1 - Registering BatchMatMul,flops (<function _calc_batch_mat_mul_flops at 0x000001C02F7D14E0>) in statistical functions.
[2026-02-05 15:28:50,245] tensorflow - Level 1 - Enabling eager execution
[2026-02-05 15:28:50,245] tensorflow - Level 1 - Enabling v2 tensorshape
[2026-02-05 15:28:50,245] tensorflow - Level 1 - Enabling resource variables
[2026-02-05 15:28:50,245] tensorflow - Level 1 - Enabling tensor equality
[2026-02-05 15:28:50,245] tensorflow - Level 1 - Enabling control flow v2
[2026-02-05 15:28:50,761] matplotlib - DEBUG - matplotlib data path: C:\Users\BS\anaconda3\Lib\site-packages\matplotlib\mpl-data
[2026-02-05 15:28:50,761] matplotlib - DEBUG - CONFIGDIR=C:\Users\BS\.matplotlib
[2026-02-05 15:28:50,761] matplotlib - DEBUG - interactive is False
[2026-02-05 15:28:50,761] matplotlib - DEBUG - platform is win32
[2026-02-05 15:28:50,851] matplotlib - DEBUG - CACHEDIR=C:\Users\BS\.matplotlib
[2026-02-05 15:28:50,851] matplotlib.font_manager - DEBUG - Using fontManager instance from C:\Users\BS\.matplotlib\fontlist-v390.json
[2026-02-05 15:28:58,584] tensorflow - WARNING - From C:\Users\BS\anaconda3\Lib\site-packages\tf_keras\src\losses.py:2976: The name tf.losses.sparse_softmax_cross_entropy is deprecated. Please use tf.compat.v1.losses.sparse_softmax_cross_entropy instead.

